Challenge: CGC_Symbol_Viewer_CSV
	--Tests Run: 3
	--Failures: 0 
	--Errors: 0 []
Challenge: chess_mimic
	--Tests Run: 3
	--Failures: 0 
	--Errors: 0 []
Challenge: Scrum_Database
	--Tests Run: 3
	--Failures: 0 
	--Errors: 0 []
Challenge: Casino_Games
	--Tests Run: 3
	--Failures: 0 
	--Errors: 0 []
Challenge: FSK_BBS
	--Tests Run: 3
	--Failures: 1 (<__main__.TestOperations testMethod=test_pov>, 'Traceback (most recent call last):\n  File "./src/unit_test.py", line 113, in test_pov\n    self.assertEqual(result, f"n{i+1} 0")\nAssertionError: \'n2 1\' != \'n2 0\'\n- n2 1\n?    ^\n+ n2 0\n?    ^\n\n')
	--Errors: 0 []
Challenge: BitBlaster
	--Tests Run: 3
	--Failures: 0 
	--Errors: 0 []
Challenge: AIS-Lite
	--Tests Run: 3
	--Failures: 0 
	--Errors: 0 []
Challenge: FUN
	--Tests Run: 3
	--Failures: 0 
	--Errors: 0 []
Challenge: Divelogger2
	--Tests Run: 3
	--Failures: 0 
	--Errors: 0 []
Challenge: SFTSCBSISS
	--Tests Run: 3
	--Failures: 0 
	--Errors: 0 []
Challenge: SPIFFS
	--Tests Run: 3
	--Failures: 0 
	--Errors: 0 []
Challenge: Diophantine_Password_Wallet
	--Tests Run: 3
	--Failures: 0 
	--Errors: 0 []
Challenge: Movie_Rental_Service_Redux
	--Tests Run: 3
	--Failures: 0 
	--Errors: 0 []
Challenge: HackMan
	--Tests Run: 3
	--Failures: 0 
	--Errors: 0 []
Challenge: CGC_File_System
	--Tests Run: 3
	--Failures: 0 
	--Errors: 0 []
Challenge: FablesReport
	--Tests Run: 3
	--Failures: 0 
	--Errors: 0 []
Challenge: TextSearch
	--Tests Run: 3
	--Failures: 1 (<__main__.TestOperations testMethod=test_pov>, 'Traceback (most recent call last):\n  File "./src/unit_test.py", line 113, in test_pov\n    self.assertEqual(result, f"n{i+1} 0")\nAssertionError: \'n2 1\' != \'n2 0\'\n- n2 1\n?    ^\n+ n2 0\n?    ^\n\n')
	--Errors: 0 []
Challenge: Square_Rabbit
	--Tests Run: 3
	--Failures: 0 
	--Errors: 0 []
Challenge: FSK_Messaging_Service
	--Tests Run: 3
	--Failures: 0 
	--Errors: 0 []
Challenge: ASL6parse
	--Tests Run: 3
	--Failures: 1 (<__main__.TestOperations testMethod=test_pov>, 'Traceback (most recent call last):\n  File "./src/unit_test.py", line 113, in test_pov\n    self.assertEqual(result, f"n{i+1} 0")\nAssertionError: \'n1 1\' != \'n1 0\'\n- n1 1\n?    ^\n+ n1 0\n?    ^\n\n')
	--Errors: 0 []
Challenge: middleware_handshake
	--Tests Run: 3
	--Failures: 0 
	--Errors: 0 []
Challenge: SLUR_reference_implementation
	--Tests Run: 3
	--Failures: 0 
	--Errors: 0 []
Challenge: ValveChecks
	--Tests Run: 3
	--Failures: 1 (<__main__.TestOperations testMethod=test_pov>, 'Traceback (most recent call last):\n  File "./src/unit_test.py", line 113, in test_pov\n    self.assertEqual(result, f"n{i+1} 0")\nAssertionError: \'n1 1\' != \'n1 0\'\n- n1 1\n?    ^\n+ n1 0\n?    ^\n\n')
	--Errors: 0 []
Challenge: Dive_Logger
	--Tests Run: 3
	--Failures: 0 
	--Errors: 0 []
Challenge: root64_and_parcour
	--Tests Run: 3
	--Failures: 0 
	--Errors: 0 []
Challenge: Particle_Simulator
	--Tests Run: 3
	--Failures: 0 
	--Errors: 0 []
Challenge: Space_Attackers
	--Tests Run: 3
	--Failures: 0 
	--Errors: 0 []
Challenge: SOLFEDGE
	--Tests Run: 3
	--Failures: 0 
	--Errors: 0 []
Challenge: Loud_Square_Instant_Messaging_Protocol_LSIMP
	--Tests Run: 3
	--Failures: 0 
	--Errors: 0 []
Challenge: humaninterface
	--Tests Run: 3
	--Failures: 0 
	--Errors: 0 []
Challenge: stream_vm
	--Tests Run: 3
	--Failures: 0 
	--Errors: 0 []
Challenge: simplenote
	--Tests Run: 3
	--Failures: 0 
	--Errors: 0 []
Challenge: stream_vm2
	--Tests Run: 3
	--Failures: 0 
	--Errors: 0 []
Challenge: Stock_Exchange_Simulator
	--Tests Run: 3
	--Failures: 0 
	--Errors: 0 []
Challenge: XStore
	--Tests Run: 3
	--Failures: 0 
	--Errors: 0 []
Challenge: Mathematical_Solver
	--Tests Run: 3
	--Failures: 0 
	--Errors: 0 []
Challenge: Audio_Visualizer
	--Tests Run: 3
	--Failures: 0 
	--Errors: 0 []
Challenge: Gridder
	--Tests Run: 3
	--Failures: 0 
	--Errors: 0 []
Challenge: basic_messaging
	--Tests Run: 3
	--Failures: 0 
	--Errors: 0 []
Challenge: Sad_Face_Template_Engine_SFTE
	--Tests Run: 3
	--Failures: 0 
	--Errors: 0 []
Challenge: expression_database
	--Tests Run: 3
	--Failures: 0 
	--Errors: 0 []
Challenge: Simple_Stack_Machine
	--Tests Run: 3
	--Failures: 0 
	--Errors: 0 []
Challenge: online_job_application2
	--Tests Run: 3
	--Failures: 0 
	--Errors: 0 []
Challenge: Email_System_2
	--Tests Run: 3
	--Failures: 0 
	--Errors: 0 []
Challenge: BudgIT
	--Tests Run: 3
	--Failures: 0 
	--Errors: 0 []
Challenge: Message_Service
	--Tests Run: 3
	--Failures: 0 
	--Errors: 0 []
Challenge: FileSys
	--Tests Run: 3
	--Failures: 0 
	--Errors: 0 []
Challenge: cotton_swab_arithmetic
	--Tests Run: 3
	--Failures: 0 
	--Errors: 0 []
Challenge: hawaii_sets
	--Tests Run: 3
	--Failures: 0 
	--Errors: 0 []
Challenge: The_Longest_Road
	--Tests Run: 3
	--Failures: 0 
	--Errors: 0 []
Challenge: RAM_based_filesystem
	--Tests Run: 3
	--Failures: 0 
	--Errors: 0 []
Challenge: Movie_Rental_Service
	--Tests Run: 3
	--Failures: 0 
	--Errors: 0 []
Challenge: router_simulator
	--Tests Run: 3
	--Failures: 1 (<__main__.TestOperations testMethod=test_pov>, 'Traceback (most recent call last):\n  File "./src/unit_test.py", line 113, in test_pov\n    self.assertEqual(result, f"n{i+1} 0")\nAssertionError: \'n2 1\' != \'n2 0\'\n- n2 1\n?    ^\n+ n2 0\n?    ^\n\n')
	--Errors: 0 []
Challenge: Street_map_service
	--Tests Run: 3
	--Failures: 0 
	--Errors: 0 []
Challenge: WordCompletion
	--Tests Run: 3
	--Failures: 0 
	--Errors: 0 []
Challenge: Single-Sign-On
	--Tests Run: 3
	--Failures: 0 
	--Errors: 0 []
Challenge: HIGHCOO
	--Tests Run: 3
	--Failures: 0 
	--Errors: 0 []
Challenge: Griswold
	--Tests Run: 3
	--Failures: 1 (<__main__.TestOperations testMethod=test_pov>, 'Traceback (most recent call last):\n  File "./src/unit_test.py", line 113, in test_pov\n    self.assertEqual(result, f"n{i+1} 0")\nAssertionError: \'n3 1\' != \'n3 0\'\n- n3 1\n?    ^\n+ n3 0\n?    ^\n\n')
	--Errors: 0 []
Challenge: ShoutCTF
	--Tests Run: 3
	--Failures: 0 
	--Errors: 0 []
Challenge: QuadtreeConways
	--Tests Run: 3
	--Failures: 0 
	--Errors: 0 []
Challenge: TAINTEDLOVE
	--Tests Run: 3
	--Failures: 1 (<__main__.TestOperations testMethod=test_pov>, 'Traceback (most recent call last):\n  File "./src/unit_test.py", line 113, in test_pov\n    self.assertEqual(result, f"n{i+1} 0")\nAssertionError: \'n1 1\' != \'n1 0\'\n- n1 1\n?    ^\n+ n1 0\n?    ^\n\n')
	--Errors: 0 []
Challenge: netstorage
	--Tests Run: 3
	--Failures: 0 
	--Errors: 0 []
Challenge: Grit
	--Tests Run: 3
	--Failures: 0 
	--Errors: 0 []
Challenge: PCM_Message_decoder
	--Tests Run: 3
	--Failures: 1 (<__main__.TestOperations testMethod=test_pov>, 'Traceback (most recent call last):\n  File "./src/unit_test.py", line 113, in test_pov\n    self.assertEqual(result, f"n{i+1} 0")\nAssertionError: \'n1 1\' != \'n1 0\'\n- n1 1\n?    ^\n+ n1 0\n?    ^\n\n')
	--Errors: 0 []
Challenge: CGC_Video_Format_Parser_and_Viewer
	--Tests Run: 3
	--Failures: 0 
	--Errors: 0 []
Challenge: basic_emulator
	--Tests Run: 3
	--Failures: 0 
	--Errors: 0 []
Challenge: LMS
	--Tests Run: 3
	--Failures: 0 
	--Errors: 0 []
Challenge: Filesystem_Command_Shell
	--Tests Run: 3
	--Failures: 1 (<__main__.TestOperations testMethod=test_pov>, 'Traceback (most recent call last):\n  File "./src/unit_test.py", line 113, in test_pov\n    self.assertEqual(result, f"n{i+1} 0")\nAssertionError: \'n1 1\' != \'n1 0\'\n- n1 1\n?    ^\n+ n1 0\n?    ^\n\n')
	--Errors: 0 []
Challenge: Diary_Parser
	--Tests Run: 3
	--Failures: 1 (<__main__.TestOperations testMethod=test_pov>, 'Traceback (most recent call last):\n  File "./src/unit_test.py", line 113, in test_pov\n    self.assertEqual(result, f"n{i+1} 0")\nAssertionError: \'n2 1\' != \'n2 0\'\n- n2 1\n?    ^\n+ n2 0\n?    ^\n\n')
	--Errors: 0 []
Challenge: AIS-Lite
	--Tests Run: 5
	--Failures: 1 (<__main__.TestOperations testMethod=test_pov>, 'Traceback (most recent call last):\n  File "./src/unit_test.py", line 106, in test_pov\n    self.assertEqual(se.exception.code, 1)\nAssertionError: 0 != 1\n')
	--Errors: 0 []
Challenge: ASL6parse
	--Tests Run: 5
	--Failures: 1 (<__main__.TestOperations testMethod=test_pov>, 'Traceback (most recent call last):\n  File "./src/unit_test.py", line 106, in test_pov\n    self.assertEqual(se.exception.code, 1)\nAssertionError: 0 != 1\n')
	--Errors: 0 []
Challenge: AIS-Lite
	--Tests Run: 5
	--Failures: 0 
	--Errors: 5 [(<__main__.TestOperations testMethod=test_agenpolls>, 'Traceback (most recent call last):\n  File "./src/unit_test.py", line 33, in test_agenpolls\n    verbose=True)\n  File "/home/epicosy/thesis/implementation/repair/SecureThemAll/benchmark/cb-repair/src/operations/simple/genpolls.py", line 12, in __init__\n    super().__init__(**kwargs)\nTypeError: __init__() missing 1 required positional argument: \'challenge\'\n'), (<__main__.TestOperations testMethod=test_checkout>, 'Traceback (most recent call last):\n  File "./src/unit_test.py", line 43, in test_checkout\n    verbose=True)\n  File "/home/epicosy/thesis/implementation/repair/SecureThemAll/benchmark/cb-repair/src/operations/checkout.py", line 16, in __init__\n    super().__init__(**kwargs)\n  File "/home/epicosy/thesis/implementation/repair/SecureThemAll/benchmark/cb-repair/src/core/operation.py", line 13, in __init__\n    super().__init__(**kwargs)\nTypeError: __init__() missing 1 required positional argument: \'challenge\'\n'), (<__main__.TestOperations testMethod=test_compile>, 'Traceback (most recent call last):\n  File "./src/unit_test.py", line 57, in test_compile\n    fix_files=None)\n  File "/home/epicosy/thesis/implementation/repair/SecureThemAll/benchmark/cb-repair/src/operations/compile.py", line 19, in __init__\n    super().__init__(**kwargs)\n  File "/home/epicosy/thesis/implementation/repair/SecureThemAll/benchmark/cb-repair/src/core/operation.py", line 13, in __init__\n    super().__init__(**kwargs)\nTypeError: __init__() missing 1 required positional argument: \'challenge\'\n'), (<__main__.TestOperations testMethod=test_poll>, 'Traceback (most recent call last):\n  File "./src/unit_test.py", line 78, in test_poll\n    neg_tests=None)\n  File "/home/epicosy/thesis/implementation/repair/SecureThemAll/benchmark/cb-repair/src/operations/test.py", line 22, in __init__\n    super().__init__(**kwargs)\n  File "/home/epicosy/thesis/implementation/repair/SecureThemAll/benchmark/cb-repair/src/core/operation.py", line 13, in __init__\n    super().__init__(**kwargs)\nTypeError: __init__() missing 1 required positional argument: \'challenge\'\n'), (<__main__.TestOperations testMethod=test_pov>, 'Traceback (most recent call last):\n  File "./src/unit_test.py", line 103, in test_pov\n    neg_tests=True)\n  File "/home/epicosy/thesis/implementation/repair/SecureThemAll/benchmark/cb-repair/src/operations/test.py", line 22, in __init__\n    super().__init__(**kwargs)\n  File "/home/epicosy/thesis/implementation/repair/SecureThemAll/benchmark/cb-repair/src/core/operation.py", line 13, in __init__\n    super().__init__(**kwargs)\nTypeError: __init__() missing 1 required positional argument: \'challenge\'\n')]
Challenge: ASL6parse
	--Tests Run: 5
	--Failures: 0 
	--Errors: 5 [(<__main__.TestOperations testMethod=test_agenpolls>, 'Traceback (most recent call last):\n  File "./src/unit_test.py", line 33, in test_agenpolls\n    verbose=True)\n  File "/home/epicosy/thesis/implementation/repair/SecureThemAll/benchmark/cb-repair/src/operations/simple/genpolls.py", line 12, in __init__\n    super().__init__(**kwargs)\nTypeError: __init__() missing 1 required positional argument: \'challenge\'\n'), (<__main__.TestOperations testMethod=test_checkout>, 'Traceback (most recent call last):\n  File "./src/unit_test.py", line 43, in test_checkout\n    verbose=True)\n  File "/home/epicosy/thesis/implementation/repair/SecureThemAll/benchmark/cb-repair/src/operations/checkout.py", line 16, in __init__\n    super().__init__(**kwargs)\n  File "/home/epicosy/thesis/implementation/repair/SecureThemAll/benchmark/cb-repair/src/core/operation.py", line 13, in __init__\n    super().__init__(**kwargs)\nTypeError: __init__() missing 1 required positional argument: \'challenge\'\n'), (<__main__.TestOperations testMethod=test_compile>, 'Traceback (most recent call last):\n  File "./src/unit_test.py", line 57, in test_compile\n    fix_files=None)\n  File "/home/epicosy/thesis/implementation/repair/SecureThemAll/benchmark/cb-repair/src/operations/compile.py", line 19, in __init__\n    super().__init__(**kwargs)\n  File "/home/epicosy/thesis/implementation/repair/SecureThemAll/benchmark/cb-repair/src/core/operation.py", line 13, in __init__\n    super().__init__(**kwargs)\nTypeError: __init__() missing 1 required positional argument: \'challenge\'\n'), (<__main__.TestOperations testMethod=test_poll>, 'Traceback (most recent call last):\n  File "./src/unit_test.py", line 78, in test_poll\n    neg_tests=None)\n  File "/home/epicosy/thesis/implementation/repair/SecureThemAll/benchmark/cb-repair/src/operations/test.py", line 22, in __init__\n    super().__init__(**kwargs)\n  File "/home/epicosy/thesis/implementation/repair/SecureThemAll/benchmark/cb-repair/src/core/operation.py", line 13, in __init__\n    super().__init__(**kwargs)\nTypeError: __init__() missing 1 required positional argument: \'challenge\'\n'), (<__main__.TestOperations testMethod=test_pov>, 'Traceback (most recent call last):\n  File "./src/unit_test.py", line 103, in test_pov\n    neg_tests=True)\n  File "/home/epicosy/thesis/implementation/repair/SecureThemAll/benchmark/cb-repair/src/operations/test.py", line 22, in __init__\n    super().__init__(**kwargs)\n  File "/home/epicosy/thesis/implementation/repair/SecureThemAll/benchmark/cb-repair/src/core/operation.py", line 13, in __init__\n    super().__init__(**kwargs)\nTypeError: __init__() missing 1 required positional argument: \'challenge\'\n')]
Challenge: Audio_Visualizer
	--Tests Run: 5
	--Failures: 0 
	--Errors: 5 [(<__main__.TestOperations testMethod=test_agenpolls>, 'Traceback (most recent call last):\n  File "./src/unit_test.py", line 33, in test_agenpolls\n    verbose=True)\n  File "/home/epicosy/thesis/implementation/repair/SecureThemAll/benchmark/cb-repair/src/operations/simple/genpolls.py", line 12, in __init__\n    super().__init__(**kwargs)\nTypeError: __init__() missing 1 required positional argument: \'challenge\'\n'), (<__main__.TestOperations testMethod=test_checkout>, 'Traceback (most recent call last):\n  File "./src/unit_test.py", line 43, in test_checkout\n    verbose=True)\n  File "/home/epicosy/thesis/implementation/repair/SecureThemAll/benchmark/cb-repair/src/operations/checkout.py", line 16, in __init__\n    super().__init__(**kwargs)\n  File "/home/epicosy/thesis/implementation/repair/SecureThemAll/benchmark/cb-repair/src/core/operation.py", line 13, in __init__\n    super().__init__(**kwargs)\nTypeError: __init__() missing 1 required positional argument: \'challenge\'\n'), (<__main__.TestOperations testMethod=test_compile>, 'Traceback (most recent call last):\n  File "./src/unit_test.py", line 57, in test_compile\n    fix_files=None)\n  File "/home/epicosy/thesis/implementation/repair/SecureThemAll/benchmark/cb-repair/src/operations/compile.py", line 19, in __init__\n    super().__init__(**kwargs)\n  File "/home/epicosy/thesis/implementation/repair/SecureThemAll/benchmark/cb-repair/src/core/operation.py", line 13, in __init__\n    super().__init__(**kwargs)\nTypeError: __init__() missing 1 required positional argument: \'challenge\'\n'), (<__main__.TestOperations testMethod=test_poll>, 'Traceback (most recent call last):\n  File "./src/unit_test.py", line 78, in test_poll\n    neg_tests=None)\n  File "/home/epicosy/thesis/implementation/repair/SecureThemAll/benchmark/cb-repair/src/operations/test.py", line 22, in __init__\n    super().__init__(**kwargs)\n  File "/home/epicosy/thesis/implementation/repair/SecureThemAll/benchmark/cb-repair/src/core/operation.py", line 13, in __init__\n    super().__init__(**kwargs)\nTypeError: __init__() missing 1 required positional argument: \'challenge\'\n'), (<__main__.TestOperations testMethod=test_pov>, 'Traceback (most recent call last):\n  File "./src/unit_test.py", line 103, in test_pov\n    neg_tests=True)\n  File "/home/epicosy/thesis/implementation/repair/SecureThemAll/benchmark/cb-repair/src/operations/test.py", line 22, in __init__\n    super().__init__(**kwargs)\n  File "/home/epicosy/thesis/implementation/repair/SecureThemAll/benchmark/cb-repair/src/core/operation.py", line 13, in __init__\n    super().__init__(**kwargs)\nTypeError: __init__() missing 1 required positional argument: \'challenge\'\n')]
Challenge: BitBlaster
	--Tests Run: 5
	--Failures: 0 
	--Errors: 5 [(<__main__.TestOperations testMethod=test_agenpolls>, 'Traceback (most recent call last):\n  File "./src/unit_test.py", line 33, in test_agenpolls\n    verbose=True)\n  File "/home/epicosy/thesis/implementation/repair/SecureThemAll/benchmark/cb-repair/src/operations/simple/genpolls.py", line 12, in __init__\n    super().__init__(**kwargs)\nTypeError: __init__() missing 1 required positional argument: \'challenge\'\n'), (<__main__.TestOperations testMethod=test_checkout>, 'Traceback (most recent call last):\n  File "./src/unit_test.py", line 43, in test_checkout\n    verbose=True)\n  File "/home/epicosy/thesis/implementation/repair/SecureThemAll/benchmark/cb-repair/src/operations/checkout.py", line 16, in __init__\n    super().__init__(**kwargs)\n  File "/home/epicosy/thesis/implementation/repair/SecureThemAll/benchmark/cb-repair/src/core/operation.py", line 13, in __init__\n    super().__init__(**kwargs)\nTypeError: __init__() missing 1 required positional argument: \'challenge\'\n'), (<__main__.TestOperations testMethod=test_compile>, 'Traceback (most recent call last):\n  File "./src/unit_test.py", line 57, in test_compile\n    fix_files=None)\n  File "/home/epicosy/thesis/implementation/repair/SecureThemAll/benchmark/cb-repair/src/operations/compile.py", line 19, in __init__\n    super().__init__(**kwargs)\n  File "/home/epicosy/thesis/implementation/repair/SecureThemAll/benchmark/cb-repair/src/core/operation.py", line 13, in __init__\n    super().__init__(**kwargs)\nTypeError: __init__() missing 1 required positional argument: \'challenge\'\n'), (<__main__.TestOperations testMethod=test_poll>, 'Traceback (most recent call last):\n  File "./src/unit_test.py", line 78, in test_poll\n    neg_tests=None)\n  File "/home/epicosy/thesis/implementation/repair/SecureThemAll/benchmark/cb-repair/src/operations/test.py", line 22, in __init__\n    super().__init__(**kwargs)\n  File "/home/epicosy/thesis/implementation/repair/SecureThemAll/benchmark/cb-repair/src/core/operation.py", line 13, in __init__\n    super().__init__(**kwargs)\nTypeError: __init__() missing 1 required positional argument: \'challenge\'\n'), (<__main__.TestOperations testMethod=test_pov>, 'Traceback (most recent call last):\n  File "./src/unit_test.py", line 103, in test_pov\n    neg_tests=True)\n  File "/home/epicosy/thesis/implementation/repair/SecureThemAll/benchmark/cb-repair/src/operations/test.py", line 22, in __init__\n    super().__init__(**kwargs)\n  File "/home/epicosy/thesis/implementation/repair/SecureThemAll/benchmark/cb-repair/src/core/operation.py", line 13, in __init__\n    super().__init__(**kwargs)\nTypeError: __init__() missing 1 required positional argument: \'challenge\'\n')]
Challenge: BudgIT
	--Tests Run: 5
	--Failures: 0 
	--Errors: 5 [(<__main__.TestOperations testMethod=test_agenpolls>, 'Traceback (most recent call last):\n  File "./src/unit_test.py", line 33, in test_agenpolls\n    verbose=True)\n  File "/home/epicosy/thesis/implementation/repair/SecureThemAll/benchmark/cb-repair/src/operations/simple/genpolls.py", line 12, in __init__\n    super().__init__(**kwargs)\nTypeError: __init__() missing 1 required positional argument: \'challenge\'\n'), (<__main__.TestOperations testMethod=test_checkout>, 'Traceback (most recent call last):\n  File "./src/unit_test.py", line 43, in test_checkout\n    verbose=True)\n  File "/home/epicosy/thesis/implementation/repair/SecureThemAll/benchmark/cb-repair/src/operations/checkout.py", line 16, in __init__\n    super().__init__(**kwargs)\n  File "/home/epicosy/thesis/implementation/repair/SecureThemAll/benchmark/cb-repair/src/core/operation.py", line 13, in __init__\n    super().__init__(**kwargs)\nTypeError: __init__() missing 1 required positional argument: \'challenge\'\n'), (<__main__.TestOperations testMethod=test_compile>, 'Traceback (most recent call last):\n  File "./src/unit_test.py", line 57, in test_compile\n    fix_files=None)\n  File "/home/epicosy/thesis/implementation/repair/SecureThemAll/benchmark/cb-repair/src/operations/compile.py", line 19, in __init__\n    super().__init__(**kwargs)\n  File "/home/epicosy/thesis/implementation/repair/SecureThemAll/benchmark/cb-repair/src/core/operation.py", line 13, in __init__\n    super().__init__(**kwargs)\nTypeError: __init__() missing 1 required positional argument: \'challenge\'\n'), (<__main__.TestOperations testMethod=test_poll>, 'Traceback (most recent call last):\n  File "./src/unit_test.py", line 78, in test_poll\n    neg_tests=None)\n  File "/home/epicosy/thesis/implementation/repair/SecureThemAll/benchmark/cb-repair/src/operations/test.py", line 22, in __init__\n    super().__init__(**kwargs)\n  File "/home/epicosy/thesis/implementation/repair/SecureThemAll/benchmark/cb-repair/src/core/operation.py", line 13, in __init__\n    super().__init__(**kwargs)\nTypeError: __init__() missing 1 required positional argument: \'challenge\'\n'), (<__main__.TestOperations testMethod=test_pov>, 'Traceback (most recent call last):\n  File "./src/unit_test.py", line 103, in test_pov\n    neg_tests=True)\n  File "/home/epicosy/thesis/implementation/repair/SecureThemAll/benchmark/cb-repair/src/operations/test.py", line 22, in __init__\n    super().__init__(**kwargs)\n  File "/home/epicosy/thesis/implementation/repair/SecureThemAll/benchmark/cb-repair/src/core/operation.py", line 13, in __init__\n    super().__init__(**kwargs)\nTypeError: __init__() missing 1 required positional argument: \'challenge\'\n')]
Challenge: CGC_File_System
	--Tests Run: 5
	--Failures: 0 
	--Errors: 5 [(<__main__.TestOperations testMethod=test_agenpolls>, 'Traceback (most recent call last):\n  File "./src/unit_test.py", line 33, in test_agenpolls\n    verbose=True)\n  File "/home/epicosy/thesis/implementation/repair/SecureThemAll/benchmark/cb-repair/src/operations/simple/genpolls.py", line 12, in __init__\n    super().__init__(**kwargs)\nTypeError: __init__() missing 1 required positional argument: \'challenge\'\n'), (<__main__.TestOperations testMethod=test_checkout>, 'Traceback (most recent call last):\n  File "./src/unit_test.py", line 43, in test_checkout\n    verbose=True)\n  File "/home/epicosy/thesis/implementation/repair/SecureThemAll/benchmark/cb-repair/src/operations/checkout.py", line 16, in __init__\n    super().__init__(**kwargs)\n  File "/home/epicosy/thesis/implementation/repair/SecureThemAll/benchmark/cb-repair/src/core/operation.py", line 13, in __init__\n    super().__init__(**kwargs)\nTypeError: __init__() missing 1 required positional argument: \'challenge\'\n'), (<__main__.TestOperations testMethod=test_compile>, 'Traceback (most recent call last):\n  File "./src/unit_test.py", line 57, in test_compile\n    fix_files=None)\n  File "/home/epicosy/thesis/implementation/repair/SecureThemAll/benchmark/cb-repair/src/operations/compile.py", line 19, in __init__\n    super().__init__(**kwargs)\n  File "/home/epicosy/thesis/implementation/repair/SecureThemAll/benchmark/cb-repair/src/core/operation.py", line 13, in __init__\n    super().__init__(**kwargs)\nTypeError: __init__() missing 1 required positional argument: \'challenge\'\n'), (<__main__.TestOperations testMethod=test_poll>, 'Traceback (most recent call last):\n  File "./src/unit_test.py", line 78, in test_poll\n    neg_tests=None)\n  File "/home/epicosy/thesis/implementation/repair/SecureThemAll/benchmark/cb-repair/src/operations/test.py", line 22, in __init__\n    super().__init__(**kwargs)\n  File "/home/epicosy/thesis/implementation/repair/SecureThemAll/benchmark/cb-repair/src/core/operation.py", line 13, in __init__\n    super().__init__(**kwargs)\nTypeError: __init__() missing 1 required positional argument: \'challenge\'\n'), (<__main__.TestOperations testMethod=test_pov>, 'Traceback (most recent call last):\n  File "./src/unit_test.py", line 103, in test_pov\n    neg_tests=True)\n  File "/home/epicosy/thesis/implementation/repair/SecureThemAll/benchmark/cb-repair/src/operations/test.py", line 22, in __init__\n    super().__init__(**kwargs)\n  File "/home/epicosy/thesis/implementation/repair/SecureThemAll/benchmark/cb-repair/src/core/operation.py", line 13, in __init__\n    super().__init__(**kwargs)\nTypeError: __init__() missing 1 required positional argument: \'challenge\'\n')]
Challenge: CGC_Symbol_Viewer_CSV
	--Tests Run: 5
	--Failures: 0 
	--Errors: 5 [(<__main__.TestOperations testMethod=test_agenpolls>, 'Traceback (most recent call last):\n  File "./src/unit_test.py", line 33, in test_agenpolls\n    verbose=True)\n  File "/home/epicosy/thesis/implementation/repair/SecureThemAll/benchmark/cb-repair/src/operations/simple/genpolls.py", line 12, in __init__\n    super().__init__(**kwargs)\nTypeError: __init__() missing 1 required positional argument: \'challenge\'\n'), (<__main__.TestOperations testMethod=test_checkout>, 'Traceback (most recent call last):\n  File "./src/unit_test.py", line 43, in test_checkout\n    verbose=True)\n  File "/home/epicosy/thesis/implementation/repair/SecureThemAll/benchmark/cb-repair/src/operations/checkout.py", line 16, in __init__\n    super().__init__(**kwargs)\n  File "/home/epicosy/thesis/implementation/repair/SecureThemAll/benchmark/cb-repair/src/core/operation.py", line 13, in __init__\n    super().__init__(**kwargs)\nTypeError: __init__() missing 1 required positional argument: \'challenge\'\n'), (<__main__.TestOperations testMethod=test_compile>, 'Traceback (most recent call last):\n  File "./src/unit_test.py", line 57, in test_compile\n    fix_files=None)\n  File "/home/epicosy/thesis/implementation/repair/SecureThemAll/benchmark/cb-repair/src/operations/compile.py", line 19, in __init__\n    super().__init__(**kwargs)\n  File "/home/epicosy/thesis/implementation/repair/SecureThemAll/benchmark/cb-repair/src/core/operation.py", line 13, in __init__\n    super().__init__(**kwargs)\nTypeError: __init__() missing 1 required positional argument: \'challenge\'\n'), (<__main__.TestOperations testMethod=test_poll>, 'Traceback (most recent call last):\n  File "./src/unit_test.py", line 78, in test_poll\n    neg_tests=None)\n  File "/home/epicosy/thesis/implementation/repair/SecureThemAll/benchmark/cb-repair/src/operations/test.py", line 22, in __init__\n    super().__init__(**kwargs)\n  File "/home/epicosy/thesis/implementation/repair/SecureThemAll/benchmark/cb-repair/src/core/operation.py", line 13, in __init__\n    super().__init__(**kwargs)\nTypeError: __init__() missing 1 required positional argument: \'challenge\'\n'), (<__main__.TestOperations testMethod=test_pov>, 'Traceback (most recent call last):\n  File "./src/unit_test.py", line 103, in test_pov\n    neg_tests=True)\n  File "/home/epicosy/thesis/implementation/repair/SecureThemAll/benchmark/cb-repair/src/operations/test.py", line 22, in __init__\n    super().__init__(**kwargs)\n  File "/home/epicosy/thesis/implementation/repair/SecureThemAll/benchmark/cb-repair/src/core/operation.py", line 13, in __init__\n    super().__init__(**kwargs)\nTypeError: __init__() missing 1 required positional argument: \'challenge\'\n')]
Challenge: CGC_Video_Format_Parser_and_Viewer
	--Tests Run: 5
	--Failures: 0 
	--Errors: 5 [(<__main__.TestOperations testMethod=test_agenpolls>, 'Traceback (most recent call last):\n  File "./src/unit_test.py", line 33, in test_agenpolls\n    verbose=True)\n  File "/home/epicosy/thesis/implementation/repair/SecureThemAll/benchmark/cb-repair/src/operations/simple/genpolls.py", line 12, in __init__\n    super().__init__(**kwargs)\nTypeError: __init__() missing 1 required positional argument: \'challenge\'\n'), (<__main__.TestOperations testMethod=test_checkout>, 'Traceback (most recent call last):\n  File "./src/unit_test.py", line 43, in test_checkout\n    verbose=True)\n  File "/home/epicosy/thesis/implementation/repair/SecureThemAll/benchmark/cb-repair/src/operations/checkout.py", line 16, in __init__\n    super().__init__(**kwargs)\n  File "/home/epicosy/thesis/implementation/repair/SecureThemAll/benchmark/cb-repair/src/core/operation.py", line 13, in __init__\n    super().__init__(**kwargs)\nTypeError: __init__() missing 1 required positional argument: \'challenge\'\n'), (<__main__.TestOperations testMethod=test_compile>, 'Traceback (most recent call last):\n  File "./src/unit_test.py", line 57, in test_compile\n    fix_files=None)\n  File "/home/epicosy/thesis/implementation/repair/SecureThemAll/benchmark/cb-repair/src/operations/compile.py", line 19, in __init__\n    super().__init__(**kwargs)\n  File "/home/epicosy/thesis/implementation/repair/SecureThemAll/benchmark/cb-repair/src/core/operation.py", line 13, in __init__\n    super().__init__(**kwargs)\nTypeError: __init__() missing 1 required positional argument: \'challenge\'\n'), (<__main__.TestOperations testMethod=test_poll>, 'Traceback (most recent call last):\n  File "./src/unit_test.py", line 78, in test_poll\n    neg_tests=None)\n  File "/home/epicosy/thesis/implementation/repair/SecureThemAll/benchmark/cb-repair/src/operations/test.py", line 22, in __init__\n    super().__init__(**kwargs)\n  File "/home/epicosy/thesis/implementation/repair/SecureThemAll/benchmark/cb-repair/src/core/operation.py", line 13, in __init__\n    super().__init__(**kwargs)\nTypeError: __init__() missing 1 required positional argument: \'challenge\'\n'), (<__main__.TestOperations testMethod=test_pov>, 'Traceback (most recent call last):\n  File "./src/unit_test.py", line 103, in test_pov\n    neg_tests=True)\n  File "/home/epicosy/thesis/implementation/repair/SecureThemAll/benchmark/cb-repair/src/operations/test.py", line 22, in __init__\n    super().__init__(**kwargs)\n  File "/home/epicosy/thesis/implementation/repair/SecureThemAll/benchmark/cb-repair/src/core/operation.py", line 13, in __init__\n    super().__init__(**kwargs)\nTypeError: __init__() missing 1 required positional argument: \'challenge\'\n')]
Challenge: Casino_Games
	--Tests Run: 5
	--Failures: 0 
	--Errors: 5 [(<__main__.TestOperations testMethod=test_agenpolls>, 'Traceback (most recent call last):\n  File "./src/unit_test.py", line 33, in test_agenpolls\n    verbose=True)\n  File "/home/epicosy/thesis/implementation/repair/SecureThemAll/benchmark/cb-repair/src/operations/simple/genpolls.py", line 12, in __init__\n    super().__init__(**kwargs)\nTypeError: __init__() missing 1 required positional argument: \'challenge\'\n'), (<__main__.TestOperations testMethod=test_checkout>, 'Traceback (most recent call last):\n  File "./src/unit_test.py", line 43, in test_checkout\n    verbose=True)\n  File "/home/epicosy/thesis/implementation/repair/SecureThemAll/benchmark/cb-repair/src/operations/checkout.py", line 16, in __init__\n    super().__init__(**kwargs)\n  File "/home/epicosy/thesis/implementation/repair/SecureThemAll/benchmark/cb-repair/src/core/operation.py", line 13, in __init__\n    super().__init__(**kwargs)\nTypeError: __init__() missing 1 required positional argument: \'challenge\'\n'), (<__main__.TestOperations testMethod=test_compile>, 'Traceback (most recent call last):\n  File "./src/unit_test.py", line 57, in test_compile\n    fix_files=None)\n  File "/home/epicosy/thesis/implementation/repair/SecureThemAll/benchmark/cb-repair/src/operations/compile.py", line 19, in __init__\n    super().__init__(**kwargs)\n  File "/home/epicosy/thesis/implementation/repair/SecureThemAll/benchmark/cb-repair/src/core/operation.py", line 13, in __init__\n    super().__init__(**kwargs)\nTypeError: __init__() missing 1 required positional argument: \'challenge\'\n'), (<__main__.TestOperations testMethod=test_poll>, 'Traceback (most recent call last):\n  File "./src/unit_test.py", line 78, in test_poll\n    neg_tests=None)\n  File "/home/epicosy/thesis/implementation/repair/SecureThemAll/benchmark/cb-repair/src/operations/test.py", line 22, in __init__\n    super().__init__(**kwargs)\n  File "/home/epicosy/thesis/implementation/repair/SecureThemAll/benchmark/cb-repair/src/core/operation.py", line 13, in __init__\n    super().__init__(**kwargs)\nTypeError: __init__() missing 1 required positional argument: \'challenge\'\n'), (<__main__.TestOperations testMethod=test_pov>, 'Traceback (most recent call last):\n  File "./src/unit_test.py", line 103, in test_pov\n    neg_tests=True)\n  File "/home/epicosy/thesis/implementation/repair/SecureThemAll/benchmark/cb-repair/src/operations/test.py", line 22, in __init__\n    super().__init__(**kwargs)\n  File "/home/epicosy/thesis/implementation/repair/SecureThemAll/benchmark/cb-repair/src/core/operation.py", line 13, in __init__\n    super().__init__(**kwargs)\nTypeError: __init__() missing 1 required positional argument: \'challenge\'\n')]
Challenge: Diary_Parser
	--Tests Run: 5
	--Failures: 0 
	--Errors: 5 [(<__main__.TestOperations testMethod=test_agenpolls>, 'Traceback (most recent call last):\n  File "./src/unit_test.py", line 33, in test_agenpolls\n    verbose=True)\n  File "/home/epicosy/thesis/implementation/repair/SecureThemAll/benchmark/cb-repair/src/operations/simple/genpolls.py", line 12, in __init__\n    super().__init__(**kwargs)\nTypeError: __init__() missing 1 required positional argument: \'challenge\'\n'), (<__main__.TestOperations testMethod=test_checkout>, 'Traceback (most recent call last):\n  File "./src/unit_test.py", line 43, in test_checkout\n    verbose=True)\n  File "/home/epicosy/thesis/implementation/repair/SecureThemAll/benchmark/cb-repair/src/operations/checkout.py", line 16, in __init__\n    super().__init__(**kwargs)\n  File "/home/epicosy/thesis/implementation/repair/SecureThemAll/benchmark/cb-repair/src/core/operation.py", line 13, in __init__\n    super().__init__(**kwargs)\nTypeError: __init__() missing 1 required positional argument: \'challenge\'\n'), (<__main__.TestOperations testMethod=test_compile>, 'Traceback (most recent call last):\n  File "./src/unit_test.py", line 57, in test_compile\n    fix_files=None)\n  File "/home/epicosy/thesis/implementation/repair/SecureThemAll/benchmark/cb-repair/src/operations/compile.py", line 19, in __init__\n    super().__init__(**kwargs)\n  File "/home/epicosy/thesis/implementation/repair/SecureThemAll/benchmark/cb-repair/src/core/operation.py", line 13, in __init__\n    super().__init__(**kwargs)\nTypeError: __init__() missing 1 required positional argument: \'challenge\'\n'), (<__main__.TestOperations testMethod=test_poll>, 'Traceback (most recent call last):\n  File "./src/unit_test.py", line 78, in test_poll\n    neg_tests=None)\n  File "/home/epicosy/thesis/implementation/repair/SecureThemAll/benchmark/cb-repair/src/operations/test.py", line 22, in __init__\n    super().__init__(**kwargs)\n  File "/home/epicosy/thesis/implementation/repair/SecureThemAll/benchmark/cb-repair/src/core/operation.py", line 13, in __init__\n    super().__init__(**kwargs)\nTypeError: __init__() missing 1 required positional argument: \'challenge\'\n'), (<__main__.TestOperations testMethod=test_pov>, 'Traceback (most recent call last):\n  File "./src/unit_test.py", line 103, in test_pov\n    neg_tests=True)\n  File "/home/epicosy/thesis/implementation/repair/SecureThemAll/benchmark/cb-repair/src/operations/test.py", line 22, in __init__\n    super().__init__(**kwargs)\n  File "/home/epicosy/thesis/implementation/repair/SecureThemAll/benchmark/cb-repair/src/core/operation.py", line 13, in __init__\n    super().__init__(**kwargs)\nTypeError: __init__() missing 1 required positional argument: \'challenge\'\n')]
Challenge: Diophantine_Password_Wallet
	--Tests Run: 5
	--Failures: 0 
	--Errors: 5 [(<__main__.TestOperations testMethod=test_agenpolls>, 'Traceback (most recent call last):\n  File "./src/unit_test.py", line 33, in test_agenpolls\n    verbose=True)\n  File "/home/epicosy/thesis/implementation/repair/SecureThemAll/benchmark/cb-repair/src/operations/simple/genpolls.py", line 12, in __init__\n    super().__init__(**kwargs)\nTypeError: __init__() missing 1 required positional argument: \'challenge\'\n'), (<__main__.TestOperations testMethod=test_checkout>, 'Traceback (most recent call last):\n  File "./src/unit_test.py", line 43, in test_checkout\n    verbose=True)\n  File "/home/epicosy/thesis/implementation/repair/SecureThemAll/benchmark/cb-repair/src/operations/checkout.py", line 16, in __init__\n    super().__init__(**kwargs)\n  File "/home/epicosy/thesis/implementation/repair/SecureThemAll/benchmark/cb-repair/src/core/operation.py", line 13, in __init__\n    super().__init__(**kwargs)\nTypeError: __init__() missing 1 required positional argument: \'challenge\'\n'), (<__main__.TestOperations testMethod=test_compile>, 'Traceback (most recent call last):\n  File "./src/unit_test.py", line 57, in test_compile\n    fix_files=None)\n  File "/home/epicosy/thesis/implementation/repair/SecureThemAll/benchmark/cb-repair/src/operations/compile.py", line 19, in __init__\n    super().__init__(**kwargs)\n  File "/home/epicosy/thesis/implementation/repair/SecureThemAll/benchmark/cb-repair/src/core/operation.py", line 13, in __init__\n    super().__init__(**kwargs)\nTypeError: __init__() missing 1 required positional argument: \'challenge\'\n'), (<__main__.TestOperations testMethod=test_poll>, 'Traceback (most recent call last):\n  File "./src/unit_test.py", line 78, in test_poll\n    neg_tests=None)\n  File "/home/epicosy/thesis/implementation/repair/SecureThemAll/benchmark/cb-repair/src/operations/test.py", line 22, in __init__\n    super().__init__(**kwargs)\n  File "/home/epicosy/thesis/implementation/repair/SecureThemAll/benchmark/cb-repair/src/core/operation.py", line 13, in __init__\n    super().__init__(**kwargs)\nTypeError: __init__() missing 1 required positional argument: \'challenge\'\n'), (<__main__.TestOperations testMethod=test_pov>, 'Traceback (most recent call last):\n  File "./src/unit_test.py", line 103, in test_pov\n    neg_tests=True)\n  File "/home/epicosy/thesis/implementation/repair/SecureThemAll/benchmark/cb-repair/src/operations/test.py", line 22, in __init__\n    super().__init__(**kwargs)\n  File "/home/epicosy/thesis/implementation/repair/SecureThemAll/benchmark/cb-repair/src/core/operation.py", line 13, in __init__\n    super().__init__(**kwargs)\nTypeError: __init__() missing 1 required positional argument: \'challenge\'\n')]
Challenge: Dive_Logger
	--Tests Run: 5
	--Failures: 0 
	--Errors: 5 [(<__main__.TestOperations testMethod=test_agenpolls>, 'Traceback (most recent call last):\n  File "./src/unit_test.py", line 33, in test_agenpolls\n    verbose=True)\n  File "/home/epicosy/thesis/implementation/repair/SecureThemAll/benchmark/cb-repair/src/operations/simple/genpolls.py", line 12, in __init__\n    super().__init__(**kwargs)\nTypeError: __init__() missing 1 required positional argument: \'challenge\'\n'), (<__main__.TestOperations testMethod=test_checkout>, 'Traceback (most recent call last):\n  File "./src/unit_test.py", line 43, in test_checkout\n    verbose=True)\n  File "/home/epicosy/thesis/implementation/repair/SecureThemAll/benchmark/cb-repair/src/operations/checkout.py", line 16, in __init__\n    super().__init__(**kwargs)\n  File "/home/epicosy/thesis/implementation/repair/SecureThemAll/benchmark/cb-repair/src/core/operation.py", line 13, in __init__\n    super().__init__(**kwargs)\nTypeError: __init__() missing 1 required positional argument: \'challenge\'\n'), (<__main__.TestOperations testMethod=test_compile>, 'Traceback (most recent call last):\n  File "./src/unit_test.py", line 57, in test_compile\n    fix_files=None)\n  File "/home/epicosy/thesis/implementation/repair/SecureThemAll/benchmark/cb-repair/src/operations/compile.py", line 19, in __init__\n    super().__init__(**kwargs)\n  File "/home/epicosy/thesis/implementation/repair/SecureThemAll/benchmark/cb-repair/src/core/operation.py", line 13, in __init__\n    super().__init__(**kwargs)\nTypeError: __init__() missing 1 required positional argument: \'challenge\'\n'), (<__main__.TestOperations testMethod=test_poll>, 'Traceback (most recent call last):\n  File "./src/unit_test.py", line 78, in test_poll\n    neg_tests=None)\n  File "/home/epicosy/thesis/implementation/repair/SecureThemAll/benchmark/cb-repair/src/operations/test.py", line 22, in __init__\n    super().__init__(**kwargs)\n  File "/home/epicosy/thesis/implementation/repair/SecureThemAll/benchmark/cb-repair/src/core/operation.py", line 13, in __init__\n    super().__init__(**kwargs)\nTypeError: __init__() missing 1 required positional argument: \'challenge\'\n'), (<__main__.TestOperations testMethod=test_pov>, 'Traceback (most recent call last):\n  File "./src/unit_test.py", line 103, in test_pov\n    neg_tests=True)\n  File "/home/epicosy/thesis/implementation/repair/SecureThemAll/benchmark/cb-repair/src/operations/test.py", line 22, in __init__\n    super().__init__(**kwargs)\n  File "/home/epicosy/thesis/implementation/repair/SecureThemAll/benchmark/cb-repair/src/core/operation.py", line 13, in __init__\n    super().__init__(**kwargs)\nTypeError: __init__() missing 1 required positional argument: \'challenge\'\n')]
Challenge: Divelogger2
	--Tests Run: 5
	--Failures: 0 
	--Errors: 5 [(<__main__.TestOperations testMethod=test_agenpolls>, 'Traceback (most recent call last):\n  File "./src/unit_test.py", line 33, in test_agenpolls\n    verbose=True)\n  File "/home/epicosy/thesis/implementation/repair/SecureThemAll/benchmark/cb-repair/src/operations/simple/genpolls.py", line 12, in __init__\n    super().__init__(**kwargs)\nTypeError: __init__() missing 1 required positional argument: \'challenge\'\n'), (<__main__.TestOperations testMethod=test_checkout>, 'Traceback (most recent call last):\n  File "./src/unit_test.py", line 43, in test_checkout\n    verbose=True)\n  File "/home/epicosy/thesis/implementation/repair/SecureThemAll/benchmark/cb-repair/src/operations/checkout.py", line 16, in __init__\n    super().__init__(**kwargs)\n  File "/home/epicosy/thesis/implementation/repair/SecureThemAll/benchmark/cb-repair/src/core/operation.py", line 13, in __init__\n    super().__init__(**kwargs)\nTypeError: __init__() missing 1 required positional argument: \'challenge\'\n'), (<__main__.TestOperations testMethod=test_compile>, 'Traceback (most recent call last):\n  File "./src/unit_test.py", line 57, in test_compile\n    fix_files=None)\n  File "/home/epicosy/thesis/implementation/repair/SecureThemAll/benchmark/cb-repair/src/operations/compile.py", line 19, in __init__\n    super().__init__(**kwargs)\n  File "/home/epicosy/thesis/implementation/repair/SecureThemAll/benchmark/cb-repair/src/core/operation.py", line 13, in __init__\n    super().__init__(**kwargs)\nTypeError: __init__() missing 1 required positional argument: \'challenge\'\n'), (<__main__.TestOperations testMethod=test_poll>, 'Traceback (most recent call last):\n  File "./src/unit_test.py", line 78, in test_poll\n    neg_tests=None)\n  File "/home/epicosy/thesis/implementation/repair/SecureThemAll/benchmark/cb-repair/src/operations/test.py", line 22, in __init__\n    super().__init__(**kwargs)\n  File "/home/epicosy/thesis/implementation/repair/SecureThemAll/benchmark/cb-repair/src/core/operation.py", line 13, in __init__\n    super().__init__(**kwargs)\nTypeError: __init__() missing 1 required positional argument: \'challenge\'\n'), (<__main__.TestOperations testMethod=test_pov>, 'Traceback (most recent call last):\n  File "./src/unit_test.py", line 103, in test_pov\n    neg_tests=True)\n  File "/home/epicosy/thesis/implementation/repair/SecureThemAll/benchmark/cb-repair/src/operations/test.py", line 22, in __init__\n    super().__init__(**kwargs)\n  File "/home/epicosy/thesis/implementation/repair/SecureThemAll/benchmark/cb-repair/src/core/operation.py", line 13, in __init__\n    super().__init__(**kwargs)\nTypeError: __init__() missing 1 required positional argument: \'challenge\'\n')]
Challenge: Email_System_2
	--Tests Run: 5
	--Failures: 0 
	--Errors: 5 [(<__main__.TestOperations testMethod=test_agenpolls>, 'Traceback (most recent call last):\n  File "./src/unit_test.py", line 33, in test_agenpolls\n    verbose=True)\n  File "/home/epicosy/thesis/implementation/repair/SecureThemAll/benchmark/cb-repair/src/operations/simple/genpolls.py", line 12, in __init__\n    super().__init__(**kwargs)\nTypeError: __init__() missing 1 required positional argument: \'challenge\'\n'), (<__main__.TestOperations testMethod=test_checkout>, 'Traceback (most recent call last):\n  File "./src/unit_test.py", line 43, in test_checkout\n    verbose=True)\n  File "/home/epicosy/thesis/implementation/repair/SecureThemAll/benchmark/cb-repair/src/operations/checkout.py", line 16, in __init__\n    super().__init__(**kwargs)\n  File "/home/epicosy/thesis/implementation/repair/SecureThemAll/benchmark/cb-repair/src/core/operation.py", line 13, in __init__\n    super().__init__(**kwargs)\nTypeError: __init__() missing 1 required positional argument: \'challenge\'\n'), (<__main__.TestOperations testMethod=test_compile>, 'Traceback (most recent call last):\n  File "./src/unit_test.py", line 57, in test_compile\n    fix_files=None)\n  File "/home/epicosy/thesis/implementation/repair/SecureThemAll/benchmark/cb-repair/src/operations/compile.py", line 19, in __init__\n    super().__init__(**kwargs)\n  File "/home/epicosy/thesis/implementation/repair/SecureThemAll/benchmark/cb-repair/src/core/operation.py", line 13, in __init__\n    super().__init__(**kwargs)\nTypeError: __init__() missing 1 required positional argument: \'challenge\'\n'), (<__main__.TestOperations testMethod=test_poll>, 'Traceback (most recent call last):\n  File "./src/unit_test.py", line 78, in test_poll\n    neg_tests=None)\n  File "/home/epicosy/thesis/implementation/repair/SecureThemAll/benchmark/cb-repair/src/operations/test.py", line 22, in __init__\n    super().__init__(**kwargs)\n  File "/home/epicosy/thesis/implementation/repair/SecureThemAll/benchmark/cb-repair/src/core/operation.py", line 13, in __init__\n    super().__init__(**kwargs)\nTypeError: __init__() missing 1 required positional argument: \'challenge\'\n'), (<__main__.TestOperations testMethod=test_pov>, 'Traceback (most recent call last):\n  File "./src/unit_test.py", line 103, in test_pov\n    neg_tests=True)\n  File "/home/epicosy/thesis/implementation/repair/SecureThemAll/benchmark/cb-repair/src/operations/test.py", line 22, in __init__\n    super().__init__(**kwargs)\n  File "/home/epicosy/thesis/implementation/repair/SecureThemAll/benchmark/cb-repair/src/core/operation.py", line 13, in __init__\n    super().__init__(**kwargs)\nTypeError: __init__() missing 1 required positional argument: \'challenge\'\n')]
Challenge: FSK_BBS
	--Tests Run: 5
	--Failures: 0 
	--Errors: 5 [(<__main__.TestOperations testMethod=test_agenpolls>, 'Traceback (most recent call last):\n  File "./src/unit_test.py", line 33, in test_agenpolls\n    verbose=True)\n  File "/home/epicosy/thesis/implementation/repair/SecureThemAll/benchmark/cb-repair/src/operations/simple/genpolls.py", line 12, in __init__\n    super().__init__(**kwargs)\nTypeError: __init__() missing 1 required positional argument: \'challenge\'\n'), (<__main__.TestOperations testMethod=test_checkout>, 'Traceback (most recent call last):\n  File "./src/unit_test.py", line 43, in test_checkout\n    verbose=True)\n  File "/home/epicosy/thesis/implementation/repair/SecureThemAll/benchmark/cb-repair/src/operations/checkout.py", line 16, in __init__\n    super().__init__(**kwargs)\n  File "/home/epicosy/thesis/implementation/repair/SecureThemAll/benchmark/cb-repair/src/core/operation.py", line 13, in __init__\n    super().__init__(**kwargs)\nTypeError: __init__() missing 1 required positional argument: \'challenge\'\n'), (<__main__.TestOperations testMethod=test_compile>, 'Traceback (most recent call last):\n  File "./src/unit_test.py", line 57, in test_compile\n    fix_files=None)\n  File "/home/epicosy/thesis/implementation/repair/SecureThemAll/benchmark/cb-repair/src/operations/compile.py", line 19, in __init__\n    super().__init__(**kwargs)\n  File "/home/epicosy/thesis/implementation/repair/SecureThemAll/benchmark/cb-repair/src/core/operation.py", line 13, in __init__\n    super().__init__(**kwargs)\nTypeError: __init__() missing 1 required positional argument: \'challenge\'\n'), (<__main__.TestOperations testMethod=test_poll>, 'Traceback (most recent call last):\n  File "./src/unit_test.py", line 78, in test_poll\n    neg_tests=None)\n  File "/home/epicosy/thesis/implementation/repair/SecureThemAll/benchmark/cb-repair/src/operations/test.py", line 22, in __init__\n    super().__init__(**kwargs)\n  File "/home/epicosy/thesis/implementation/repair/SecureThemAll/benchmark/cb-repair/src/core/operation.py", line 13, in __init__\n    super().__init__(**kwargs)\nTypeError: __init__() missing 1 required positional argument: \'challenge\'\n'), (<__main__.TestOperations testMethod=test_pov>, 'Traceback (most recent call last):\n  File "./src/unit_test.py", line 103, in test_pov\n    neg_tests=True)\n  File "/home/epicosy/thesis/implementation/repair/SecureThemAll/benchmark/cb-repair/src/operations/test.py", line 22, in __init__\n    super().__init__(**kwargs)\n  File "/home/epicosy/thesis/implementation/repair/SecureThemAll/benchmark/cb-repair/src/core/operation.py", line 13, in __init__\n    super().__init__(**kwargs)\nTypeError: __init__() missing 1 required positional argument: \'challenge\'\n')]
Challenge: FSK_Messaging_Service
	--Tests Run: 5
	--Failures: 0 
	--Errors: 5 [(<__main__.TestOperations testMethod=test_agenpolls>, 'Traceback (most recent call last):\n  File "./src/unit_test.py", line 33, in test_agenpolls\n    verbose=True)\n  File "/home/epicosy/thesis/implementation/repair/SecureThemAll/benchmark/cb-repair/src/operations/simple/genpolls.py", line 12, in __init__\n    super().__init__(**kwargs)\nTypeError: __init__() missing 1 required positional argument: \'challenge\'\n'), (<__main__.TestOperations testMethod=test_checkout>, 'Traceback (most recent call last):\n  File "./src/unit_test.py", line 43, in test_checkout\n    verbose=True)\n  File "/home/epicosy/thesis/implementation/repair/SecureThemAll/benchmark/cb-repair/src/operations/checkout.py", line 16, in __init__\n    super().__init__(**kwargs)\n  File "/home/epicosy/thesis/implementation/repair/SecureThemAll/benchmark/cb-repair/src/core/operation.py", line 13, in __init__\n    super().__init__(**kwargs)\nTypeError: __init__() missing 1 required positional argument: \'challenge\'\n'), (<__main__.TestOperations testMethod=test_compile>, 'Traceback (most recent call last):\n  File "./src/unit_test.py", line 57, in test_compile\n    fix_files=None)\n  File "/home/epicosy/thesis/implementation/repair/SecureThemAll/benchmark/cb-repair/src/operations/compile.py", line 19, in __init__\n    super().__init__(**kwargs)\n  File "/home/epicosy/thesis/implementation/repair/SecureThemAll/benchmark/cb-repair/src/core/operation.py", line 13, in __init__\n    super().__init__(**kwargs)\nTypeError: __init__() missing 1 required positional argument: \'challenge\'\n'), (<__main__.TestOperations testMethod=test_poll>, 'Traceback (most recent call last):\n  File "./src/unit_test.py", line 78, in test_poll\n    neg_tests=None)\n  File "/home/epicosy/thesis/implementation/repair/SecureThemAll/benchmark/cb-repair/src/operations/test.py", line 22, in __init__\n    super().__init__(**kwargs)\n  File "/home/epicosy/thesis/implementation/repair/SecureThemAll/benchmark/cb-repair/src/core/operation.py", line 13, in __init__\n    super().__init__(**kwargs)\nTypeError: __init__() missing 1 required positional argument: \'challenge\'\n'), (<__main__.TestOperations testMethod=test_pov>, 'Traceback (most recent call last):\n  File "./src/unit_test.py", line 103, in test_pov\n    neg_tests=True)\n  File "/home/epicosy/thesis/implementation/repair/SecureThemAll/benchmark/cb-repair/src/operations/test.py", line 22, in __init__\n    super().__init__(**kwargs)\n  File "/home/epicosy/thesis/implementation/repair/SecureThemAll/benchmark/cb-repair/src/core/operation.py", line 13, in __init__\n    super().__init__(**kwargs)\nTypeError: __init__() missing 1 required positional argument: \'challenge\'\n')]
Challenge: FUN
	--Tests Run: 5
	--Failures: 0 
	--Errors: 5 [(<__main__.TestOperations testMethod=test_agenpolls>, 'Traceback (most recent call last):\n  File "./src/unit_test.py", line 33, in test_agenpolls\n    verbose=True)\n  File "/home/epicosy/thesis/implementation/repair/SecureThemAll/benchmark/cb-repair/src/operations/simple/genpolls.py", line 12, in __init__\n    super().__init__(**kwargs)\nTypeError: __init__() missing 1 required positional argument: \'challenge\'\n'), (<__main__.TestOperations testMethod=test_checkout>, 'Traceback (most recent call last):\n  File "./src/unit_test.py", line 43, in test_checkout\n    verbose=True)\n  File "/home/epicosy/thesis/implementation/repair/SecureThemAll/benchmark/cb-repair/src/operations/checkout.py", line 16, in __init__\n    super().__init__(**kwargs)\n  File "/home/epicosy/thesis/implementation/repair/SecureThemAll/benchmark/cb-repair/src/core/operation.py", line 13, in __init__\n    super().__init__(**kwargs)\nTypeError: __init__() missing 1 required positional argument: \'challenge\'\n'), (<__main__.TestOperations testMethod=test_compile>, 'Traceback (most recent call last):\n  File "./src/unit_test.py", line 57, in test_compile\n    fix_files=None)\n  File "/home/epicosy/thesis/implementation/repair/SecureThemAll/benchmark/cb-repair/src/operations/compile.py", line 19, in __init__\n    super().__init__(**kwargs)\n  File "/home/epicosy/thesis/implementation/repair/SecureThemAll/benchmark/cb-repair/src/core/operation.py", line 13, in __init__\n    super().__init__(**kwargs)\nTypeError: __init__() missing 1 required positional argument: \'challenge\'\n'), (<__main__.TestOperations testMethod=test_poll>, 'Traceback (most recent call last):\n  File "./src/unit_test.py", line 78, in test_poll\n    neg_tests=None)\n  File "/home/epicosy/thesis/implementation/repair/SecureThemAll/benchmark/cb-repair/src/operations/test.py", line 22, in __init__\n    super().__init__(**kwargs)\n  File "/home/epicosy/thesis/implementation/repair/SecureThemAll/benchmark/cb-repair/src/core/operation.py", line 13, in __init__\n    super().__init__(**kwargs)\nTypeError: __init__() missing 1 required positional argument: \'challenge\'\n'), (<__main__.TestOperations testMethod=test_pov>, 'Traceback (most recent call last):\n  File "./src/unit_test.py", line 103, in test_pov\n    neg_tests=True)\n  File "/home/epicosy/thesis/implementation/repair/SecureThemAll/benchmark/cb-repair/src/operations/test.py", line 22, in __init__\n    super().__init__(**kwargs)\n  File "/home/epicosy/thesis/implementation/repair/SecureThemAll/benchmark/cb-repair/src/core/operation.py", line 13, in __init__\n    super().__init__(**kwargs)\nTypeError: __init__() missing 1 required positional argument: \'challenge\'\n')]
Challenge: FablesReport
	--Tests Run: 5
	--Failures: 0 
	--Errors: 5 [(<__main__.TestOperations testMethod=test_agenpolls>, 'Traceback (most recent call last):\n  File "./src/unit_test.py", line 33, in test_agenpolls\n    verbose=True)\n  File "/home/epicosy/thesis/implementation/repair/SecureThemAll/benchmark/cb-repair/src/operations/simple/genpolls.py", line 12, in __init__\n    super().__init__(**kwargs)\nTypeError: __init__() missing 1 required positional argument: \'challenge\'\n'), (<__main__.TestOperations testMethod=test_checkout>, 'Traceback (most recent call last):\n  File "./src/unit_test.py", line 43, in test_checkout\n    verbose=True)\n  File "/home/epicosy/thesis/implementation/repair/SecureThemAll/benchmark/cb-repair/src/operations/checkout.py", line 16, in __init__\n    super().__init__(**kwargs)\n  File "/home/epicosy/thesis/implementation/repair/SecureThemAll/benchmark/cb-repair/src/core/operation.py", line 13, in __init__\n    super().__init__(**kwargs)\nTypeError: __init__() missing 1 required positional argument: \'challenge\'\n'), (<__main__.TestOperations testMethod=test_compile>, 'Traceback (most recent call last):\n  File "./src/unit_test.py", line 57, in test_compile\n    fix_files=None)\n  File "/home/epicosy/thesis/implementation/repair/SecureThemAll/benchmark/cb-repair/src/operations/compile.py", line 19, in __init__\n    super().__init__(**kwargs)\n  File "/home/epicosy/thesis/implementation/repair/SecureThemAll/benchmark/cb-repair/src/core/operation.py", line 13, in __init__\n    super().__init__(**kwargs)\nTypeError: __init__() missing 1 required positional argument: \'challenge\'\n'), (<__main__.TestOperations testMethod=test_poll>, 'Traceback (most recent call last):\n  File "./src/unit_test.py", line 78, in test_poll\n    neg_tests=None)\n  File "/home/epicosy/thesis/implementation/repair/SecureThemAll/benchmark/cb-repair/src/operations/test.py", line 22, in __init__\n    super().__init__(**kwargs)\n  File "/home/epicosy/thesis/implementation/repair/SecureThemAll/benchmark/cb-repair/src/core/operation.py", line 13, in __init__\n    super().__init__(**kwargs)\nTypeError: __init__() missing 1 required positional argument: \'challenge\'\n'), (<__main__.TestOperations testMethod=test_pov>, 'Traceback (most recent call last):\n  File "./src/unit_test.py", line 103, in test_pov\n    neg_tests=True)\n  File "/home/epicosy/thesis/implementation/repair/SecureThemAll/benchmark/cb-repair/src/operations/test.py", line 22, in __init__\n    super().__init__(**kwargs)\n  File "/home/epicosy/thesis/implementation/repair/SecureThemAll/benchmark/cb-repair/src/core/operation.py", line 13, in __init__\n    super().__init__(**kwargs)\nTypeError: __init__() missing 1 required positional argument: \'challenge\'\n')]
Challenge: FileSys
	--Tests Run: 5
	--Failures: 0 
	--Errors: 5 [(<__main__.TestOperations testMethod=test_agenpolls>, 'Traceback (most recent call last):\n  File "./src/unit_test.py", line 33, in test_agenpolls\n    verbose=True)\n  File "/home/epicosy/thesis/implementation/repair/SecureThemAll/benchmark/cb-repair/src/operations/simple/genpolls.py", line 12, in __init__\n    super().__init__(**kwargs)\nTypeError: __init__() missing 1 required positional argument: \'challenge\'\n'), (<__main__.TestOperations testMethod=test_checkout>, 'Traceback (most recent call last):\n  File "./src/unit_test.py", line 43, in test_checkout\n    verbose=True)\n  File "/home/epicosy/thesis/implementation/repair/SecureThemAll/benchmark/cb-repair/src/operations/checkout.py", line 16, in __init__\n    super().__init__(**kwargs)\n  File "/home/epicosy/thesis/implementation/repair/SecureThemAll/benchmark/cb-repair/src/core/operation.py", line 13, in __init__\n    super().__init__(**kwargs)\nTypeError: __init__() missing 1 required positional argument: \'challenge\'\n'), (<__main__.TestOperations testMethod=test_compile>, 'Traceback (most recent call last):\n  File "./src/unit_test.py", line 57, in test_compile\n    fix_files=None)\n  File "/home/epicosy/thesis/implementation/repair/SecureThemAll/benchmark/cb-repair/src/operations/compile.py", line 19, in __init__\n    super().__init__(**kwargs)\n  File "/home/epicosy/thesis/implementation/repair/SecureThemAll/benchmark/cb-repair/src/core/operation.py", line 13, in __init__\n    super().__init__(**kwargs)\nTypeError: __init__() missing 1 required positional argument: \'challenge\'\n'), (<__main__.TestOperations testMethod=test_poll>, 'Traceback (most recent call last):\n  File "./src/unit_test.py", line 78, in test_poll\n    neg_tests=None)\n  File "/home/epicosy/thesis/implementation/repair/SecureThemAll/benchmark/cb-repair/src/operations/test.py", line 22, in __init__\n    super().__init__(**kwargs)\n  File "/home/epicosy/thesis/implementation/repair/SecureThemAll/benchmark/cb-repair/src/core/operation.py", line 13, in __init__\n    super().__init__(**kwargs)\nTypeError: __init__() missing 1 required positional argument: \'challenge\'\n'), (<__main__.TestOperations testMethod=test_pov>, 'Traceback (most recent call last):\n  File "./src/unit_test.py", line 103, in test_pov\n    neg_tests=True)\n  File "/home/epicosy/thesis/implementation/repair/SecureThemAll/benchmark/cb-repair/src/operations/test.py", line 22, in __init__\n    super().__init__(**kwargs)\n  File "/home/epicosy/thesis/implementation/repair/SecureThemAll/benchmark/cb-repair/src/core/operation.py", line 13, in __init__\n    super().__init__(**kwargs)\nTypeError: __init__() missing 1 required positional argument: \'challenge\'\n')]
Challenge: Filesystem_Command_Shell
	--Tests Run: 5
	--Failures: 0 
	--Errors: 5 [(<__main__.TestOperations testMethod=test_agenpolls>, 'Traceback (most recent call last):\n  File "./src/unit_test.py", line 33, in test_agenpolls\n    verbose=True)\n  File "/home/epicosy/thesis/implementation/repair/SecureThemAll/benchmark/cb-repair/src/operations/simple/genpolls.py", line 12, in __init__\n    super().__init__(**kwargs)\nTypeError: __init__() missing 1 required positional argument: \'challenge\'\n'), (<__main__.TestOperations testMethod=test_checkout>, 'Traceback (most recent call last):\n  File "./src/unit_test.py", line 43, in test_checkout\n    verbose=True)\n  File "/home/epicosy/thesis/implementation/repair/SecureThemAll/benchmark/cb-repair/src/operations/checkout.py", line 16, in __init__\n    super().__init__(**kwargs)\n  File "/home/epicosy/thesis/implementation/repair/SecureThemAll/benchmark/cb-repair/src/core/operation.py", line 13, in __init__\n    super().__init__(**kwargs)\nTypeError: __init__() missing 1 required positional argument: \'challenge\'\n'), (<__main__.TestOperations testMethod=test_compile>, 'Traceback (most recent call last):\n  File "./src/unit_test.py", line 57, in test_compile\n    fix_files=None)\n  File "/home/epicosy/thesis/implementation/repair/SecureThemAll/benchmark/cb-repair/src/operations/compile.py", line 19, in __init__\n    super().__init__(**kwargs)\n  File "/home/epicosy/thesis/implementation/repair/SecureThemAll/benchmark/cb-repair/src/core/operation.py", line 13, in __init__\n    super().__init__(**kwargs)\nTypeError: __init__() missing 1 required positional argument: \'challenge\'\n'), (<__main__.TestOperations testMethod=test_poll>, 'Traceback (most recent call last):\n  File "./src/unit_test.py", line 78, in test_poll\n    neg_tests=None)\n  File "/home/epicosy/thesis/implementation/repair/SecureThemAll/benchmark/cb-repair/src/operations/test.py", line 22, in __init__\n    super().__init__(**kwargs)\n  File "/home/epicosy/thesis/implementation/repair/SecureThemAll/benchmark/cb-repair/src/core/operation.py", line 13, in __init__\n    super().__init__(**kwargs)\nTypeError: __init__() missing 1 required positional argument: \'challenge\'\n'), (<__main__.TestOperations testMethod=test_pov>, 'Traceback (most recent call last):\n  File "./src/unit_test.py", line 103, in test_pov\n    neg_tests=True)\n  File "/home/epicosy/thesis/implementation/repair/SecureThemAll/benchmark/cb-repair/src/operations/test.py", line 22, in __init__\n    super().__init__(**kwargs)\n  File "/home/epicosy/thesis/implementation/repair/SecureThemAll/benchmark/cb-repair/src/core/operation.py", line 13, in __init__\n    super().__init__(**kwargs)\nTypeError: __init__() missing 1 required positional argument: \'challenge\'\n')]
Challenge: Gridder
	--Tests Run: 5
	--Failures: 0 
	--Errors: 5 [(<__main__.TestOperations testMethod=test_agenpolls>, 'Traceback (most recent call last):\n  File "./src/unit_test.py", line 33, in test_agenpolls\n    verbose=True)\n  File "/home/epicosy/thesis/implementation/repair/SecureThemAll/benchmark/cb-repair/src/operations/simple/genpolls.py", line 12, in __init__\n    super().__init__(**kwargs)\nTypeError: __init__() missing 1 required positional argument: \'challenge\'\n'), (<__main__.TestOperations testMethod=test_checkout>, 'Traceback (most recent call last):\n  File "./src/unit_test.py", line 43, in test_checkout\n    verbose=True)\n  File "/home/epicosy/thesis/implementation/repair/SecureThemAll/benchmark/cb-repair/src/operations/checkout.py", line 16, in __init__\n    super().__init__(**kwargs)\n  File "/home/epicosy/thesis/implementation/repair/SecureThemAll/benchmark/cb-repair/src/core/operation.py", line 13, in __init__\n    super().__init__(**kwargs)\nTypeError: __init__() missing 1 required positional argument: \'challenge\'\n'), (<__main__.TestOperations testMethod=test_compile>, 'Traceback (most recent call last):\n  File "./src/unit_test.py", line 57, in test_compile\n    fix_files=None)\n  File "/home/epicosy/thesis/implementation/repair/SecureThemAll/benchmark/cb-repair/src/operations/compile.py", line 19, in __init__\n    super().__init__(**kwargs)\n  File "/home/epicosy/thesis/implementation/repair/SecureThemAll/benchmark/cb-repair/src/core/operation.py", line 13, in __init__\n    super().__init__(**kwargs)\nTypeError: __init__() missing 1 required positional argument: \'challenge\'\n'), (<__main__.TestOperations testMethod=test_poll>, 'Traceback (most recent call last):\n  File "./src/unit_test.py", line 78, in test_poll\n    neg_tests=None)\n  File "/home/epicosy/thesis/implementation/repair/SecureThemAll/benchmark/cb-repair/src/operations/test.py", line 22, in __init__\n    super().__init__(**kwargs)\n  File "/home/epicosy/thesis/implementation/repair/SecureThemAll/benchmark/cb-repair/src/core/operation.py", line 13, in __init__\n    super().__init__(**kwargs)\nTypeError: __init__() missing 1 required positional argument: \'challenge\'\n'), (<__main__.TestOperations testMethod=test_pov>, 'Traceback (most recent call last):\n  File "./src/unit_test.py", line 103, in test_pov\n    neg_tests=True)\n  File "/home/epicosy/thesis/implementation/repair/SecureThemAll/benchmark/cb-repair/src/operations/test.py", line 22, in __init__\n    super().__init__(**kwargs)\n  File "/home/epicosy/thesis/implementation/repair/SecureThemAll/benchmark/cb-repair/src/core/operation.py", line 13, in __init__\n    super().__init__(**kwargs)\nTypeError: __init__() missing 1 required positional argument: \'challenge\'\n')]
Challenge: Griswold
	--Tests Run: 5
	--Failures: 0 
	--Errors: 5 [(<__main__.TestOperations testMethod=test_agenpolls>, 'Traceback (most recent call last):\n  File "./src/unit_test.py", line 33, in test_agenpolls\n    verbose=True)\n  File "/home/epicosy/thesis/implementation/repair/SecureThemAll/benchmark/cb-repair/src/operations/simple/genpolls.py", line 12, in __init__\n    super().__init__(**kwargs)\nTypeError: __init__() missing 1 required positional argument: \'challenge\'\n'), (<__main__.TestOperations testMethod=test_checkout>, 'Traceback (most recent call last):\n  File "./src/unit_test.py", line 43, in test_checkout\n    verbose=True)\n  File "/home/epicosy/thesis/implementation/repair/SecureThemAll/benchmark/cb-repair/src/operations/checkout.py", line 16, in __init__\n    super().__init__(**kwargs)\n  File "/home/epicosy/thesis/implementation/repair/SecureThemAll/benchmark/cb-repair/src/core/operation.py", line 13, in __init__\n    super().__init__(**kwargs)\nTypeError: __init__() missing 1 required positional argument: \'challenge\'\n'), (<__main__.TestOperations testMethod=test_compile>, 'Traceback (most recent call last):\n  File "./src/unit_test.py", line 57, in test_compile\n    fix_files=None)\n  File "/home/epicosy/thesis/implementation/repair/SecureThemAll/benchmark/cb-repair/src/operations/compile.py", line 19, in __init__\n    super().__init__(**kwargs)\n  File "/home/epicosy/thesis/implementation/repair/SecureThemAll/benchmark/cb-repair/src/core/operation.py", line 13, in __init__\n    super().__init__(**kwargs)\nTypeError: __init__() missing 1 required positional argument: \'challenge\'\n'), (<__main__.TestOperations testMethod=test_poll>, 'Traceback (most recent call last):\n  File "./src/unit_test.py", line 78, in test_poll\n    neg_tests=None)\n  File "/home/epicosy/thesis/implementation/repair/SecureThemAll/benchmark/cb-repair/src/operations/test.py", line 22, in __init__\n    super().__init__(**kwargs)\n  File "/home/epicosy/thesis/implementation/repair/SecureThemAll/benchmark/cb-repair/src/core/operation.py", line 13, in __init__\n    super().__init__(**kwargs)\nTypeError: __init__() missing 1 required positional argument: \'challenge\'\n'), (<__main__.TestOperations testMethod=test_pov>, 'Traceback (most recent call last):\n  File "./src/unit_test.py", line 103, in test_pov\n    neg_tests=True)\n  File "/home/epicosy/thesis/implementation/repair/SecureThemAll/benchmark/cb-repair/src/operations/test.py", line 22, in __init__\n    super().__init__(**kwargs)\n  File "/home/epicosy/thesis/implementation/repair/SecureThemAll/benchmark/cb-repair/src/core/operation.py", line 13, in __init__\n    super().__init__(**kwargs)\nTypeError: __init__() missing 1 required positional argument: \'challenge\'\n')]
Challenge: Grit
	--Tests Run: 5
	--Failures: 0 
	--Errors: 5 [(<__main__.TestOperations testMethod=test_agenpolls>, 'Traceback (most recent call last):\n  File "./src/unit_test.py", line 33, in test_agenpolls\n    verbose=True)\n  File "/home/epicosy/thesis/implementation/repair/SecureThemAll/benchmark/cb-repair/src/operations/simple/genpolls.py", line 12, in __init__\n    super().__init__(**kwargs)\nTypeError: __init__() missing 1 required positional argument: \'challenge\'\n'), (<__main__.TestOperations testMethod=test_checkout>, 'Traceback (most recent call last):\n  File "./src/unit_test.py", line 43, in test_checkout\n    verbose=True)\n  File "/home/epicosy/thesis/implementation/repair/SecureThemAll/benchmark/cb-repair/src/operations/checkout.py", line 16, in __init__\n    super().__init__(**kwargs)\n  File "/home/epicosy/thesis/implementation/repair/SecureThemAll/benchmark/cb-repair/src/core/operation.py", line 13, in __init__\n    super().__init__(**kwargs)\nTypeError: __init__() missing 1 required positional argument: \'challenge\'\n'), (<__main__.TestOperations testMethod=test_compile>, 'Traceback (most recent call last):\n  File "./src/unit_test.py", line 57, in test_compile\n    fix_files=None)\n  File "/home/epicosy/thesis/implementation/repair/SecureThemAll/benchmark/cb-repair/src/operations/compile.py", line 19, in __init__\n    super().__init__(**kwargs)\n  File "/home/epicosy/thesis/implementation/repair/SecureThemAll/benchmark/cb-repair/src/core/operation.py", line 13, in __init__\n    super().__init__(**kwargs)\nTypeError: __init__() missing 1 required positional argument: \'challenge\'\n'), (<__main__.TestOperations testMethod=test_poll>, 'Traceback (most recent call last):\n  File "./src/unit_test.py", line 78, in test_poll\n    neg_tests=None)\n  File "/home/epicosy/thesis/implementation/repair/SecureThemAll/benchmark/cb-repair/src/operations/test.py", line 22, in __init__\n    super().__init__(**kwargs)\n  File "/home/epicosy/thesis/implementation/repair/SecureThemAll/benchmark/cb-repair/src/core/operation.py", line 13, in __init__\n    super().__init__(**kwargs)\nTypeError: __init__() missing 1 required positional argument: \'challenge\'\n'), (<__main__.TestOperations testMethod=test_pov>, 'Traceback (most recent call last):\n  File "./src/unit_test.py", line 103, in test_pov\n    neg_tests=True)\n  File "/home/epicosy/thesis/implementation/repair/SecureThemAll/benchmark/cb-repair/src/operations/test.py", line 22, in __init__\n    super().__init__(**kwargs)\n  File "/home/epicosy/thesis/implementation/repair/SecureThemAll/benchmark/cb-repair/src/core/operation.py", line 13, in __init__\n    super().__init__(**kwargs)\nTypeError: __init__() missing 1 required positional argument: \'challenge\'\n')]
Challenge: HIGHCOO
	--Tests Run: 5
	--Failures: 0 
	--Errors: 5 [(<__main__.TestOperations testMethod=test_agenpolls>, 'Traceback (most recent call last):\n  File "./src/unit_test.py", line 33, in test_agenpolls\n    verbose=True)\n  File "/home/epicosy/thesis/implementation/repair/SecureThemAll/benchmark/cb-repair/src/operations/simple/genpolls.py", line 12, in __init__\n    super().__init__(**kwargs)\nTypeError: __init__() missing 1 required positional argument: \'challenge\'\n'), (<__main__.TestOperations testMethod=test_checkout>, 'Traceback (most recent call last):\n  File "./src/unit_test.py", line 43, in test_checkout\n    verbose=True)\n  File "/home/epicosy/thesis/implementation/repair/SecureThemAll/benchmark/cb-repair/src/operations/checkout.py", line 16, in __init__\n    super().__init__(**kwargs)\n  File "/home/epicosy/thesis/implementation/repair/SecureThemAll/benchmark/cb-repair/src/core/operation.py", line 13, in __init__\n    super().__init__(**kwargs)\nTypeError: __init__() missing 1 required positional argument: \'challenge\'\n'), (<__main__.TestOperations testMethod=test_compile>, 'Traceback (most recent call last):\n  File "./src/unit_test.py", line 57, in test_compile\n    fix_files=None)\n  File "/home/epicosy/thesis/implementation/repair/SecureThemAll/benchmark/cb-repair/src/operations/compile.py", line 19, in __init__\n    super().__init__(**kwargs)\n  File "/home/epicosy/thesis/implementation/repair/SecureThemAll/benchmark/cb-repair/src/core/operation.py", line 13, in __init__\n    super().__init__(**kwargs)\nTypeError: __init__() missing 1 required positional argument: \'challenge\'\n'), (<__main__.TestOperations testMethod=test_poll>, 'Traceback (most recent call last):\n  File "./src/unit_test.py", line 78, in test_poll\n    neg_tests=None)\n  File "/home/epicosy/thesis/implementation/repair/SecureThemAll/benchmark/cb-repair/src/operations/test.py", line 22, in __init__\n    super().__init__(**kwargs)\n  File "/home/epicosy/thesis/implementation/repair/SecureThemAll/benchmark/cb-repair/src/core/operation.py", line 13, in __init__\n    super().__init__(**kwargs)\nTypeError: __init__() missing 1 required positional argument: \'challenge\'\n'), (<__main__.TestOperations testMethod=test_pov>, 'Traceback (most recent call last):\n  File "./src/unit_test.py", line 103, in test_pov\n    neg_tests=True)\n  File "/home/epicosy/thesis/implementation/repair/SecureThemAll/benchmark/cb-repair/src/operations/test.py", line 22, in __init__\n    super().__init__(**kwargs)\n  File "/home/epicosy/thesis/implementation/repair/SecureThemAll/benchmark/cb-repair/src/core/operation.py", line 13, in __init__\n    super().__init__(**kwargs)\nTypeError: __init__() missing 1 required positional argument: \'challenge\'\n')]
Challenge: HackMan
	--Tests Run: 5
	--Failures: 0 
	--Errors: 5 [(<__main__.TestOperations testMethod=test_agenpolls>, 'Traceback (most recent call last):\n  File "./src/unit_test.py", line 33, in test_agenpolls\n    verbose=True)\n  File "/home/epicosy/thesis/implementation/repair/SecureThemAll/benchmark/cb-repair/src/operations/simple/genpolls.py", line 12, in __init__\n    super().__init__(**kwargs)\nTypeError: __init__() missing 1 required positional argument: \'challenge\'\n'), (<__main__.TestOperations testMethod=test_checkout>, 'Traceback (most recent call last):\n  File "./src/unit_test.py", line 43, in test_checkout\n    verbose=True)\n  File "/home/epicosy/thesis/implementation/repair/SecureThemAll/benchmark/cb-repair/src/operations/checkout.py", line 16, in __init__\n    super().__init__(**kwargs)\n  File "/home/epicosy/thesis/implementation/repair/SecureThemAll/benchmark/cb-repair/src/core/operation.py", line 13, in __init__\n    super().__init__(**kwargs)\nTypeError: __init__() missing 1 required positional argument: \'challenge\'\n'), (<__main__.TestOperations testMethod=test_compile>, 'Traceback (most recent call last):\n  File "./src/unit_test.py", line 57, in test_compile\n    fix_files=None)\n  File "/home/epicosy/thesis/implementation/repair/SecureThemAll/benchmark/cb-repair/src/operations/compile.py", line 19, in __init__\n    super().__init__(**kwargs)\n  File "/home/epicosy/thesis/implementation/repair/SecureThemAll/benchmark/cb-repair/src/core/operation.py", line 13, in __init__\n    super().__init__(**kwargs)\nTypeError: __init__() missing 1 required positional argument: \'challenge\'\n'), (<__main__.TestOperations testMethod=test_poll>, 'Traceback (most recent call last):\n  File "./src/unit_test.py", line 78, in test_poll\n    neg_tests=None)\n  File "/home/epicosy/thesis/implementation/repair/SecureThemAll/benchmark/cb-repair/src/operations/test.py", line 22, in __init__\n    super().__init__(**kwargs)\n  File "/home/epicosy/thesis/implementation/repair/SecureThemAll/benchmark/cb-repair/src/core/operation.py", line 13, in __init__\n    super().__init__(**kwargs)\nTypeError: __init__() missing 1 required positional argument: \'challenge\'\n'), (<__main__.TestOperations testMethod=test_pov>, 'Traceback (most recent call last):\n  File "./src/unit_test.py", line 103, in test_pov\n    neg_tests=True)\n  File "/home/epicosy/thesis/implementation/repair/SecureThemAll/benchmark/cb-repair/src/operations/test.py", line 22, in __init__\n    super().__init__(**kwargs)\n  File "/home/epicosy/thesis/implementation/repair/SecureThemAll/benchmark/cb-repair/src/core/operation.py", line 13, in __init__\n    super().__init__(**kwargs)\nTypeError: __init__() missing 1 required positional argument: \'challenge\'\n')]
Challenge: LMS
	--Tests Run: 5
	--Failures: 0 
	--Errors: 5 [(<__main__.TestOperations testMethod=test_agenpolls>, 'Traceback (most recent call last):\n  File "./src/unit_test.py", line 33, in test_agenpolls\n    verbose=True)\n  File "/home/epicosy/thesis/implementation/repair/SecureThemAll/benchmark/cb-repair/src/operations/simple/genpolls.py", line 12, in __init__\n    super().__init__(**kwargs)\nTypeError: __init__() missing 1 required positional argument: \'challenge\'\n'), (<__main__.TestOperations testMethod=test_checkout>, 'Traceback (most recent call last):\n  File "./src/unit_test.py", line 43, in test_checkout\n    verbose=True)\n  File "/home/epicosy/thesis/implementation/repair/SecureThemAll/benchmark/cb-repair/src/operations/checkout.py", line 16, in __init__\n    super().__init__(**kwargs)\n  File "/home/epicosy/thesis/implementation/repair/SecureThemAll/benchmark/cb-repair/src/core/operation.py", line 13, in __init__\n    super().__init__(**kwargs)\nTypeError: __init__() missing 1 required positional argument: \'challenge\'\n'), (<__main__.TestOperations testMethod=test_compile>, 'Traceback (most recent call last):\n  File "./src/unit_test.py", line 57, in test_compile\n    fix_files=None)\n  File "/home/epicosy/thesis/implementation/repair/SecureThemAll/benchmark/cb-repair/src/operations/compile.py", line 19, in __init__\n    super().__init__(**kwargs)\n  File "/home/epicosy/thesis/implementation/repair/SecureThemAll/benchmark/cb-repair/src/core/operation.py", line 13, in __init__\n    super().__init__(**kwargs)\nTypeError: __init__() missing 1 required positional argument: \'challenge\'\n'), (<__main__.TestOperations testMethod=test_poll>, 'Traceback (most recent call last):\n  File "./src/unit_test.py", line 78, in test_poll\n    neg_tests=None)\n  File "/home/epicosy/thesis/implementation/repair/SecureThemAll/benchmark/cb-repair/src/operations/test.py", line 22, in __init__\n    super().__init__(**kwargs)\n  File "/home/epicosy/thesis/implementation/repair/SecureThemAll/benchmark/cb-repair/src/core/operation.py", line 13, in __init__\n    super().__init__(**kwargs)\nTypeError: __init__() missing 1 required positional argument: \'challenge\'\n'), (<__main__.TestOperations testMethod=test_pov>, 'Traceback (most recent call last):\n  File "./src/unit_test.py", line 103, in test_pov\n    neg_tests=True)\n  File "/home/epicosy/thesis/implementation/repair/SecureThemAll/benchmark/cb-repair/src/operations/test.py", line 22, in __init__\n    super().__init__(**kwargs)\n  File "/home/epicosy/thesis/implementation/repair/SecureThemAll/benchmark/cb-repair/src/core/operation.py", line 13, in __init__\n    super().__init__(**kwargs)\nTypeError: __init__() missing 1 required positional argument: \'challenge\'\n')]
Challenge: Loud_Square_Instant_Messaging_Protocol_LSIMP
	--Tests Run: 5
	--Failures: 0 
	--Errors: 5 [(<__main__.TestOperations testMethod=test_agenpolls>, 'Traceback (most recent call last):\n  File "./src/unit_test.py", line 33, in test_agenpolls\n    verbose=True)\n  File "/home/epicosy/thesis/implementation/repair/SecureThemAll/benchmark/cb-repair/src/operations/simple/genpolls.py", line 12, in __init__\n    super().__init__(**kwargs)\nTypeError: __init__() missing 1 required positional argument: \'challenge\'\n'), (<__main__.TestOperations testMethod=test_checkout>, 'Traceback (most recent call last):\n  File "./src/unit_test.py", line 43, in test_checkout\n    verbose=True)\n  File "/home/epicosy/thesis/implementation/repair/SecureThemAll/benchmark/cb-repair/src/operations/checkout.py", line 16, in __init__\n    super().__init__(**kwargs)\n  File "/home/epicosy/thesis/implementation/repair/SecureThemAll/benchmark/cb-repair/src/core/operation.py", line 13, in __init__\n    super().__init__(**kwargs)\nTypeError: __init__() missing 1 required positional argument: \'challenge\'\n'), (<__main__.TestOperations testMethod=test_compile>, 'Traceback (most recent call last):\n  File "./src/unit_test.py", line 57, in test_compile\n    fix_files=None)\n  File "/home/epicosy/thesis/implementation/repair/SecureThemAll/benchmark/cb-repair/src/operations/compile.py", line 19, in __init__\n    super().__init__(**kwargs)\n  File "/home/epicosy/thesis/implementation/repair/SecureThemAll/benchmark/cb-repair/src/core/operation.py", line 13, in __init__\n    super().__init__(**kwargs)\nTypeError: __init__() missing 1 required positional argument: \'challenge\'\n'), (<__main__.TestOperations testMethod=test_poll>, 'Traceback (most recent call last):\n  File "./src/unit_test.py", line 78, in test_poll\n    neg_tests=None)\n  File "/home/epicosy/thesis/implementation/repair/SecureThemAll/benchmark/cb-repair/src/operations/test.py", line 22, in __init__\n    super().__init__(**kwargs)\n  File "/home/epicosy/thesis/implementation/repair/SecureThemAll/benchmark/cb-repair/src/core/operation.py", line 13, in __init__\n    super().__init__(**kwargs)\nTypeError: __init__() missing 1 required positional argument: \'challenge\'\n'), (<__main__.TestOperations testMethod=test_pov>, 'Traceback (most recent call last):\n  File "./src/unit_test.py", line 103, in test_pov\n    neg_tests=True)\n  File "/home/epicosy/thesis/implementation/repair/SecureThemAll/benchmark/cb-repair/src/operations/test.py", line 22, in __init__\n    super().__init__(**kwargs)\n  File "/home/epicosy/thesis/implementation/repair/SecureThemAll/benchmark/cb-repair/src/core/operation.py", line 13, in __init__\n    super().__init__(**kwargs)\nTypeError: __init__() missing 1 required positional argument: \'challenge\'\n')]
Challenge: Mathematical_Solver
	--Tests Run: 5
	--Failures: 0 
	--Errors: 5 [(<__main__.TestOperations testMethod=test_agenpolls>, 'Traceback (most recent call last):\n  File "./src/unit_test.py", line 33, in test_agenpolls\n    verbose=True)\n  File "/home/epicosy/thesis/implementation/repair/SecureThemAll/benchmark/cb-repair/src/operations/simple/genpolls.py", line 12, in __init__\n    super().__init__(**kwargs)\nTypeError: __init__() missing 1 required positional argument: \'challenge\'\n'), (<__main__.TestOperations testMethod=test_checkout>, 'Traceback (most recent call last):\n  File "./src/unit_test.py", line 43, in test_checkout\n    verbose=True)\n  File "/home/epicosy/thesis/implementation/repair/SecureThemAll/benchmark/cb-repair/src/operations/checkout.py", line 16, in __init__\n    super().__init__(**kwargs)\n  File "/home/epicosy/thesis/implementation/repair/SecureThemAll/benchmark/cb-repair/src/core/operation.py", line 13, in __init__\n    super().__init__(**kwargs)\nTypeError: __init__() missing 1 required positional argument: \'challenge\'\n'), (<__main__.TestOperations testMethod=test_compile>, 'Traceback (most recent call last):\n  File "./src/unit_test.py", line 57, in test_compile\n    fix_files=None)\n  File "/home/epicosy/thesis/implementation/repair/SecureThemAll/benchmark/cb-repair/src/operations/compile.py", line 19, in __init__\n    super().__init__(**kwargs)\n  File "/home/epicosy/thesis/implementation/repair/SecureThemAll/benchmark/cb-repair/src/core/operation.py", line 13, in __init__\n    super().__init__(**kwargs)\nTypeError: __init__() missing 1 required positional argument: \'challenge\'\n'), (<__main__.TestOperations testMethod=test_poll>, 'Traceback (most recent call last):\n  File "./src/unit_test.py", line 78, in test_poll\n    neg_tests=None)\n  File "/home/epicosy/thesis/implementation/repair/SecureThemAll/benchmark/cb-repair/src/operations/test.py", line 22, in __init__\n    super().__init__(**kwargs)\n  File "/home/epicosy/thesis/implementation/repair/SecureThemAll/benchmark/cb-repair/src/core/operation.py", line 13, in __init__\n    super().__init__(**kwargs)\nTypeError: __init__() missing 1 required positional argument: \'challenge\'\n'), (<__main__.TestOperations testMethod=test_pov>, 'Traceback (most recent call last):\n  File "./src/unit_test.py", line 103, in test_pov\n    neg_tests=True)\n  File "/home/epicosy/thesis/implementation/repair/SecureThemAll/benchmark/cb-repair/src/operations/test.py", line 22, in __init__\n    super().__init__(**kwargs)\n  File "/home/epicosy/thesis/implementation/repair/SecureThemAll/benchmark/cb-repair/src/core/operation.py", line 13, in __init__\n    super().__init__(**kwargs)\nTypeError: __init__() missing 1 required positional argument: \'challenge\'\n')]
Challenge: Message_Service
	--Tests Run: 5
	--Failures: 0 
	--Errors: 5 [(<__main__.TestOperations testMethod=test_agenpolls>, 'Traceback (most recent call last):\n  File "./src/unit_test.py", line 33, in test_agenpolls\n    verbose=True)\n  File "/home/epicosy/thesis/implementation/repair/SecureThemAll/benchmark/cb-repair/src/operations/simple/genpolls.py", line 12, in __init__\n    super().__init__(**kwargs)\nTypeError: __init__() missing 1 required positional argument: \'challenge\'\n'), (<__main__.TestOperations testMethod=test_checkout>, 'Traceback (most recent call last):\n  File "./src/unit_test.py", line 43, in test_checkout\n    verbose=True)\n  File "/home/epicosy/thesis/implementation/repair/SecureThemAll/benchmark/cb-repair/src/operations/checkout.py", line 16, in __init__\n    super().__init__(**kwargs)\n  File "/home/epicosy/thesis/implementation/repair/SecureThemAll/benchmark/cb-repair/src/core/operation.py", line 13, in __init__\n    super().__init__(**kwargs)\nTypeError: __init__() missing 1 required positional argument: \'challenge\'\n'), (<__main__.TestOperations testMethod=test_compile>, 'Traceback (most recent call last):\n  File "./src/unit_test.py", line 57, in test_compile\n    fix_files=None)\n  File "/home/epicosy/thesis/implementation/repair/SecureThemAll/benchmark/cb-repair/src/operations/compile.py", line 19, in __init__\n    super().__init__(**kwargs)\n  File "/home/epicosy/thesis/implementation/repair/SecureThemAll/benchmark/cb-repair/src/core/operation.py", line 13, in __init__\n    super().__init__(**kwargs)\nTypeError: __init__() missing 1 required positional argument: \'challenge\'\n'), (<__main__.TestOperations testMethod=test_poll>, 'Traceback (most recent call last):\n  File "./src/unit_test.py", line 78, in test_poll\n    neg_tests=None)\n  File "/home/epicosy/thesis/implementation/repair/SecureThemAll/benchmark/cb-repair/src/operations/test.py", line 22, in __init__\n    super().__init__(**kwargs)\n  File "/home/epicosy/thesis/implementation/repair/SecureThemAll/benchmark/cb-repair/src/core/operation.py", line 13, in __init__\n    super().__init__(**kwargs)\nTypeError: __init__() missing 1 required positional argument: \'challenge\'\n'), (<__main__.TestOperations testMethod=test_pov>, 'Traceback (most recent call last):\n  File "./src/unit_test.py", line 103, in test_pov\n    neg_tests=True)\n  File "/home/epicosy/thesis/implementation/repair/SecureThemAll/benchmark/cb-repair/src/operations/test.py", line 22, in __init__\n    super().__init__(**kwargs)\n  File "/home/epicosy/thesis/implementation/repair/SecureThemAll/benchmark/cb-repair/src/core/operation.py", line 13, in __init__\n    super().__init__(**kwargs)\nTypeError: __init__() missing 1 required positional argument: \'challenge\'\n')]
Challenge: Movie_Rental_Service
	--Tests Run: 5
	--Failures: 0 
	--Errors: 5 [(<__main__.TestOperations testMethod=test_agenpolls>, 'Traceback (most recent call last):\n  File "./src/unit_test.py", line 33, in test_agenpolls\n    verbose=True)\n  File "/home/epicosy/thesis/implementation/repair/SecureThemAll/benchmark/cb-repair/src/operations/simple/genpolls.py", line 12, in __init__\n    super().__init__(**kwargs)\nTypeError: __init__() missing 1 required positional argument: \'challenge\'\n'), (<__main__.TestOperations testMethod=test_checkout>, 'Traceback (most recent call last):\n  File "./src/unit_test.py", line 43, in test_checkout\n    verbose=True)\n  File "/home/epicosy/thesis/implementation/repair/SecureThemAll/benchmark/cb-repair/src/operations/checkout.py", line 16, in __init__\n    super().__init__(**kwargs)\n  File "/home/epicosy/thesis/implementation/repair/SecureThemAll/benchmark/cb-repair/src/core/operation.py", line 13, in __init__\n    super().__init__(**kwargs)\nTypeError: __init__() missing 1 required positional argument: \'challenge\'\n'), (<__main__.TestOperations testMethod=test_compile>, 'Traceback (most recent call last):\n  File "./src/unit_test.py", line 57, in test_compile\n    fix_files=None)\n  File "/home/epicosy/thesis/implementation/repair/SecureThemAll/benchmark/cb-repair/src/operations/compile.py", line 19, in __init__\n    super().__init__(**kwargs)\n  File "/home/epicosy/thesis/implementation/repair/SecureThemAll/benchmark/cb-repair/src/core/operation.py", line 13, in __init__\n    super().__init__(**kwargs)\nTypeError: __init__() missing 1 required positional argument: \'challenge\'\n'), (<__main__.TestOperations testMethod=test_poll>, 'Traceback (most recent call last):\n  File "./src/unit_test.py", line 78, in test_poll\n    neg_tests=None)\n  File "/home/epicosy/thesis/implementation/repair/SecureThemAll/benchmark/cb-repair/src/operations/test.py", line 22, in __init__\n    super().__init__(**kwargs)\n  File "/home/epicosy/thesis/implementation/repair/SecureThemAll/benchmark/cb-repair/src/core/operation.py", line 13, in __init__\n    super().__init__(**kwargs)\nTypeError: __init__() missing 1 required positional argument: \'challenge\'\n'), (<__main__.TestOperations testMethod=test_pov>, 'Traceback (most recent call last):\n  File "./src/unit_test.py", line 103, in test_pov\n    neg_tests=True)\n  File "/home/epicosy/thesis/implementation/repair/SecureThemAll/benchmark/cb-repair/src/operations/test.py", line 22, in __init__\n    super().__init__(**kwargs)\n  File "/home/epicosy/thesis/implementation/repair/SecureThemAll/benchmark/cb-repair/src/core/operation.py", line 13, in __init__\n    super().__init__(**kwargs)\nTypeError: __init__() missing 1 required positional argument: \'challenge\'\n')]
Challenge: Movie_Rental_Service_Redux
	--Tests Run: 5
	--Failures: 0 
	--Errors: 5 [(<__main__.TestOperations testMethod=test_agenpolls>, 'Traceback (most recent call last):\n  File "./src/unit_test.py", line 33, in test_agenpolls\n    verbose=True)\n  File "/home/epicosy/thesis/implementation/repair/SecureThemAll/benchmark/cb-repair/src/operations/simple/genpolls.py", line 12, in __init__\n    super().__init__(**kwargs)\nTypeError: __init__() missing 1 required positional argument: \'challenge\'\n'), (<__main__.TestOperations testMethod=test_checkout>, 'Traceback (most recent call last):\n  File "./src/unit_test.py", line 43, in test_checkout\n    verbose=True)\n  File "/home/epicosy/thesis/implementation/repair/SecureThemAll/benchmark/cb-repair/src/operations/checkout.py", line 16, in __init__\n    super().__init__(**kwargs)\n  File "/home/epicosy/thesis/implementation/repair/SecureThemAll/benchmark/cb-repair/src/core/operation.py", line 13, in __init__\n    super().__init__(**kwargs)\nTypeError: __init__() missing 1 required positional argument: \'challenge\'\n'), (<__main__.TestOperations testMethod=test_compile>, 'Traceback (most recent call last):\n  File "./src/unit_test.py", line 57, in test_compile\n    fix_files=None)\n  File "/home/epicosy/thesis/implementation/repair/SecureThemAll/benchmark/cb-repair/src/operations/compile.py", line 19, in __init__\n    super().__init__(**kwargs)\n  File "/home/epicosy/thesis/implementation/repair/SecureThemAll/benchmark/cb-repair/src/core/operation.py", line 13, in __init__\n    super().__init__(**kwargs)\nTypeError: __init__() missing 1 required positional argument: \'challenge\'\n'), (<__main__.TestOperations testMethod=test_poll>, 'Traceback (most recent call last):\n  File "./src/unit_test.py", line 78, in test_poll\n    neg_tests=None)\n  File "/home/epicosy/thesis/implementation/repair/SecureThemAll/benchmark/cb-repair/src/operations/test.py", line 22, in __init__\n    super().__init__(**kwargs)\n  File "/home/epicosy/thesis/implementation/repair/SecureThemAll/benchmark/cb-repair/src/core/operation.py", line 13, in __init__\n    super().__init__(**kwargs)\nTypeError: __init__() missing 1 required positional argument: \'challenge\'\n'), (<__main__.TestOperations testMethod=test_pov>, 'Traceback (most recent call last):\n  File "./src/unit_test.py", line 103, in test_pov\n    neg_tests=True)\n  File "/home/epicosy/thesis/implementation/repair/SecureThemAll/benchmark/cb-repair/src/operations/test.py", line 22, in __init__\n    super().__init__(**kwargs)\n  File "/home/epicosy/thesis/implementation/repair/SecureThemAll/benchmark/cb-repair/src/core/operation.py", line 13, in __init__\n    super().__init__(**kwargs)\nTypeError: __init__() missing 1 required positional argument: \'challenge\'\n')]
Challenge: PCM_Message_decoder
	--Tests Run: 5
	--Failures: 0 
	--Errors: 5 [(<__main__.TestOperations testMethod=test_agenpolls>, 'Traceback (most recent call last):\n  File "./src/unit_test.py", line 33, in test_agenpolls\n    verbose=True)\n  File "/home/epicosy/thesis/implementation/repair/SecureThemAll/benchmark/cb-repair/src/operations/simple/genpolls.py", line 12, in __init__\n    super().__init__(**kwargs)\nTypeError: __init__() missing 1 required positional argument: \'challenge\'\n'), (<__main__.TestOperations testMethod=test_checkout>, 'Traceback (most recent call last):\n  File "./src/unit_test.py", line 43, in test_checkout\n    verbose=True)\n  File "/home/epicosy/thesis/implementation/repair/SecureThemAll/benchmark/cb-repair/src/operations/checkout.py", line 16, in __init__\n    super().__init__(**kwargs)\n  File "/home/epicosy/thesis/implementation/repair/SecureThemAll/benchmark/cb-repair/src/core/operation.py", line 13, in __init__\n    super().__init__(**kwargs)\nTypeError: __init__() missing 1 required positional argument: \'challenge\'\n'), (<__main__.TestOperations testMethod=test_compile>, 'Traceback (most recent call last):\n  File "./src/unit_test.py", line 57, in test_compile\n    fix_files=None)\n  File "/home/epicosy/thesis/implementation/repair/SecureThemAll/benchmark/cb-repair/src/operations/compile.py", line 19, in __init__\n    super().__init__(**kwargs)\n  File "/home/epicosy/thesis/implementation/repair/SecureThemAll/benchmark/cb-repair/src/core/operation.py", line 13, in __init__\n    super().__init__(**kwargs)\nTypeError: __init__() missing 1 required positional argument: \'challenge\'\n'), (<__main__.TestOperations testMethod=test_poll>, 'Traceback (most recent call last):\n  File "./src/unit_test.py", line 78, in test_poll\n    neg_tests=None)\n  File "/home/epicosy/thesis/implementation/repair/SecureThemAll/benchmark/cb-repair/src/operations/test.py", line 22, in __init__\n    super().__init__(**kwargs)\n  File "/home/epicosy/thesis/implementation/repair/SecureThemAll/benchmark/cb-repair/src/core/operation.py", line 13, in __init__\n    super().__init__(**kwargs)\nTypeError: __init__() missing 1 required positional argument: \'challenge\'\n'), (<__main__.TestOperations testMethod=test_pov>, 'Traceback (most recent call last):\n  File "./src/unit_test.py", line 103, in test_pov\n    neg_tests=True)\n  File "/home/epicosy/thesis/implementation/repair/SecureThemAll/benchmark/cb-repair/src/operations/test.py", line 22, in __init__\n    super().__init__(**kwargs)\n  File "/home/epicosy/thesis/implementation/repair/SecureThemAll/benchmark/cb-repair/src/core/operation.py", line 13, in __init__\n    super().__init__(**kwargs)\nTypeError: __init__() missing 1 required positional argument: \'challenge\'\n')]
Challenge: Particle_Simulator
	--Tests Run: 5
	--Failures: 0 
	--Errors: 5 [(<__main__.TestOperations testMethod=test_agenpolls>, 'Traceback (most recent call last):\n  File "./src/unit_test.py", line 33, in test_agenpolls\n    verbose=True)\n  File "/home/epicosy/thesis/implementation/repair/SecureThemAll/benchmark/cb-repair/src/operations/simple/genpolls.py", line 12, in __init__\n    super().__init__(**kwargs)\nTypeError: __init__() missing 1 required positional argument: \'challenge\'\n'), (<__main__.TestOperations testMethod=test_checkout>, 'Traceback (most recent call last):\n  File "./src/unit_test.py", line 43, in test_checkout\n    verbose=True)\n  File "/home/epicosy/thesis/implementation/repair/SecureThemAll/benchmark/cb-repair/src/operations/checkout.py", line 16, in __init__\n    super().__init__(**kwargs)\n  File "/home/epicosy/thesis/implementation/repair/SecureThemAll/benchmark/cb-repair/src/core/operation.py", line 13, in __init__\n    super().__init__(**kwargs)\nTypeError: __init__() missing 1 required positional argument: \'challenge\'\n'), (<__main__.TestOperations testMethod=test_compile>, 'Traceback (most recent call last):\n  File "./src/unit_test.py", line 57, in test_compile\n    fix_files=None)\n  File "/home/epicosy/thesis/implementation/repair/SecureThemAll/benchmark/cb-repair/src/operations/compile.py", line 19, in __init__\n    super().__init__(**kwargs)\n  File "/home/epicosy/thesis/implementation/repair/SecureThemAll/benchmark/cb-repair/src/core/operation.py", line 13, in __init__\n    super().__init__(**kwargs)\nTypeError: __init__() missing 1 required positional argument: \'challenge\'\n'), (<__main__.TestOperations testMethod=test_poll>, 'Traceback (most recent call last):\n  File "./src/unit_test.py", line 78, in test_poll\n    neg_tests=None)\n  File "/home/epicosy/thesis/implementation/repair/SecureThemAll/benchmark/cb-repair/src/operations/test.py", line 22, in __init__\n    super().__init__(**kwargs)\n  File "/home/epicosy/thesis/implementation/repair/SecureThemAll/benchmark/cb-repair/src/core/operation.py", line 13, in __init__\n    super().__init__(**kwargs)\nTypeError: __init__() missing 1 required positional argument: \'challenge\'\n'), (<__main__.TestOperations testMethod=test_pov>, 'Traceback (most recent call last):\n  File "./src/unit_test.py", line 103, in test_pov\n    neg_tests=True)\n  File "/home/epicosy/thesis/implementation/repair/SecureThemAll/benchmark/cb-repair/src/operations/test.py", line 22, in __init__\n    super().__init__(**kwargs)\n  File "/home/epicosy/thesis/implementation/repair/SecureThemAll/benchmark/cb-repair/src/core/operation.py", line 13, in __init__\n    super().__init__(**kwargs)\nTypeError: __init__() missing 1 required positional argument: \'challenge\'\n')]
Challenge: QuadtreeConways
	--Tests Run: 5
	--Failures: 0 
	--Errors: 5 [(<__main__.TestOperations testMethod=test_agenpolls>, 'Traceback (most recent call last):\n  File "./src/unit_test.py", line 33, in test_agenpolls\n    verbose=True)\n  File "/home/epicosy/thesis/implementation/repair/SecureThemAll/benchmark/cb-repair/src/operations/simple/genpolls.py", line 12, in __init__\n    super().__init__(**kwargs)\nTypeError: __init__() missing 1 required positional argument: \'challenge\'\n'), (<__main__.TestOperations testMethod=test_checkout>, 'Traceback (most recent call last):\n  File "./src/unit_test.py", line 43, in test_checkout\n    verbose=True)\n  File "/home/epicosy/thesis/implementation/repair/SecureThemAll/benchmark/cb-repair/src/operations/checkout.py", line 16, in __init__\n    super().__init__(**kwargs)\n  File "/home/epicosy/thesis/implementation/repair/SecureThemAll/benchmark/cb-repair/src/core/operation.py", line 13, in __init__\n    super().__init__(**kwargs)\nTypeError: __init__() missing 1 required positional argument: \'challenge\'\n'), (<__main__.TestOperations testMethod=test_compile>, 'Traceback (most recent call last):\n  File "./src/unit_test.py", line 57, in test_compile\n    fix_files=None)\n  File "/home/epicosy/thesis/implementation/repair/SecureThemAll/benchmark/cb-repair/src/operations/compile.py", line 19, in __init__\n    super().__init__(**kwargs)\n  File "/home/epicosy/thesis/implementation/repair/SecureThemAll/benchmark/cb-repair/src/core/operation.py", line 13, in __init__\n    super().__init__(**kwargs)\nTypeError: __init__() missing 1 required positional argument: \'challenge\'\n'), (<__main__.TestOperations testMethod=test_poll>, 'Traceback (most recent call last):\n  File "./src/unit_test.py", line 78, in test_poll\n    neg_tests=None)\n  File "/home/epicosy/thesis/implementation/repair/SecureThemAll/benchmark/cb-repair/src/operations/test.py", line 22, in __init__\n    super().__init__(**kwargs)\n  File "/home/epicosy/thesis/implementation/repair/SecureThemAll/benchmark/cb-repair/src/core/operation.py", line 13, in __init__\n    super().__init__(**kwargs)\nTypeError: __init__() missing 1 required positional argument: \'challenge\'\n'), (<__main__.TestOperations testMethod=test_pov>, 'Traceback (most recent call last):\n  File "./src/unit_test.py", line 103, in test_pov\n    neg_tests=True)\n  File "/home/epicosy/thesis/implementation/repair/SecureThemAll/benchmark/cb-repair/src/operations/test.py", line 22, in __init__\n    super().__init__(**kwargs)\n  File "/home/epicosy/thesis/implementation/repair/SecureThemAll/benchmark/cb-repair/src/core/operation.py", line 13, in __init__\n    super().__init__(**kwargs)\nTypeError: __init__() missing 1 required positional argument: \'challenge\'\n')]
Challenge: RAM_based_filesystem
	--Tests Run: 5
	--Failures: 0 
	--Errors: 5 [(<__main__.TestOperations testMethod=test_agenpolls>, 'Traceback (most recent call last):\n  File "./src/unit_test.py", line 33, in test_agenpolls\n    verbose=True)\n  File "/home/epicosy/thesis/implementation/repair/SecureThemAll/benchmark/cb-repair/src/operations/simple/genpolls.py", line 12, in __init__\n    super().__init__(**kwargs)\nTypeError: __init__() missing 1 required positional argument: \'challenge\'\n'), (<__main__.TestOperations testMethod=test_checkout>, 'Traceback (most recent call last):\n  File "./src/unit_test.py", line 43, in test_checkout\n    verbose=True)\n  File "/home/epicosy/thesis/implementation/repair/SecureThemAll/benchmark/cb-repair/src/operations/checkout.py", line 16, in __init__\n    super().__init__(**kwargs)\n  File "/home/epicosy/thesis/implementation/repair/SecureThemAll/benchmark/cb-repair/src/core/operation.py", line 13, in __init__\n    super().__init__(**kwargs)\nTypeError: __init__() missing 1 required positional argument: \'challenge\'\n'), (<__main__.TestOperations testMethod=test_compile>, 'Traceback (most recent call last):\n  File "./src/unit_test.py", line 57, in test_compile\n    fix_files=None)\n  File "/home/epicosy/thesis/implementation/repair/SecureThemAll/benchmark/cb-repair/src/operations/compile.py", line 19, in __init__\n    super().__init__(**kwargs)\n  File "/home/epicosy/thesis/implementation/repair/SecureThemAll/benchmark/cb-repair/src/core/operation.py", line 13, in __init__\n    super().__init__(**kwargs)\nTypeError: __init__() missing 1 required positional argument: \'challenge\'\n'), (<__main__.TestOperations testMethod=test_poll>, 'Traceback (most recent call last):\n  File "./src/unit_test.py", line 78, in test_poll\n    neg_tests=None)\n  File "/home/epicosy/thesis/implementation/repair/SecureThemAll/benchmark/cb-repair/src/operations/test.py", line 22, in __init__\n    super().__init__(**kwargs)\n  File "/home/epicosy/thesis/implementation/repair/SecureThemAll/benchmark/cb-repair/src/core/operation.py", line 13, in __init__\n    super().__init__(**kwargs)\nTypeError: __init__() missing 1 required positional argument: \'challenge\'\n'), (<__main__.TestOperations testMethod=test_pov>, 'Traceback (most recent call last):\n  File "./src/unit_test.py", line 103, in test_pov\n    neg_tests=True)\n  File "/home/epicosy/thesis/implementation/repair/SecureThemAll/benchmark/cb-repair/src/operations/test.py", line 22, in __init__\n    super().__init__(**kwargs)\n  File "/home/epicosy/thesis/implementation/repair/SecureThemAll/benchmark/cb-repair/src/core/operation.py", line 13, in __init__\n    super().__init__(**kwargs)\nTypeError: __init__() missing 1 required positional argument: \'challenge\'\n')]
Challenge: SFTSCBSISS
	--Tests Run: 5
	--Failures: 0 
	--Errors: 5 [(<__main__.TestOperations testMethod=test_agenpolls>, 'Traceback (most recent call last):\n  File "./src/unit_test.py", line 33, in test_agenpolls\n    verbose=True)\n  File "/home/epicosy/thesis/implementation/repair/SecureThemAll/benchmark/cb-repair/src/operations/simple/genpolls.py", line 12, in __init__\n    super().__init__(**kwargs)\nTypeError: __init__() missing 1 required positional argument: \'challenge\'\n'), (<__main__.TestOperations testMethod=test_checkout>, 'Traceback (most recent call last):\n  File "./src/unit_test.py", line 43, in test_checkout\n    verbose=True)\n  File "/home/epicosy/thesis/implementation/repair/SecureThemAll/benchmark/cb-repair/src/operations/checkout.py", line 16, in __init__\n    super().__init__(**kwargs)\n  File "/home/epicosy/thesis/implementation/repair/SecureThemAll/benchmark/cb-repair/src/core/operation.py", line 13, in __init__\n    super().__init__(**kwargs)\nTypeError: __init__() missing 1 required positional argument: \'challenge\'\n'), (<__main__.TestOperations testMethod=test_compile>, 'Traceback (most recent call last):\n  File "./src/unit_test.py", line 57, in test_compile\n    fix_files=None)\n  File "/home/epicosy/thesis/implementation/repair/SecureThemAll/benchmark/cb-repair/src/operations/compile.py", line 19, in __init__\n    super().__init__(**kwargs)\n  File "/home/epicosy/thesis/implementation/repair/SecureThemAll/benchmark/cb-repair/src/core/operation.py", line 13, in __init__\n    super().__init__(**kwargs)\nTypeError: __init__() missing 1 required positional argument: \'challenge\'\n'), (<__main__.TestOperations testMethod=test_poll>, 'Traceback (most recent call last):\n  File "./src/unit_test.py", line 78, in test_poll\n    neg_tests=None)\n  File "/home/epicosy/thesis/implementation/repair/SecureThemAll/benchmark/cb-repair/src/operations/test.py", line 22, in __init__\n    super().__init__(**kwargs)\n  File "/home/epicosy/thesis/implementation/repair/SecureThemAll/benchmark/cb-repair/src/core/operation.py", line 13, in __init__\n    super().__init__(**kwargs)\nTypeError: __init__() missing 1 required positional argument: \'challenge\'\n'), (<__main__.TestOperations testMethod=test_pov>, 'Traceback (most recent call last):\n  File "./src/unit_test.py", line 103, in test_pov\n    neg_tests=True)\n  File "/home/epicosy/thesis/implementation/repair/SecureThemAll/benchmark/cb-repair/src/operations/test.py", line 22, in __init__\n    super().__init__(**kwargs)\n  File "/home/epicosy/thesis/implementation/repair/SecureThemAll/benchmark/cb-repair/src/core/operation.py", line 13, in __init__\n    super().__init__(**kwargs)\nTypeError: __init__() missing 1 required positional argument: \'challenge\'\n')]
Challenge: SLUR_reference_implementation
	--Tests Run: 5
	--Failures: 0 
	--Errors: 5 [(<__main__.TestOperations testMethod=test_agenpolls>, 'Traceback (most recent call last):\n  File "./src/unit_test.py", line 33, in test_agenpolls\n    verbose=True)\n  File "/home/epicosy/thesis/implementation/repair/SecureThemAll/benchmark/cb-repair/src/operations/simple/genpolls.py", line 12, in __init__\n    super().__init__(**kwargs)\nTypeError: __init__() missing 1 required positional argument: \'challenge\'\n'), (<__main__.TestOperations testMethod=test_checkout>, 'Traceback (most recent call last):\n  File "./src/unit_test.py", line 43, in test_checkout\n    verbose=True)\n  File "/home/epicosy/thesis/implementation/repair/SecureThemAll/benchmark/cb-repair/src/operations/checkout.py", line 16, in __init__\n    super().__init__(**kwargs)\n  File "/home/epicosy/thesis/implementation/repair/SecureThemAll/benchmark/cb-repair/src/core/operation.py", line 13, in __init__\n    super().__init__(**kwargs)\nTypeError: __init__() missing 1 required positional argument: \'challenge\'\n'), (<__main__.TestOperations testMethod=test_compile>, 'Traceback (most recent call last):\n  File "./src/unit_test.py", line 57, in test_compile\n    fix_files=None)\n  File "/home/epicosy/thesis/implementation/repair/SecureThemAll/benchmark/cb-repair/src/operations/compile.py", line 19, in __init__\n    super().__init__(**kwargs)\n  File "/home/epicosy/thesis/implementation/repair/SecureThemAll/benchmark/cb-repair/src/core/operation.py", line 13, in __init__\n    super().__init__(**kwargs)\nTypeError: __init__() missing 1 required positional argument: \'challenge\'\n'), (<__main__.TestOperations testMethod=test_poll>, 'Traceback (most recent call last):\n  File "./src/unit_test.py", line 78, in test_poll\n    neg_tests=None)\n  File "/home/epicosy/thesis/implementation/repair/SecureThemAll/benchmark/cb-repair/src/operations/test.py", line 22, in __init__\n    super().__init__(**kwargs)\n  File "/home/epicosy/thesis/implementation/repair/SecureThemAll/benchmark/cb-repair/src/core/operation.py", line 13, in __init__\n    super().__init__(**kwargs)\nTypeError: __init__() missing 1 required positional argument: \'challenge\'\n'), (<__main__.TestOperations testMethod=test_pov>, 'Traceback (most recent call last):\n  File "./src/unit_test.py", line 103, in test_pov\n    neg_tests=True)\n  File "/home/epicosy/thesis/implementation/repair/SecureThemAll/benchmark/cb-repair/src/operations/test.py", line 22, in __init__\n    super().__init__(**kwargs)\n  File "/home/epicosy/thesis/implementation/repair/SecureThemAll/benchmark/cb-repair/src/core/operation.py", line 13, in __init__\n    super().__init__(**kwargs)\nTypeError: __init__() missing 1 required positional argument: \'challenge\'\n')]
Challenge: SOLFEDGE
	--Tests Run: 5
	--Failures: 0 
	--Errors: 5 [(<__main__.TestOperations testMethod=test_agenpolls>, 'Traceback (most recent call last):\n  File "./src/unit_test.py", line 33, in test_agenpolls\n    verbose=True)\n  File "/home/epicosy/thesis/implementation/repair/SecureThemAll/benchmark/cb-repair/src/operations/simple/genpolls.py", line 12, in __init__\n    super().__init__(**kwargs)\nTypeError: __init__() missing 1 required positional argument: \'challenge\'\n'), (<__main__.TestOperations testMethod=test_checkout>, 'Traceback (most recent call last):\n  File "./src/unit_test.py", line 43, in test_checkout\n    verbose=True)\n  File "/home/epicosy/thesis/implementation/repair/SecureThemAll/benchmark/cb-repair/src/operations/checkout.py", line 16, in __init__\n    super().__init__(**kwargs)\n  File "/home/epicosy/thesis/implementation/repair/SecureThemAll/benchmark/cb-repair/src/core/operation.py", line 13, in __init__\n    super().__init__(**kwargs)\nTypeError: __init__() missing 1 required positional argument: \'challenge\'\n'), (<__main__.TestOperations testMethod=test_compile>, 'Traceback (most recent call last):\n  File "./src/unit_test.py", line 57, in test_compile\n    fix_files=None)\n  File "/home/epicosy/thesis/implementation/repair/SecureThemAll/benchmark/cb-repair/src/operations/compile.py", line 19, in __init__\n    super().__init__(**kwargs)\n  File "/home/epicosy/thesis/implementation/repair/SecureThemAll/benchmark/cb-repair/src/core/operation.py", line 13, in __init__\n    super().__init__(**kwargs)\nTypeError: __init__() missing 1 required positional argument: \'challenge\'\n'), (<__main__.TestOperations testMethod=test_poll>, 'Traceback (most recent call last):\n  File "./src/unit_test.py", line 78, in test_poll\n    neg_tests=None)\n  File "/home/epicosy/thesis/implementation/repair/SecureThemAll/benchmark/cb-repair/src/operations/test.py", line 22, in __init__\n    super().__init__(**kwargs)\n  File "/home/epicosy/thesis/implementation/repair/SecureThemAll/benchmark/cb-repair/src/core/operation.py", line 13, in __init__\n    super().__init__(**kwargs)\nTypeError: __init__() missing 1 required positional argument: \'challenge\'\n'), (<__main__.TestOperations testMethod=test_pov>, 'Traceback (most recent call last):\n  File "./src/unit_test.py", line 103, in test_pov\n    neg_tests=True)\n  File "/home/epicosy/thesis/implementation/repair/SecureThemAll/benchmark/cb-repair/src/operations/test.py", line 22, in __init__\n    super().__init__(**kwargs)\n  File "/home/epicosy/thesis/implementation/repair/SecureThemAll/benchmark/cb-repair/src/core/operation.py", line 13, in __init__\n    super().__init__(**kwargs)\nTypeError: __init__() missing 1 required positional argument: \'challenge\'\n')]
Challenge: SPIFFS
	--Tests Run: 5
	--Failures: 0 
	--Errors: 5 [(<__main__.TestOperations testMethod=test_agenpolls>, 'Traceback (most recent call last):\n  File "./src/unit_test.py", line 33, in test_agenpolls\n    verbose=True)\n  File "/home/epicosy/thesis/implementation/repair/SecureThemAll/benchmark/cb-repair/src/operations/simple/genpolls.py", line 12, in __init__\n    super().__init__(**kwargs)\nTypeError: __init__() missing 1 required positional argument: \'challenge\'\n'), (<__main__.TestOperations testMethod=test_checkout>, 'Traceback (most recent call last):\n  File "./src/unit_test.py", line 43, in test_checkout\n    verbose=True)\n  File "/home/epicosy/thesis/implementation/repair/SecureThemAll/benchmark/cb-repair/src/operations/checkout.py", line 16, in __init__\n    super().__init__(**kwargs)\n  File "/home/epicosy/thesis/implementation/repair/SecureThemAll/benchmark/cb-repair/src/core/operation.py", line 13, in __init__\n    super().__init__(**kwargs)\nTypeError: __init__() missing 1 required positional argument: \'challenge\'\n'), (<__main__.TestOperations testMethod=test_compile>, 'Traceback (most recent call last):\n  File "./src/unit_test.py", line 57, in test_compile\n    fix_files=None)\n  File "/home/epicosy/thesis/implementation/repair/SecureThemAll/benchmark/cb-repair/src/operations/compile.py", line 19, in __init__\n    super().__init__(**kwargs)\n  File "/home/epicosy/thesis/implementation/repair/SecureThemAll/benchmark/cb-repair/src/core/operation.py", line 13, in __init__\n    super().__init__(**kwargs)\nTypeError: __init__() missing 1 required positional argument: \'challenge\'\n'), (<__main__.TestOperations testMethod=test_poll>, 'Traceback (most recent call last):\n  File "./src/unit_test.py", line 78, in test_poll\n    neg_tests=None)\n  File "/home/epicosy/thesis/implementation/repair/SecureThemAll/benchmark/cb-repair/src/operations/test.py", line 22, in __init__\n    super().__init__(**kwargs)\n  File "/home/epicosy/thesis/implementation/repair/SecureThemAll/benchmark/cb-repair/src/core/operation.py", line 13, in __init__\n    super().__init__(**kwargs)\nTypeError: __init__() missing 1 required positional argument: \'challenge\'\n'), (<__main__.TestOperations testMethod=test_pov>, 'Traceback (most recent call last):\n  File "./src/unit_test.py", line 103, in test_pov\n    neg_tests=True)\n  File "/home/epicosy/thesis/implementation/repair/SecureThemAll/benchmark/cb-repair/src/operations/test.py", line 22, in __init__\n    super().__init__(**kwargs)\n  File "/home/epicosy/thesis/implementation/repair/SecureThemAll/benchmark/cb-repair/src/core/operation.py", line 13, in __init__\n    super().__init__(**kwargs)\nTypeError: __init__() missing 1 required positional argument: \'challenge\'\n')]
Challenge: Sad_Face_Template_Engine_SFTE
	--Tests Run: 5
	--Failures: 0 
	--Errors: 5 [(<__main__.TestOperations testMethod=test_agenpolls>, 'Traceback (most recent call last):\n  File "./src/unit_test.py", line 33, in test_agenpolls\n    verbose=True)\n  File "/home/epicosy/thesis/implementation/repair/SecureThemAll/benchmark/cb-repair/src/operations/simple/genpolls.py", line 12, in __init__\n    super().__init__(**kwargs)\nTypeError: __init__() missing 1 required positional argument: \'challenge\'\n'), (<__main__.TestOperations testMethod=test_checkout>, 'Traceback (most recent call last):\n  File "./src/unit_test.py", line 43, in test_checkout\n    verbose=True)\n  File "/home/epicosy/thesis/implementation/repair/SecureThemAll/benchmark/cb-repair/src/operations/checkout.py", line 16, in __init__\n    super().__init__(**kwargs)\n  File "/home/epicosy/thesis/implementation/repair/SecureThemAll/benchmark/cb-repair/src/core/operation.py", line 13, in __init__\n    super().__init__(**kwargs)\nTypeError: __init__() missing 1 required positional argument: \'challenge\'\n'), (<__main__.TestOperations testMethod=test_compile>, 'Traceback (most recent call last):\n  File "./src/unit_test.py", line 57, in test_compile\n    fix_files=None)\n  File "/home/epicosy/thesis/implementation/repair/SecureThemAll/benchmark/cb-repair/src/operations/compile.py", line 19, in __init__\n    super().__init__(**kwargs)\n  File "/home/epicosy/thesis/implementation/repair/SecureThemAll/benchmark/cb-repair/src/core/operation.py", line 13, in __init__\n    super().__init__(**kwargs)\nTypeError: __init__() missing 1 required positional argument: \'challenge\'\n'), (<__main__.TestOperations testMethod=test_poll>, 'Traceback (most recent call last):\n  File "./src/unit_test.py", line 78, in test_poll\n    neg_tests=None)\n  File "/home/epicosy/thesis/implementation/repair/SecureThemAll/benchmark/cb-repair/src/operations/test.py", line 22, in __init__\n    super().__init__(**kwargs)\n  File "/home/epicosy/thesis/implementation/repair/SecureThemAll/benchmark/cb-repair/src/core/operation.py", line 13, in __init__\n    super().__init__(**kwargs)\nTypeError: __init__() missing 1 required positional argument: \'challenge\'\n'), (<__main__.TestOperations testMethod=test_pov>, 'Traceback (most recent call last):\n  File "./src/unit_test.py", line 103, in test_pov\n    neg_tests=True)\n  File "/home/epicosy/thesis/implementation/repair/SecureThemAll/benchmark/cb-repair/src/operations/test.py", line 22, in __init__\n    super().__init__(**kwargs)\n  File "/home/epicosy/thesis/implementation/repair/SecureThemAll/benchmark/cb-repair/src/core/operation.py", line 13, in __init__\n    super().__init__(**kwargs)\nTypeError: __init__() missing 1 required positional argument: \'challenge\'\n')]
Challenge: Scrum_Database
	--Tests Run: 5
	--Failures: 0 
	--Errors: 5 [(<__main__.TestOperations testMethod=test_agenpolls>, 'Traceback (most recent call last):\n  File "./src/unit_test.py", line 33, in test_agenpolls\n    verbose=True)\n  File "/home/epicosy/thesis/implementation/repair/SecureThemAll/benchmark/cb-repair/src/operations/simple/genpolls.py", line 12, in __init__\n    super().__init__(**kwargs)\nTypeError: __init__() missing 1 required positional argument: \'challenge\'\n'), (<__main__.TestOperations testMethod=test_checkout>, 'Traceback (most recent call last):\n  File "./src/unit_test.py", line 43, in test_checkout\n    verbose=True)\n  File "/home/epicosy/thesis/implementation/repair/SecureThemAll/benchmark/cb-repair/src/operations/checkout.py", line 16, in __init__\n    super().__init__(**kwargs)\n  File "/home/epicosy/thesis/implementation/repair/SecureThemAll/benchmark/cb-repair/src/core/operation.py", line 13, in __init__\n    super().__init__(**kwargs)\nTypeError: __init__() missing 1 required positional argument: \'challenge\'\n'), (<__main__.TestOperations testMethod=test_compile>, 'Traceback (most recent call last):\n  File "./src/unit_test.py", line 57, in test_compile\n    fix_files=None)\n  File "/home/epicosy/thesis/implementation/repair/SecureThemAll/benchmark/cb-repair/src/operations/compile.py", line 19, in __init__\n    super().__init__(**kwargs)\n  File "/home/epicosy/thesis/implementation/repair/SecureThemAll/benchmark/cb-repair/src/core/operation.py", line 13, in __init__\n    super().__init__(**kwargs)\nTypeError: __init__() missing 1 required positional argument: \'challenge\'\n'), (<__main__.TestOperations testMethod=test_poll>, 'Traceback (most recent call last):\n  File "./src/unit_test.py", line 78, in test_poll\n    neg_tests=None)\n  File "/home/epicosy/thesis/implementation/repair/SecureThemAll/benchmark/cb-repair/src/operations/test.py", line 22, in __init__\n    super().__init__(**kwargs)\n  File "/home/epicosy/thesis/implementation/repair/SecureThemAll/benchmark/cb-repair/src/core/operation.py", line 13, in __init__\n    super().__init__(**kwargs)\nTypeError: __init__() missing 1 required positional argument: \'challenge\'\n'), (<__main__.TestOperations testMethod=test_pov>, 'Traceback (most recent call last):\n  File "./src/unit_test.py", line 103, in test_pov\n    neg_tests=True)\n  File "/home/epicosy/thesis/implementation/repair/SecureThemAll/benchmark/cb-repair/src/operations/test.py", line 22, in __init__\n    super().__init__(**kwargs)\n  File "/home/epicosy/thesis/implementation/repair/SecureThemAll/benchmark/cb-repair/src/core/operation.py", line 13, in __init__\n    super().__init__(**kwargs)\nTypeError: __init__() missing 1 required positional argument: \'challenge\'\n')]
Challenge: ShoutCTF
	--Tests Run: 5
	--Failures: 0 
	--Errors: 5 [(<__main__.TestOperations testMethod=test_agenpolls>, 'Traceback (most recent call last):\n  File "./src/unit_test.py", line 33, in test_agenpolls\n    verbose=True)\n  File "/home/epicosy/thesis/implementation/repair/SecureThemAll/benchmark/cb-repair/src/operations/simple/genpolls.py", line 12, in __init__\n    super().__init__(**kwargs)\nTypeError: __init__() missing 1 required positional argument: \'challenge\'\n'), (<__main__.TestOperations testMethod=test_checkout>, 'Traceback (most recent call last):\n  File "./src/unit_test.py", line 43, in test_checkout\n    verbose=True)\n  File "/home/epicosy/thesis/implementation/repair/SecureThemAll/benchmark/cb-repair/src/operations/checkout.py", line 16, in __init__\n    super().__init__(**kwargs)\n  File "/home/epicosy/thesis/implementation/repair/SecureThemAll/benchmark/cb-repair/src/core/operation.py", line 13, in __init__\n    super().__init__(**kwargs)\nTypeError: __init__() missing 1 required positional argument: \'challenge\'\n'), (<__main__.TestOperations testMethod=test_compile>, 'Traceback (most recent call last):\n  File "./src/unit_test.py", line 57, in test_compile\n    fix_files=None)\n  File "/home/epicosy/thesis/implementation/repair/SecureThemAll/benchmark/cb-repair/src/operations/compile.py", line 19, in __init__\n    super().__init__(**kwargs)\n  File "/home/epicosy/thesis/implementation/repair/SecureThemAll/benchmark/cb-repair/src/core/operation.py", line 13, in __init__\n    super().__init__(**kwargs)\nTypeError: __init__() missing 1 required positional argument: \'challenge\'\n'), (<__main__.TestOperations testMethod=test_poll>, 'Traceback (most recent call last):\n  File "./src/unit_test.py", line 78, in test_poll\n    neg_tests=None)\n  File "/home/epicosy/thesis/implementation/repair/SecureThemAll/benchmark/cb-repair/src/operations/test.py", line 22, in __init__\n    super().__init__(**kwargs)\n  File "/home/epicosy/thesis/implementation/repair/SecureThemAll/benchmark/cb-repair/src/core/operation.py", line 13, in __init__\n    super().__init__(**kwargs)\nTypeError: __init__() missing 1 required positional argument: \'challenge\'\n'), (<__main__.TestOperations testMethod=test_pov>, 'Traceback (most recent call last):\n  File "./src/unit_test.py", line 103, in test_pov\n    neg_tests=True)\n  File "/home/epicosy/thesis/implementation/repair/SecureThemAll/benchmark/cb-repair/src/operations/test.py", line 22, in __init__\n    super().__init__(**kwargs)\n  File "/home/epicosy/thesis/implementation/repair/SecureThemAll/benchmark/cb-repair/src/core/operation.py", line 13, in __init__\n    super().__init__(**kwargs)\nTypeError: __init__() missing 1 required positional argument: \'challenge\'\n')]
Challenge: Simple_Stack_Machine
	--Tests Run: 5
	--Failures: 0 
	--Errors: 5 [(<__main__.TestOperations testMethod=test_agenpolls>, 'Traceback (most recent call last):\n  File "./src/unit_test.py", line 33, in test_agenpolls\n    verbose=True)\n  File "/home/epicosy/thesis/implementation/repair/SecureThemAll/benchmark/cb-repair/src/operations/simple/genpolls.py", line 12, in __init__\n    super().__init__(**kwargs)\nTypeError: __init__() missing 1 required positional argument: \'challenge\'\n'), (<__main__.TestOperations testMethod=test_checkout>, 'Traceback (most recent call last):\n  File "./src/unit_test.py", line 43, in test_checkout\n    verbose=True)\n  File "/home/epicosy/thesis/implementation/repair/SecureThemAll/benchmark/cb-repair/src/operations/checkout.py", line 16, in __init__\n    super().__init__(**kwargs)\n  File "/home/epicosy/thesis/implementation/repair/SecureThemAll/benchmark/cb-repair/src/core/operation.py", line 13, in __init__\n    super().__init__(**kwargs)\nTypeError: __init__() missing 1 required positional argument: \'challenge\'\n'), (<__main__.TestOperations testMethod=test_compile>, 'Traceback (most recent call last):\n  File "./src/unit_test.py", line 57, in test_compile\n    fix_files=None)\n  File "/home/epicosy/thesis/implementation/repair/SecureThemAll/benchmark/cb-repair/src/operations/compile.py", line 19, in __init__\n    super().__init__(**kwargs)\n  File "/home/epicosy/thesis/implementation/repair/SecureThemAll/benchmark/cb-repair/src/core/operation.py", line 13, in __init__\n    super().__init__(**kwargs)\nTypeError: __init__() missing 1 required positional argument: \'challenge\'\n'), (<__main__.TestOperations testMethod=test_poll>, 'Traceback (most recent call last):\n  File "./src/unit_test.py", line 78, in test_poll\n    neg_tests=None)\n  File "/home/epicosy/thesis/implementation/repair/SecureThemAll/benchmark/cb-repair/src/operations/test.py", line 22, in __init__\n    super().__init__(**kwargs)\n  File "/home/epicosy/thesis/implementation/repair/SecureThemAll/benchmark/cb-repair/src/core/operation.py", line 13, in __init__\n    super().__init__(**kwargs)\nTypeError: __init__() missing 1 required positional argument: \'challenge\'\n'), (<__main__.TestOperations testMethod=test_pov>, 'Traceback (most recent call last):\n  File "./src/unit_test.py", line 103, in test_pov\n    neg_tests=True)\n  File "/home/epicosy/thesis/implementation/repair/SecureThemAll/benchmark/cb-repair/src/operations/test.py", line 22, in __init__\n    super().__init__(**kwargs)\n  File "/home/epicosy/thesis/implementation/repair/SecureThemAll/benchmark/cb-repair/src/core/operation.py", line 13, in __init__\n    super().__init__(**kwargs)\nTypeError: __init__() missing 1 required positional argument: \'challenge\'\n')]
Challenge: Single-Sign-On
	--Tests Run: 5
	--Failures: 0 
	--Errors: 5 [(<__main__.TestOperations testMethod=test_agenpolls>, 'Traceback (most recent call last):\n  File "./src/unit_test.py", line 33, in test_agenpolls\n    verbose=True)\n  File "/home/epicosy/thesis/implementation/repair/SecureThemAll/benchmark/cb-repair/src/operations/simple/genpolls.py", line 12, in __init__\n    super().__init__(**kwargs)\nTypeError: __init__() missing 1 required positional argument: \'challenge\'\n'), (<__main__.TestOperations testMethod=test_checkout>, 'Traceback (most recent call last):\n  File "./src/unit_test.py", line 43, in test_checkout\n    verbose=True)\n  File "/home/epicosy/thesis/implementation/repair/SecureThemAll/benchmark/cb-repair/src/operations/checkout.py", line 16, in __init__\n    super().__init__(**kwargs)\n  File "/home/epicosy/thesis/implementation/repair/SecureThemAll/benchmark/cb-repair/src/core/operation.py", line 13, in __init__\n    super().__init__(**kwargs)\nTypeError: __init__() missing 1 required positional argument: \'challenge\'\n'), (<__main__.TestOperations testMethod=test_compile>, 'Traceback (most recent call last):\n  File "./src/unit_test.py", line 57, in test_compile\n    fix_files=None)\n  File "/home/epicosy/thesis/implementation/repair/SecureThemAll/benchmark/cb-repair/src/operations/compile.py", line 19, in __init__\n    super().__init__(**kwargs)\n  File "/home/epicosy/thesis/implementation/repair/SecureThemAll/benchmark/cb-repair/src/core/operation.py", line 13, in __init__\n    super().__init__(**kwargs)\nTypeError: __init__() missing 1 required positional argument: \'challenge\'\n'), (<__main__.TestOperations testMethod=test_poll>, 'Traceback (most recent call last):\n  File "./src/unit_test.py", line 78, in test_poll\n    neg_tests=None)\n  File "/home/epicosy/thesis/implementation/repair/SecureThemAll/benchmark/cb-repair/src/operations/test.py", line 22, in __init__\n    super().__init__(**kwargs)\n  File "/home/epicosy/thesis/implementation/repair/SecureThemAll/benchmark/cb-repair/src/core/operation.py", line 13, in __init__\n    super().__init__(**kwargs)\nTypeError: __init__() missing 1 required positional argument: \'challenge\'\n'), (<__main__.TestOperations testMethod=test_pov>, 'Traceback (most recent call last):\n  File "./src/unit_test.py", line 103, in test_pov\n    neg_tests=True)\n  File "/home/epicosy/thesis/implementation/repair/SecureThemAll/benchmark/cb-repair/src/operations/test.py", line 22, in __init__\n    super().__init__(**kwargs)\n  File "/home/epicosy/thesis/implementation/repair/SecureThemAll/benchmark/cb-repair/src/core/operation.py", line 13, in __init__\n    super().__init__(**kwargs)\nTypeError: __init__() missing 1 required positional argument: \'challenge\'\n')]
Challenge: Space_Attackers
	--Tests Run: 5
	--Failures: 0 
	--Errors: 5 [(<__main__.TestOperations testMethod=test_agenpolls>, 'Traceback (most recent call last):\n  File "./src/unit_test.py", line 33, in test_agenpolls\n    verbose=True)\n  File "/home/epicosy/thesis/implementation/repair/SecureThemAll/benchmark/cb-repair/src/operations/simple/genpolls.py", line 12, in __init__\n    super().__init__(**kwargs)\nTypeError: __init__() missing 1 required positional argument: \'challenge\'\n'), (<__main__.TestOperations testMethod=test_checkout>, 'Traceback (most recent call last):\n  File "./src/unit_test.py", line 43, in test_checkout\n    verbose=True)\n  File "/home/epicosy/thesis/implementation/repair/SecureThemAll/benchmark/cb-repair/src/operations/checkout.py", line 16, in __init__\n    super().__init__(**kwargs)\n  File "/home/epicosy/thesis/implementation/repair/SecureThemAll/benchmark/cb-repair/src/core/operation.py", line 13, in __init__\n    super().__init__(**kwargs)\nTypeError: __init__() missing 1 required positional argument: \'challenge\'\n'), (<__main__.TestOperations testMethod=test_compile>, 'Traceback (most recent call last):\n  File "./src/unit_test.py", line 57, in test_compile\n    fix_files=None)\n  File "/home/epicosy/thesis/implementation/repair/SecureThemAll/benchmark/cb-repair/src/operations/compile.py", line 19, in __init__\n    super().__init__(**kwargs)\n  File "/home/epicosy/thesis/implementation/repair/SecureThemAll/benchmark/cb-repair/src/core/operation.py", line 13, in __init__\n    super().__init__(**kwargs)\nTypeError: __init__() missing 1 required positional argument: \'challenge\'\n'), (<__main__.TestOperations testMethod=test_poll>, 'Traceback (most recent call last):\n  File "./src/unit_test.py", line 78, in test_poll\n    neg_tests=None)\n  File "/home/epicosy/thesis/implementation/repair/SecureThemAll/benchmark/cb-repair/src/operations/test.py", line 22, in __init__\n    super().__init__(**kwargs)\n  File "/home/epicosy/thesis/implementation/repair/SecureThemAll/benchmark/cb-repair/src/core/operation.py", line 13, in __init__\n    super().__init__(**kwargs)\nTypeError: __init__() missing 1 required positional argument: \'challenge\'\n'), (<__main__.TestOperations testMethod=test_pov>, 'Traceback (most recent call last):\n  File "./src/unit_test.py", line 103, in test_pov\n    neg_tests=True)\n  File "/home/epicosy/thesis/implementation/repair/SecureThemAll/benchmark/cb-repair/src/operations/test.py", line 22, in __init__\n    super().__init__(**kwargs)\n  File "/home/epicosy/thesis/implementation/repair/SecureThemAll/benchmark/cb-repair/src/core/operation.py", line 13, in __init__\n    super().__init__(**kwargs)\nTypeError: __init__() missing 1 required positional argument: \'challenge\'\n')]
Challenge: Square_Rabbit
	--Tests Run: 5
	--Failures: 0 
	--Errors: 5 [(<__main__.TestOperations testMethod=test_agenpolls>, 'Traceback (most recent call last):\n  File "./src/unit_test.py", line 33, in test_agenpolls\n    verbose=True)\n  File "/home/epicosy/thesis/implementation/repair/SecureThemAll/benchmark/cb-repair/src/operations/simple/genpolls.py", line 12, in __init__\n    super().__init__(**kwargs)\nTypeError: __init__() missing 1 required positional argument: \'challenge\'\n'), (<__main__.TestOperations testMethod=test_checkout>, 'Traceback (most recent call last):\n  File "./src/unit_test.py", line 43, in test_checkout\n    verbose=True)\n  File "/home/epicosy/thesis/implementation/repair/SecureThemAll/benchmark/cb-repair/src/operations/checkout.py", line 16, in __init__\n    super().__init__(**kwargs)\n  File "/home/epicosy/thesis/implementation/repair/SecureThemAll/benchmark/cb-repair/src/core/operation.py", line 13, in __init__\n    super().__init__(**kwargs)\nTypeError: __init__() missing 1 required positional argument: \'challenge\'\n'), (<__main__.TestOperations testMethod=test_compile>, 'Traceback (most recent call last):\n  File "./src/unit_test.py", line 57, in test_compile\n    fix_files=None)\n  File "/home/epicosy/thesis/implementation/repair/SecureThemAll/benchmark/cb-repair/src/operations/compile.py", line 19, in __init__\n    super().__init__(**kwargs)\n  File "/home/epicosy/thesis/implementation/repair/SecureThemAll/benchmark/cb-repair/src/core/operation.py", line 13, in __init__\n    super().__init__(**kwargs)\nTypeError: __init__() missing 1 required positional argument: \'challenge\'\n'), (<__main__.TestOperations testMethod=test_poll>, 'Traceback (most recent call last):\n  File "./src/unit_test.py", line 78, in test_poll\n    neg_tests=None)\n  File "/home/epicosy/thesis/implementation/repair/SecureThemAll/benchmark/cb-repair/src/operations/test.py", line 22, in __init__\n    super().__init__(**kwargs)\n  File "/home/epicosy/thesis/implementation/repair/SecureThemAll/benchmark/cb-repair/src/core/operation.py", line 13, in __init__\n    super().__init__(**kwargs)\nTypeError: __init__() missing 1 required positional argument: \'challenge\'\n'), (<__main__.TestOperations testMethod=test_pov>, 'Traceback (most recent call last):\n  File "./src/unit_test.py", line 103, in test_pov\n    neg_tests=True)\n  File "/home/epicosy/thesis/implementation/repair/SecureThemAll/benchmark/cb-repair/src/operations/test.py", line 22, in __init__\n    super().__init__(**kwargs)\n  File "/home/epicosy/thesis/implementation/repair/SecureThemAll/benchmark/cb-repair/src/core/operation.py", line 13, in __init__\n    super().__init__(**kwargs)\nTypeError: __init__() missing 1 required positional argument: \'challenge\'\n')]
Challenge: Stock_Exchange_Simulator
	--Tests Run: 5
	--Failures: 0 
	--Errors: 5 [(<__main__.TestOperations testMethod=test_agenpolls>, 'Traceback (most recent call last):\n  File "./src/unit_test.py", line 33, in test_agenpolls\n    verbose=True)\n  File "/home/epicosy/thesis/implementation/repair/SecureThemAll/benchmark/cb-repair/src/operations/simple/genpolls.py", line 12, in __init__\n    super().__init__(**kwargs)\nTypeError: __init__() missing 1 required positional argument: \'challenge\'\n'), (<__main__.TestOperations testMethod=test_checkout>, 'Traceback (most recent call last):\n  File "./src/unit_test.py", line 43, in test_checkout\n    verbose=True)\n  File "/home/epicosy/thesis/implementation/repair/SecureThemAll/benchmark/cb-repair/src/operations/checkout.py", line 16, in __init__\n    super().__init__(**kwargs)\n  File "/home/epicosy/thesis/implementation/repair/SecureThemAll/benchmark/cb-repair/src/core/operation.py", line 13, in __init__\n    super().__init__(**kwargs)\nTypeError: __init__() missing 1 required positional argument: \'challenge\'\n'), (<__main__.TestOperations testMethod=test_compile>, 'Traceback (most recent call last):\n  File "./src/unit_test.py", line 57, in test_compile\n    fix_files=None)\n  File "/home/epicosy/thesis/implementation/repair/SecureThemAll/benchmark/cb-repair/src/operations/compile.py", line 19, in __init__\n    super().__init__(**kwargs)\n  File "/home/epicosy/thesis/implementation/repair/SecureThemAll/benchmark/cb-repair/src/core/operation.py", line 13, in __init__\n    super().__init__(**kwargs)\nTypeError: __init__() missing 1 required positional argument: \'challenge\'\n'), (<__main__.TestOperations testMethod=test_poll>, 'Traceback (most recent call last):\n  File "./src/unit_test.py", line 78, in test_poll\n    neg_tests=None)\n  File "/home/epicosy/thesis/implementation/repair/SecureThemAll/benchmark/cb-repair/src/operations/test.py", line 22, in __init__\n    super().__init__(**kwargs)\n  File "/home/epicosy/thesis/implementation/repair/SecureThemAll/benchmark/cb-repair/src/core/operation.py", line 13, in __init__\n    super().__init__(**kwargs)\nTypeError: __init__() missing 1 required positional argument: \'challenge\'\n'), (<__main__.TestOperations testMethod=test_pov>, 'Traceback (most recent call last):\n  File "./src/unit_test.py", line 103, in test_pov\n    neg_tests=True)\n  File "/home/epicosy/thesis/implementation/repair/SecureThemAll/benchmark/cb-repair/src/operations/test.py", line 22, in __init__\n    super().__init__(**kwargs)\n  File "/home/epicosy/thesis/implementation/repair/SecureThemAll/benchmark/cb-repair/src/core/operation.py", line 13, in __init__\n    super().__init__(**kwargs)\nTypeError: __init__() missing 1 required positional argument: \'challenge\'\n')]
Challenge: Street_map_service
	--Tests Run: 5
	--Failures: 0 
	--Errors: 5 [(<__main__.TestOperations testMethod=test_agenpolls>, 'Traceback (most recent call last):\n  File "./src/unit_test.py", line 33, in test_agenpolls\n    verbose=True)\n  File "/home/epicosy/thesis/implementation/repair/SecureThemAll/benchmark/cb-repair/src/operations/simple/genpolls.py", line 12, in __init__\n    super().__init__(**kwargs)\nTypeError: __init__() missing 1 required positional argument: \'challenge\'\n'), (<__main__.TestOperations testMethod=test_checkout>, 'Traceback (most recent call last):\n  File "./src/unit_test.py", line 43, in test_checkout\n    verbose=True)\n  File "/home/epicosy/thesis/implementation/repair/SecureThemAll/benchmark/cb-repair/src/operations/checkout.py", line 16, in __init__\n    super().__init__(**kwargs)\n  File "/home/epicosy/thesis/implementation/repair/SecureThemAll/benchmark/cb-repair/src/core/operation.py", line 13, in __init__\n    super().__init__(**kwargs)\nTypeError: __init__() missing 1 required positional argument: \'challenge\'\n'), (<__main__.TestOperations testMethod=test_compile>, 'Traceback (most recent call last):\n  File "./src/unit_test.py", line 57, in test_compile\n    fix_files=None)\n  File "/home/epicosy/thesis/implementation/repair/SecureThemAll/benchmark/cb-repair/src/operations/compile.py", line 19, in __init__\n    super().__init__(**kwargs)\n  File "/home/epicosy/thesis/implementation/repair/SecureThemAll/benchmark/cb-repair/src/core/operation.py", line 13, in __init__\n    super().__init__(**kwargs)\nTypeError: __init__() missing 1 required positional argument: \'challenge\'\n'), (<__main__.TestOperations testMethod=test_poll>, 'Traceback (most recent call last):\n  File "./src/unit_test.py", line 78, in test_poll\n    neg_tests=None)\n  File "/home/epicosy/thesis/implementation/repair/SecureThemAll/benchmark/cb-repair/src/operations/test.py", line 22, in __init__\n    super().__init__(**kwargs)\n  File "/home/epicosy/thesis/implementation/repair/SecureThemAll/benchmark/cb-repair/src/core/operation.py", line 13, in __init__\n    super().__init__(**kwargs)\nTypeError: __init__() missing 1 required positional argument: \'challenge\'\n'), (<__main__.TestOperations testMethod=test_pov>, 'Traceback (most recent call last):\n  File "./src/unit_test.py", line 103, in test_pov\n    neg_tests=True)\n  File "/home/epicosy/thesis/implementation/repair/SecureThemAll/benchmark/cb-repair/src/operations/test.py", line 22, in __init__\n    super().__init__(**kwargs)\n  File "/home/epicosy/thesis/implementation/repair/SecureThemAll/benchmark/cb-repair/src/core/operation.py", line 13, in __init__\n    super().__init__(**kwargs)\nTypeError: __init__() missing 1 required positional argument: \'challenge\'\n')]
Challenge: TAINTEDLOVE
	--Tests Run: 5
	--Failures: 0 
	--Errors: 5 [(<__main__.TestOperations testMethod=test_agenpolls>, 'Traceback (most recent call last):\n  File "./src/unit_test.py", line 33, in test_agenpolls\n    verbose=True)\n  File "/home/epicosy/thesis/implementation/repair/SecureThemAll/benchmark/cb-repair/src/operations/simple/genpolls.py", line 12, in __init__\n    super().__init__(**kwargs)\nTypeError: __init__() missing 1 required positional argument: \'challenge\'\n'), (<__main__.TestOperations testMethod=test_checkout>, 'Traceback (most recent call last):\n  File "./src/unit_test.py", line 43, in test_checkout\n    verbose=True)\n  File "/home/epicosy/thesis/implementation/repair/SecureThemAll/benchmark/cb-repair/src/operations/checkout.py", line 16, in __init__\n    super().__init__(**kwargs)\n  File "/home/epicosy/thesis/implementation/repair/SecureThemAll/benchmark/cb-repair/src/core/operation.py", line 13, in __init__\n    super().__init__(**kwargs)\nTypeError: __init__() missing 1 required positional argument: \'challenge\'\n'), (<__main__.TestOperations testMethod=test_compile>, 'Traceback (most recent call last):\n  File "./src/unit_test.py", line 57, in test_compile\n    fix_files=None)\n  File "/home/epicosy/thesis/implementation/repair/SecureThemAll/benchmark/cb-repair/src/operations/compile.py", line 19, in __init__\n    super().__init__(**kwargs)\n  File "/home/epicosy/thesis/implementation/repair/SecureThemAll/benchmark/cb-repair/src/core/operation.py", line 13, in __init__\n    super().__init__(**kwargs)\nTypeError: __init__() missing 1 required positional argument: \'challenge\'\n'), (<__main__.TestOperations testMethod=test_poll>, 'Traceback (most recent call last):\n  File "./src/unit_test.py", line 78, in test_poll\n    neg_tests=None)\n  File "/home/epicosy/thesis/implementation/repair/SecureThemAll/benchmark/cb-repair/src/operations/test.py", line 22, in __init__\n    super().__init__(**kwargs)\n  File "/home/epicosy/thesis/implementation/repair/SecureThemAll/benchmark/cb-repair/src/core/operation.py", line 13, in __init__\n    super().__init__(**kwargs)\nTypeError: __init__() missing 1 required positional argument: \'challenge\'\n'), (<__main__.TestOperations testMethod=test_pov>, 'Traceback (most recent call last):\n  File "./src/unit_test.py", line 103, in test_pov\n    neg_tests=True)\n  File "/home/epicosy/thesis/implementation/repair/SecureThemAll/benchmark/cb-repair/src/operations/test.py", line 22, in __init__\n    super().__init__(**kwargs)\n  File "/home/epicosy/thesis/implementation/repair/SecureThemAll/benchmark/cb-repair/src/core/operation.py", line 13, in __init__\n    super().__init__(**kwargs)\nTypeError: __init__() missing 1 required positional argument: \'challenge\'\n')]
Challenge: TextSearch
	--Tests Run: 5
	--Failures: 0 
	--Errors: 5 [(<__main__.TestOperations testMethod=test_agenpolls>, 'Traceback (most recent call last):\n  File "./src/unit_test.py", line 33, in test_agenpolls\n    verbose=True)\n  File "/home/epicosy/thesis/implementation/repair/SecureThemAll/benchmark/cb-repair/src/operations/simple/genpolls.py", line 12, in __init__\n    super().__init__(**kwargs)\nTypeError: __init__() missing 1 required positional argument: \'challenge\'\n'), (<__main__.TestOperations testMethod=test_checkout>, 'Traceback (most recent call last):\n  File "./src/unit_test.py", line 43, in test_checkout\n    verbose=True)\n  File "/home/epicosy/thesis/implementation/repair/SecureThemAll/benchmark/cb-repair/src/operations/checkout.py", line 16, in __init__\n    super().__init__(**kwargs)\n  File "/home/epicosy/thesis/implementation/repair/SecureThemAll/benchmark/cb-repair/src/core/operation.py", line 13, in __init__\n    super().__init__(**kwargs)\nTypeError: __init__() missing 1 required positional argument: \'challenge\'\n'), (<__main__.TestOperations testMethod=test_compile>, 'Traceback (most recent call last):\n  File "./src/unit_test.py", line 57, in test_compile\n    fix_files=None)\n  File "/home/epicosy/thesis/implementation/repair/SecureThemAll/benchmark/cb-repair/src/operations/compile.py", line 19, in __init__\n    super().__init__(**kwargs)\n  File "/home/epicosy/thesis/implementation/repair/SecureThemAll/benchmark/cb-repair/src/core/operation.py", line 13, in __init__\n    super().__init__(**kwargs)\nTypeError: __init__() missing 1 required positional argument: \'challenge\'\n'), (<__main__.TestOperations testMethod=test_poll>, 'Traceback (most recent call last):\n  File "./src/unit_test.py", line 78, in test_poll\n    neg_tests=None)\n  File "/home/epicosy/thesis/implementation/repair/SecureThemAll/benchmark/cb-repair/src/operations/test.py", line 22, in __init__\n    super().__init__(**kwargs)\n  File "/home/epicosy/thesis/implementation/repair/SecureThemAll/benchmark/cb-repair/src/core/operation.py", line 13, in __init__\n    super().__init__(**kwargs)\nTypeError: __init__() missing 1 required positional argument: \'challenge\'\n'), (<__main__.TestOperations testMethod=test_pov>, 'Traceback (most recent call last):\n  File "./src/unit_test.py", line 103, in test_pov\n    neg_tests=True)\n  File "/home/epicosy/thesis/implementation/repair/SecureThemAll/benchmark/cb-repair/src/operations/test.py", line 22, in __init__\n    super().__init__(**kwargs)\n  File "/home/epicosy/thesis/implementation/repair/SecureThemAll/benchmark/cb-repair/src/core/operation.py", line 13, in __init__\n    super().__init__(**kwargs)\nTypeError: __init__() missing 1 required positional argument: \'challenge\'\n')]
Challenge: The_Longest_Road
	--Tests Run: 5
	--Failures: 0 
	--Errors: 5 [(<__main__.TestOperations testMethod=test_agenpolls>, 'Traceback (most recent call last):\n  File "./src/unit_test.py", line 33, in test_agenpolls\n    verbose=True)\n  File "/home/epicosy/thesis/implementation/repair/SecureThemAll/benchmark/cb-repair/src/operations/simple/genpolls.py", line 12, in __init__\n    super().__init__(**kwargs)\nTypeError: __init__() missing 1 required positional argument: \'challenge\'\n'), (<__main__.TestOperations testMethod=test_checkout>, 'Traceback (most recent call last):\n  File "./src/unit_test.py", line 43, in test_checkout\n    verbose=True)\n  File "/home/epicosy/thesis/implementation/repair/SecureThemAll/benchmark/cb-repair/src/operations/checkout.py", line 16, in __init__\n    super().__init__(**kwargs)\n  File "/home/epicosy/thesis/implementation/repair/SecureThemAll/benchmark/cb-repair/src/core/operation.py", line 13, in __init__\n    super().__init__(**kwargs)\nTypeError: __init__() missing 1 required positional argument: \'challenge\'\n'), (<__main__.TestOperations testMethod=test_compile>, 'Traceback (most recent call last):\n  File "./src/unit_test.py", line 57, in test_compile\n    fix_files=None)\n  File "/home/epicosy/thesis/implementation/repair/SecureThemAll/benchmark/cb-repair/src/operations/compile.py", line 19, in __init__\n    super().__init__(**kwargs)\n  File "/home/epicosy/thesis/implementation/repair/SecureThemAll/benchmark/cb-repair/src/core/operation.py", line 13, in __init__\n    super().__init__(**kwargs)\nTypeError: __init__() missing 1 required positional argument: \'challenge\'\n'), (<__main__.TestOperations testMethod=test_poll>, 'Traceback (most recent call last):\n  File "./src/unit_test.py", line 78, in test_poll\n    neg_tests=None)\n  File "/home/epicosy/thesis/implementation/repair/SecureThemAll/benchmark/cb-repair/src/operations/test.py", line 22, in __init__\n    super().__init__(**kwargs)\n  File "/home/epicosy/thesis/implementation/repair/SecureThemAll/benchmark/cb-repair/src/core/operation.py", line 13, in __init__\n    super().__init__(**kwargs)\nTypeError: __init__() missing 1 required positional argument: \'challenge\'\n'), (<__main__.TestOperations testMethod=test_pov>, 'Traceback (most recent call last):\n  File "./src/unit_test.py", line 103, in test_pov\n    neg_tests=True)\n  File "/home/epicosy/thesis/implementation/repair/SecureThemAll/benchmark/cb-repair/src/operations/test.py", line 22, in __init__\n    super().__init__(**kwargs)\n  File "/home/epicosy/thesis/implementation/repair/SecureThemAll/benchmark/cb-repair/src/core/operation.py", line 13, in __init__\n    super().__init__(**kwargs)\nTypeError: __init__() missing 1 required positional argument: \'challenge\'\n')]
Challenge: ValveChecks
	--Tests Run: 5
	--Failures: 0 
	--Errors: 5 [(<__main__.TestOperations testMethod=test_agenpolls>, 'Traceback (most recent call last):\n  File "./src/unit_test.py", line 33, in test_agenpolls\n    verbose=True)\n  File "/home/epicosy/thesis/implementation/repair/SecureThemAll/benchmark/cb-repair/src/operations/simple/genpolls.py", line 12, in __init__\n    super().__init__(**kwargs)\nTypeError: __init__() missing 1 required positional argument: \'challenge\'\n'), (<__main__.TestOperations testMethod=test_checkout>, 'Traceback (most recent call last):\n  File "./src/unit_test.py", line 43, in test_checkout\n    verbose=True)\n  File "/home/epicosy/thesis/implementation/repair/SecureThemAll/benchmark/cb-repair/src/operations/checkout.py", line 16, in __init__\n    super().__init__(**kwargs)\n  File "/home/epicosy/thesis/implementation/repair/SecureThemAll/benchmark/cb-repair/src/core/operation.py", line 13, in __init__\n    super().__init__(**kwargs)\nTypeError: __init__() missing 1 required positional argument: \'challenge\'\n'), (<__main__.TestOperations testMethod=test_compile>, 'Traceback (most recent call last):\n  File "./src/unit_test.py", line 57, in test_compile\n    fix_files=None)\n  File "/home/epicosy/thesis/implementation/repair/SecureThemAll/benchmark/cb-repair/src/operations/compile.py", line 19, in __init__\n    super().__init__(**kwargs)\n  File "/home/epicosy/thesis/implementation/repair/SecureThemAll/benchmark/cb-repair/src/core/operation.py", line 13, in __init__\n    super().__init__(**kwargs)\nTypeError: __init__() missing 1 required positional argument: \'challenge\'\n'), (<__main__.TestOperations testMethod=test_poll>, 'Traceback (most recent call last):\n  File "./src/unit_test.py", line 78, in test_poll\n    neg_tests=None)\n  File "/home/epicosy/thesis/implementation/repair/SecureThemAll/benchmark/cb-repair/src/operations/test.py", line 22, in __init__\n    super().__init__(**kwargs)\n  File "/home/epicosy/thesis/implementation/repair/SecureThemAll/benchmark/cb-repair/src/core/operation.py", line 13, in __init__\n    super().__init__(**kwargs)\nTypeError: __init__() missing 1 required positional argument: \'challenge\'\n'), (<__main__.TestOperations testMethod=test_pov>, 'Traceback (most recent call last):\n  File "./src/unit_test.py", line 103, in test_pov\n    neg_tests=True)\n  File "/home/epicosy/thesis/implementation/repair/SecureThemAll/benchmark/cb-repair/src/operations/test.py", line 22, in __init__\n    super().__init__(**kwargs)\n  File "/home/epicosy/thesis/implementation/repair/SecureThemAll/benchmark/cb-repair/src/core/operation.py", line 13, in __init__\n    super().__init__(**kwargs)\nTypeError: __init__() missing 1 required positional argument: \'challenge\'\n')]
Challenge: WordCompletion
	--Tests Run: 5
	--Failures: 0 
	--Errors: 5 [(<__main__.TestOperations testMethod=test_agenpolls>, 'Traceback (most recent call last):\n  File "./src/unit_test.py", line 33, in test_agenpolls\n    verbose=True)\n  File "/home/epicosy/thesis/implementation/repair/SecureThemAll/benchmark/cb-repair/src/operations/simple/genpolls.py", line 12, in __init__\n    super().__init__(**kwargs)\nTypeError: __init__() missing 1 required positional argument: \'challenge\'\n'), (<__main__.TestOperations testMethod=test_checkout>, 'Traceback (most recent call last):\n  File "./src/unit_test.py", line 43, in test_checkout\n    verbose=True)\n  File "/home/epicosy/thesis/implementation/repair/SecureThemAll/benchmark/cb-repair/src/operations/checkout.py", line 16, in __init__\n    super().__init__(**kwargs)\n  File "/home/epicosy/thesis/implementation/repair/SecureThemAll/benchmark/cb-repair/src/core/operation.py", line 13, in __init__\n    super().__init__(**kwargs)\nTypeError: __init__() missing 1 required positional argument: \'challenge\'\n'), (<__main__.TestOperations testMethod=test_compile>, 'Traceback (most recent call last):\n  File "./src/unit_test.py", line 57, in test_compile\n    fix_files=None)\n  File "/home/epicosy/thesis/implementation/repair/SecureThemAll/benchmark/cb-repair/src/operations/compile.py", line 19, in __init__\n    super().__init__(**kwargs)\n  File "/home/epicosy/thesis/implementation/repair/SecureThemAll/benchmark/cb-repair/src/core/operation.py", line 13, in __init__\n    super().__init__(**kwargs)\nTypeError: __init__() missing 1 required positional argument: \'challenge\'\n'), (<__main__.TestOperations testMethod=test_poll>, 'Traceback (most recent call last):\n  File "./src/unit_test.py", line 78, in test_poll\n    neg_tests=None)\n  File "/home/epicosy/thesis/implementation/repair/SecureThemAll/benchmark/cb-repair/src/operations/test.py", line 22, in __init__\n    super().__init__(**kwargs)\n  File "/home/epicosy/thesis/implementation/repair/SecureThemAll/benchmark/cb-repair/src/core/operation.py", line 13, in __init__\n    super().__init__(**kwargs)\nTypeError: __init__() missing 1 required positional argument: \'challenge\'\n'), (<__main__.TestOperations testMethod=test_pov>, 'Traceback (most recent call last):\n  File "./src/unit_test.py", line 103, in test_pov\n    neg_tests=True)\n  File "/home/epicosy/thesis/implementation/repair/SecureThemAll/benchmark/cb-repair/src/operations/test.py", line 22, in __init__\n    super().__init__(**kwargs)\n  File "/home/epicosy/thesis/implementation/repair/SecureThemAll/benchmark/cb-repair/src/core/operation.py", line 13, in __init__\n    super().__init__(**kwargs)\nTypeError: __init__() missing 1 required positional argument: \'challenge\'\n')]
Challenge: XStore
	--Tests Run: 5
	--Failures: 0 
	--Errors: 5 [(<__main__.TestOperations testMethod=test_agenpolls>, 'Traceback (most recent call last):\n  File "./src/unit_test.py", line 33, in test_agenpolls\n    verbose=True)\n  File "/home/epicosy/thesis/implementation/repair/SecureThemAll/benchmark/cb-repair/src/operations/simple/genpolls.py", line 12, in __init__\n    super().__init__(**kwargs)\nTypeError: __init__() missing 1 required positional argument: \'challenge\'\n'), (<__main__.TestOperations testMethod=test_checkout>, 'Traceback (most recent call last):\n  File "./src/unit_test.py", line 43, in test_checkout\n    verbose=True)\n  File "/home/epicosy/thesis/implementation/repair/SecureThemAll/benchmark/cb-repair/src/operations/checkout.py", line 16, in __init__\n    super().__init__(**kwargs)\n  File "/home/epicosy/thesis/implementation/repair/SecureThemAll/benchmark/cb-repair/src/core/operation.py", line 13, in __init__\n    super().__init__(**kwargs)\nTypeError: __init__() missing 1 required positional argument: \'challenge\'\n'), (<__main__.TestOperations testMethod=test_compile>, 'Traceback (most recent call last):\n  File "./src/unit_test.py", line 57, in test_compile\n    fix_files=None)\n  File "/home/epicosy/thesis/implementation/repair/SecureThemAll/benchmark/cb-repair/src/operations/compile.py", line 19, in __init__\n    super().__init__(**kwargs)\n  File "/home/epicosy/thesis/implementation/repair/SecureThemAll/benchmark/cb-repair/src/core/operation.py", line 13, in __init__\n    super().__init__(**kwargs)\nTypeError: __init__() missing 1 required positional argument: \'challenge\'\n'), (<__main__.TestOperations testMethod=test_poll>, 'Traceback (most recent call last):\n  File "./src/unit_test.py", line 78, in test_poll\n    neg_tests=None)\n  File "/home/epicosy/thesis/implementation/repair/SecureThemAll/benchmark/cb-repair/src/operations/test.py", line 22, in __init__\n    super().__init__(**kwargs)\n  File "/home/epicosy/thesis/implementation/repair/SecureThemAll/benchmark/cb-repair/src/core/operation.py", line 13, in __init__\n    super().__init__(**kwargs)\nTypeError: __init__() missing 1 required positional argument: \'challenge\'\n'), (<__main__.TestOperations testMethod=test_pov>, 'Traceback (most recent call last):\n  File "./src/unit_test.py", line 103, in test_pov\n    neg_tests=True)\n  File "/home/epicosy/thesis/implementation/repair/SecureThemAll/benchmark/cb-repair/src/operations/test.py", line 22, in __init__\n    super().__init__(**kwargs)\n  File "/home/epicosy/thesis/implementation/repair/SecureThemAll/benchmark/cb-repair/src/core/operation.py", line 13, in __init__\n    super().__init__(**kwargs)\nTypeError: __init__() missing 1 required positional argument: \'challenge\'\n')]
Challenge: basic_emulator
	--Tests Run: 5
	--Failures: 0 
	--Errors: 5 [(<__main__.TestOperations testMethod=test_agenpolls>, 'Traceback (most recent call last):\n  File "./src/unit_test.py", line 33, in test_agenpolls\n    verbose=True)\n  File "/home/epicosy/thesis/implementation/repair/SecureThemAll/benchmark/cb-repair/src/operations/simple/genpolls.py", line 12, in __init__\n    super().__init__(**kwargs)\nTypeError: __init__() missing 1 required positional argument: \'challenge\'\n'), (<__main__.TestOperations testMethod=test_checkout>, 'Traceback (most recent call last):\n  File "./src/unit_test.py", line 43, in test_checkout\n    verbose=True)\n  File "/home/epicosy/thesis/implementation/repair/SecureThemAll/benchmark/cb-repair/src/operations/checkout.py", line 16, in __init__\n    super().__init__(**kwargs)\n  File "/home/epicosy/thesis/implementation/repair/SecureThemAll/benchmark/cb-repair/src/core/operation.py", line 13, in __init__\n    super().__init__(**kwargs)\nTypeError: __init__() missing 1 required positional argument: \'challenge\'\n'), (<__main__.TestOperations testMethod=test_compile>, 'Traceback (most recent call last):\n  File "./src/unit_test.py", line 57, in test_compile\n    fix_files=None)\n  File "/home/epicosy/thesis/implementation/repair/SecureThemAll/benchmark/cb-repair/src/operations/compile.py", line 19, in __init__\n    super().__init__(**kwargs)\n  File "/home/epicosy/thesis/implementation/repair/SecureThemAll/benchmark/cb-repair/src/core/operation.py", line 13, in __init__\n    super().__init__(**kwargs)\nTypeError: __init__() missing 1 required positional argument: \'challenge\'\n'), (<__main__.TestOperations testMethod=test_poll>, 'Traceback (most recent call last):\n  File "./src/unit_test.py", line 78, in test_poll\n    neg_tests=None)\n  File "/home/epicosy/thesis/implementation/repair/SecureThemAll/benchmark/cb-repair/src/operations/test.py", line 22, in __init__\n    super().__init__(**kwargs)\n  File "/home/epicosy/thesis/implementation/repair/SecureThemAll/benchmark/cb-repair/src/core/operation.py", line 13, in __init__\n    super().__init__(**kwargs)\nTypeError: __init__() missing 1 required positional argument: \'challenge\'\n'), (<__main__.TestOperations testMethod=test_pov>, 'Traceback (most recent call last):\n  File "./src/unit_test.py", line 103, in test_pov\n    neg_tests=True)\n  File "/home/epicosy/thesis/implementation/repair/SecureThemAll/benchmark/cb-repair/src/operations/test.py", line 22, in __init__\n    super().__init__(**kwargs)\n  File "/home/epicosy/thesis/implementation/repair/SecureThemAll/benchmark/cb-repair/src/core/operation.py", line 13, in __init__\n    super().__init__(**kwargs)\nTypeError: __init__() missing 1 required positional argument: \'challenge\'\n')]
Challenge: basic_messaging
	--Tests Run: 5
	--Failures: 0 
	--Errors: 5 [(<__main__.TestOperations testMethod=test_agenpolls>, 'Traceback (most recent call last):\n  File "./src/unit_test.py", line 33, in test_agenpolls\n    verbose=True)\n  File "/home/epicosy/thesis/implementation/repair/SecureThemAll/benchmark/cb-repair/src/operations/simple/genpolls.py", line 12, in __init__\n    super().__init__(**kwargs)\nTypeError: __init__() missing 1 required positional argument: \'challenge\'\n'), (<__main__.TestOperations testMethod=test_checkout>, 'Traceback (most recent call last):\n  File "./src/unit_test.py", line 43, in test_checkout\n    verbose=True)\n  File "/home/epicosy/thesis/implementation/repair/SecureThemAll/benchmark/cb-repair/src/operations/checkout.py", line 16, in __init__\n    super().__init__(**kwargs)\n  File "/home/epicosy/thesis/implementation/repair/SecureThemAll/benchmark/cb-repair/src/core/operation.py", line 13, in __init__\n    super().__init__(**kwargs)\nTypeError: __init__() missing 1 required positional argument: \'challenge\'\n'), (<__main__.TestOperations testMethod=test_compile>, 'Traceback (most recent call last):\n  File "./src/unit_test.py", line 57, in test_compile\n    fix_files=None)\n  File "/home/epicosy/thesis/implementation/repair/SecureThemAll/benchmark/cb-repair/src/operations/compile.py", line 19, in __init__\n    super().__init__(**kwargs)\n  File "/home/epicosy/thesis/implementation/repair/SecureThemAll/benchmark/cb-repair/src/core/operation.py", line 13, in __init__\n    super().__init__(**kwargs)\nTypeError: __init__() missing 1 required positional argument: \'challenge\'\n'), (<__main__.TestOperations testMethod=test_poll>, 'Traceback (most recent call last):\n  File "./src/unit_test.py", line 78, in test_poll\n    neg_tests=None)\n  File "/home/epicosy/thesis/implementation/repair/SecureThemAll/benchmark/cb-repair/src/operations/test.py", line 22, in __init__\n    super().__init__(**kwargs)\n  File "/home/epicosy/thesis/implementation/repair/SecureThemAll/benchmark/cb-repair/src/core/operation.py", line 13, in __init__\n    super().__init__(**kwargs)\nTypeError: __init__() missing 1 required positional argument: \'challenge\'\n'), (<__main__.TestOperations testMethod=test_pov>, 'Traceback (most recent call last):\n  File "./src/unit_test.py", line 103, in test_pov\n    neg_tests=True)\n  File "/home/epicosy/thesis/implementation/repair/SecureThemAll/benchmark/cb-repair/src/operations/test.py", line 22, in __init__\n    super().__init__(**kwargs)\n  File "/home/epicosy/thesis/implementation/repair/SecureThemAll/benchmark/cb-repair/src/core/operation.py", line 13, in __init__\n    super().__init__(**kwargs)\nTypeError: __init__() missing 1 required positional argument: \'challenge\'\n')]
Challenge: chess_mimic
	--Tests Run: 5
	--Failures: 0 
	--Errors: 5 [(<__main__.TestOperations testMethod=test_agenpolls>, 'Traceback (most recent call last):\n  File "./src/unit_test.py", line 33, in test_agenpolls\n    verbose=True)\n  File "/home/epicosy/thesis/implementation/repair/SecureThemAll/benchmark/cb-repair/src/operations/simple/genpolls.py", line 12, in __init__\n    super().__init__(**kwargs)\nTypeError: __init__() missing 1 required positional argument: \'challenge\'\n'), (<__main__.TestOperations testMethod=test_checkout>, 'Traceback (most recent call last):\n  File "./src/unit_test.py", line 43, in test_checkout\n    verbose=True)\n  File "/home/epicosy/thesis/implementation/repair/SecureThemAll/benchmark/cb-repair/src/operations/checkout.py", line 16, in __init__\n    super().__init__(**kwargs)\n  File "/home/epicosy/thesis/implementation/repair/SecureThemAll/benchmark/cb-repair/src/core/operation.py", line 13, in __init__\n    super().__init__(**kwargs)\nTypeError: __init__() missing 1 required positional argument: \'challenge\'\n'), (<__main__.TestOperations testMethod=test_compile>, 'Traceback (most recent call last):\n  File "./src/unit_test.py", line 57, in test_compile\n    fix_files=None)\n  File "/home/epicosy/thesis/implementation/repair/SecureThemAll/benchmark/cb-repair/src/operations/compile.py", line 19, in __init__\n    super().__init__(**kwargs)\n  File "/home/epicosy/thesis/implementation/repair/SecureThemAll/benchmark/cb-repair/src/core/operation.py", line 13, in __init__\n    super().__init__(**kwargs)\nTypeError: __init__() missing 1 required positional argument: \'challenge\'\n'), (<__main__.TestOperations testMethod=test_poll>, 'Traceback (most recent call last):\n  File "./src/unit_test.py", line 78, in test_poll\n    neg_tests=None)\n  File "/home/epicosy/thesis/implementation/repair/SecureThemAll/benchmark/cb-repair/src/operations/test.py", line 22, in __init__\n    super().__init__(**kwargs)\n  File "/home/epicosy/thesis/implementation/repair/SecureThemAll/benchmark/cb-repair/src/core/operation.py", line 13, in __init__\n    super().__init__(**kwargs)\nTypeError: __init__() missing 1 required positional argument: \'challenge\'\n'), (<__main__.TestOperations testMethod=test_pov>, 'Traceback (most recent call last):\n  File "./src/unit_test.py", line 103, in test_pov\n    neg_tests=True)\n  File "/home/epicosy/thesis/implementation/repair/SecureThemAll/benchmark/cb-repair/src/operations/test.py", line 22, in __init__\n    super().__init__(**kwargs)\n  File "/home/epicosy/thesis/implementation/repair/SecureThemAll/benchmark/cb-repair/src/core/operation.py", line 13, in __init__\n    super().__init__(**kwargs)\nTypeError: __init__() missing 1 required positional argument: \'challenge\'\n')]
Challenge: cotton_swab_arithmetic
	--Tests Run: 5
	--Failures: 0 
	--Errors: 5 [(<__main__.TestOperations testMethod=test_agenpolls>, 'Traceback (most recent call last):\n  File "./src/unit_test.py", line 33, in test_agenpolls\n    verbose=True)\n  File "/home/epicosy/thesis/implementation/repair/SecureThemAll/benchmark/cb-repair/src/operations/simple/genpolls.py", line 12, in __init__\n    super().__init__(**kwargs)\nTypeError: __init__() missing 1 required positional argument: \'challenge\'\n'), (<__main__.TestOperations testMethod=test_checkout>, 'Traceback (most recent call last):\n  File "./src/unit_test.py", line 43, in test_checkout\n    verbose=True)\n  File "/home/epicosy/thesis/implementation/repair/SecureThemAll/benchmark/cb-repair/src/operations/checkout.py", line 16, in __init__\n    super().__init__(**kwargs)\n  File "/home/epicosy/thesis/implementation/repair/SecureThemAll/benchmark/cb-repair/src/core/operation.py", line 13, in __init__\n    super().__init__(**kwargs)\nTypeError: __init__() missing 1 required positional argument: \'challenge\'\n'), (<__main__.TestOperations testMethod=test_compile>, 'Traceback (most recent call last):\n  File "./src/unit_test.py", line 57, in test_compile\n    fix_files=None)\n  File "/home/epicosy/thesis/implementation/repair/SecureThemAll/benchmark/cb-repair/src/operations/compile.py", line 19, in __init__\n    super().__init__(**kwargs)\n  File "/home/epicosy/thesis/implementation/repair/SecureThemAll/benchmark/cb-repair/src/core/operation.py", line 13, in __init__\n    super().__init__(**kwargs)\nTypeError: __init__() missing 1 required positional argument: \'challenge\'\n'), (<__main__.TestOperations testMethod=test_poll>, 'Traceback (most recent call last):\n  File "./src/unit_test.py", line 78, in test_poll\n    neg_tests=None)\n  File "/home/epicosy/thesis/implementation/repair/SecureThemAll/benchmark/cb-repair/src/operations/test.py", line 22, in __init__\n    super().__init__(**kwargs)\n  File "/home/epicosy/thesis/implementation/repair/SecureThemAll/benchmark/cb-repair/src/core/operation.py", line 13, in __init__\n    super().__init__(**kwargs)\nTypeError: __init__() missing 1 required positional argument: \'challenge\'\n'), (<__main__.TestOperations testMethod=test_pov>, 'Traceback (most recent call last):\n  File "./src/unit_test.py", line 103, in test_pov\n    neg_tests=True)\n  File "/home/epicosy/thesis/implementation/repair/SecureThemAll/benchmark/cb-repair/src/operations/test.py", line 22, in __init__\n    super().__init__(**kwargs)\n  File "/home/epicosy/thesis/implementation/repair/SecureThemAll/benchmark/cb-repair/src/core/operation.py", line 13, in __init__\n    super().__init__(**kwargs)\nTypeError: __init__() missing 1 required positional argument: \'challenge\'\n')]
Challenge: expression_database
	--Tests Run: 5
	--Failures: 0 
	--Errors: 5 [(<__main__.TestOperations testMethod=test_agenpolls>, 'Traceback (most recent call last):\n  File "./src/unit_test.py", line 33, in test_agenpolls\n    verbose=True)\n  File "/home/epicosy/thesis/implementation/repair/SecureThemAll/benchmark/cb-repair/src/operations/simple/genpolls.py", line 12, in __init__\n    super().__init__(**kwargs)\nTypeError: __init__() missing 1 required positional argument: \'challenge\'\n'), (<__main__.TestOperations testMethod=test_checkout>, 'Traceback (most recent call last):\n  File "./src/unit_test.py", line 43, in test_checkout\n    verbose=True)\n  File "/home/epicosy/thesis/implementation/repair/SecureThemAll/benchmark/cb-repair/src/operations/checkout.py", line 16, in __init__\n    super().__init__(**kwargs)\n  File "/home/epicosy/thesis/implementation/repair/SecureThemAll/benchmark/cb-repair/src/core/operation.py", line 13, in __init__\n    super().__init__(**kwargs)\nTypeError: __init__() missing 1 required positional argument: \'challenge\'\n'), (<__main__.TestOperations testMethod=test_compile>, 'Traceback (most recent call last):\n  File "./src/unit_test.py", line 57, in test_compile\n    fix_files=None)\n  File "/home/epicosy/thesis/implementation/repair/SecureThemAll/benchmark/cb-repair/src/operations/compile.py", line 19, in __init__\n    super().__init__(**kwargs)\n  File "/home/epicosy/thesis/implementation/repair/SecureThemAll/benchmark/cb-repair/src/core/operation.py", line 13, in __init__\n    super().__init__(**kwargs)\nTypeError: __init__() missing 1 required positional argument: \'challenge\'\n'), (<__main__.TestOperations testMethod=test_poll>, 'Traceback (most recent call last):\n  File "./src/unit_test.py", line 78, in test_poll\n    neg_tests=None)\n  File "/home/epicosy/thesis/implementation/repair/SecureThemAll/benchmark/cb-repair/src/operations/test.py", line 22, in __init__\n    super().__init__(**kwargs)\n  File "/home/epicosy/thesis/implementation/repair/SecureThemAll/benchmark/cb-repair/src/core/operation.py", line 13, in __init__\n    super().__init__(**kwargs)\nTypeError: __init__() missing 1 required positional argument: \'challenge\'\n'), (<__main__.TestOperations testMethod=test_pov>, 'Traceback (most recent call last):\n  File "./src/unit_test.py", line 103, in test_pov\n    neg_tests=True)\n  File "/home/epicosy/thesis/implementation/repair/SecureThemAll/benchmark/cb-repair/src/operations/test.py", line 22, in __init__\n    super().__init__(**kwargs)\n  File "/home/epicosy/thesis/implementation/repair/SecureThemAll/benchmark/cb-repair/src/core/operation.py", line 13, in __init__\n    super().__init__(**kwargs)\nTypeError: __init__() missing 1 required positional argument: \'challenge\'\n')]
Challenge: hawaii_sets
	--Tests Run: 5
	--Failures: 0 
	--Errors: 5 [(<__main__.TestOperations testMethod=test_agenpolls>, 'Traceback (most recent call last):\n  File "./src/unit_test.py", line 33, in test_agenpolls\n    verbose=True)\n  File "/home/epicosy/thesis/implementation/repair/SecureThemAll/benchmark/cb-repair/src/operations/simple/genpolls.py", line 12, in __init__\n    super().__init__(**kwargs)\nTypeError: __init__() missing 1 required positional argument: \'challenge\'\n'), (<__main__.TestOperations testMethod=test_checkout>, 'Traceback (most recent call last):\n  File "./src/unit_test.py", line 43, in test_checkout\n    verbose=True)\n  File "/home/epicosy/thesis/implementation/repair/SecureThemAll/benchmark/cb-repair/src/operations/checkout.py", line 16, in __init__\n    super().__init__(**kwargs)\n  File "/home/epicosy/thesis/implementation/repair/SecureThemAll/benchmark/cb-repair/src/core/operation.py", line 13, in __init__\n    super().__init__(**kwargs)\nTypeError: __init__() missing 1 required positional argument: \'challenge\'\n'), (<__main__.TestOperations testMethod=test_compile>, 'Traceback (most recent call last):\n  File "./src/unit_test.py", line 57, in test_compile\n    fix_files=None)\n  File "/home/epicosy/thesis/implementation/repair/SecureThemAll/benchmark/cb-repair/src/operations/compile.py", line 19, in __init__\n    super().__init__(**kwargs)\n  File "/home/epicosy/thesis/implementation/repair/SecureThemAll/benchmark/cb-repair/src/core/operation.py", line 13, in __init__\n    super().__init__(**kwargs)\nTypeError: __init__() missing 1 required positional argument: \'challenge\'\n'), (<__main__.TestOperations testMethod=test_poll>, 'Traceback (most recent call last):\n  File "./src/unit_test.py", line 78, in test_poll\n    neg_tests=None)\n  File "/home/epicosy/thesis/implementation/repair/SecureThemAll/benchmark/cb-repair/src/operations/test.py", line 22, in __init__\n    super().__init__(**kwargs)\n  File "/home/epicosy/thesis/implementation/repair/SecureThemAll/benchmark/cb-repair/src/core/operation.py", line 13, in __init__\n    super().__init__(**kwargs)\nTypeError: __init__() missing 1 required positional argument: \'challenge\'\n'), (<__main__.TestOperations testMethod=test_pov>, 'Traceback (most recent call last):\n  File "./src/unit_test.py", line 103, in test_pov\n    neg_tests=True)\n  File "/home/epicosy/thesis/implementation/repair/SecureThemAll/benchmark/cb-repair/src/operations/test.py", line 22, in __init__\n    super().__init__(**kwargs)\n  File "/home/epicosy/thesis/implementation/repair/SecureThemAll/benchmark/cb-repair/src/core/operation.py", line 13, in __init__\n    super().__init__(**kwargs)\nTypeError: __init__() missing 1 required positional argument: \'challenge\'\n')]
Challenge: humaninterface
	--Tests Run: 5
	--Failures: 0 
	--Errors: 5 [(<__main__.TestOperations testMethod=test_agenpolls>, 'Traceback (most recent call last):\n  File "./src/unit_test.py", line 33, in test_agenpolls\n    verbose=True)\n  File "/home/epicosy/thesis/implementation/repair/SecureThemAll/benchmark/cb-repair/src/operations/simple/genpolls.py", line 12, in __init__\n    super().__init__(**kwargs)\nTypeError: __init__() missing 1 required positional argument: \'challenge\'\n'), (<__main__.TestOperations testMethod=test_checkout>, 'Traceback (most recent call last):\n  File "./src/unit_test.py", line 43, in test_checkout\n    verbose=True)\n  File "/home/epicosy/thesis/implementation/repair/SecureThemAll/benchmark/cb-repair/src/operations/checkout.py", line 16, in __init__\n    super().__init__(**kwargs)\n  File "/home/epicosy/thesis/implementation/repair/SecureThemAll/benchmark/cb-repair/src/core/operation.py", line 13, in __init__\n    super().__init__(**kwargs)\nTypeError: __init__() missing 1 required positional argument: \'challenge\'\n'), (<__main__.TestOperations testMethod=test_compile>, 'Traceback (most recent call last):\n  File "./src/unit_test.py", line 57, in test_compile\n    fix_files=None)\n  File "/home/epicosy/thesis/implementation/repair/SecureThemAll/benchmark/cb-repair/src/operations/compile.py", line 19, in __init__\n    super().__init__(**kwargs)\n  File "/home/epicosy/thesis/implementation/repair/SecureThemAll/benchmark/cb-repair/src/core/operation.py", line 13, in __init__\n    super().__init__(**kwargs)\nTypeError: __init__() missing 1 required positional argument: \'challenge\'\n'), (<__main__.TestOperations testMethod=test_poll>, 'Traceback (most recent call last):\n  File "./src/unit_test.py", line 78, in test_poll\n    neg_tests=None)\n  File "/home/epicosy/thesis/implementation/repair/SecureThemAll/benchmark/cb-repair/src/operations/test.py", line 22, in __init__\n    super().__init__(**kwargs)\n  File "/home/epicosy/thesis/implementation/repair/SecureThemAll/benchmark/cb-repair/src/core/operation.py", line 13, in __init__\n    super().__init__(**kwargs)\nTypeError: __init__() missing 1 required positional argument: \'challenge\'\n'), (<__main__.TestOperations testMethod=test_pov>, 'Traceback (most recent call last):\n  File "./src/unit_test.py", line 103, in test_pov\n    neg_tests=True)\n  File "/home/epicosy/thesis/implementation/repair/SecureThemAll/benchmark/cb-repair/src/operations/test.py", line 22, in __init__\n    super().__init__(**kwargs)\n  File "/home/epicosy/thesis/implementation/repair/SecureThemAll/benchmark/cb-repair/src/core/operation.py", line 13, in __init__\n    super().__init__(**kwargs)\nTypeError: __init__() missing 1 required positional argument: \'challenge\'\n')]
Challenge: middleware_handshake
	--Tests Run: 5
	--Failures: 0 
	--Errors: 5 [(<__main__.TestOperations testMethod=test_agenpolls>, 'Traceback (most recent call last):\n  File "./src/unit_test.py", line 33, in test_agenpolls\n    verbose=True)\n  File "/home/epicosy/thesis/implementation/repair/SecureThemAll/benchmark/cb-repair/src/operations/simple/genpolls.py", line 12, in __init__\n    super().__init__(**kwargs)\nTypeError: __init__() missing 1 required positional argument: \'challenge\'\n'), (<__main__.TestOperations testMethod=test_checkout>, 'Traceback (most recent call last):\n  File "./src/unit_test.py", line 43, in test_checkout\n    verbose=True)\n  File "/home/epicosy/thesis/implementation/repair/SecureThemAll/benchmark/cb-repair/src/operations/checkout.py", line 16, in __init__\n    super().__init__(**kwargs)\n  File "/home/epicosy/thesis/implementation/repair/SecureThemAll/benchmark/cb-repair/src/core/operation.py", line 13, in __init__\n    super().__init__(**kwargs)\nTypeError: __init__() missing 1 required positional argument: \'challenge\'\n'), (<__main__.TestOperations testMethod=test_compile>, 'Traceback (most recent call last):\n  File "./src/unit_test.py", line 57, in test_compile\n    fix_files=None)\n  File "/home/epicosy/thesis/implementation/repair/SecureThemAll/benchmark/cb-repair/src/operations/compile.py", line 19, in __init__\n    super().__init__(**kwargs)\n  File "/home/epicosy/thesis/implementation/repair/SecureThemAll/benchmark/cb-repair/src/core/operation.py", line 13, in __init__\n    super().__init__(**kwargs)\nTypeError: __init__() missing 1 required positional argument: \'challenge\'\n'), (<__main__.TestOperations testMethod=test_poll>, 'Traceback (most recent call last):\n  File "./src/unit_test.py", line 78, in test_poll\n    neg_tests=None)\n  File "/home/epicosy/thesis/implementation/repair/SecureThemAll/benchmark/cb-repair/src/operations/test.py", line 22, in __init__\n    super().__init__(**kwargs)\n  File "/home/epicosy/thesis/implementation/repair/SecureThemAll/benchmark/cb-repair/src/core/operation.py", line 13, in __init__\n    super().__init__(**kwargs)\nTypeError: __init__() missing 1 required positional argument: \'challenge\'\n'), (<__main__.TestOperations testMethod=test_pov>, 'Traceback (most recent call last):\n  File "./src/unit_test.py", line 103, in test_pov\n    neg_tests=True)\n  File "/home/epicosy/thesis/implementation/repair/SecureThemAll/benchmark/cb-repair/src/operations/test.py", line 22, in __init__\n    super().__init__(**kwargs)\n  File "/home/epicosy/thesis/implementation/repair/SecureThemAll/benchmark/cb-repair/src/core/operation.py", line 13, in __init__\n    super().__init__(**kwargs)\nTypeError: __init__() missing 1 required positional argument: \'challenge\'\n')]
Challenge: netstorage
	--Tests Run: 5
	--Failures: 0 
	--Errors: 5 [(<__main__.TestOperations testMethod=test_agenpolls>, 'Traceback (most recent call last):\n  File "./src/unit_test.py", line 33, in test_agenpolls\n    verbose=True)\n  File "/home/epicosy/thesis/implementation/repair/SecureThemAll/benchmark/cb-repair/src/operations/simple/genpolls.py", line 12, in __init__\n    super().__init__(**kwargs)\nTypeError: __init__() missing 1 required positional argument: \'challenge\'\n'), (<__main__.TestOperations testMethod=test_checkout>, 'Traceback (most recent call last):\n  File "./src/unit_test.py", line 43, in test_checkout\n    verbose=True)\n  File "/home/epicosy/thesis/implementation/repair/SecureThemAll/benchmark/cb-repair/src/operations/checkout.py", line 16, in __init__\n    super().__init__(**kwargs)\n  File "/home/epicosy/thesis/implementation/repair/SecureThemAll/benchmark/cb-repair/src/core/operation.py", line 13, in __init__\n    super().__init__(**kwargs)\nTypeError: __init__() missing 1 required positional argument: \'challenge\'\n'), (<__main__.TestOperations testMethod=test_compile>, 'Traceback (most recent call last):\n  File "./src/unit_test.py", line 57, in test_compile\n    fix_files=None)\n  File "/home/epicosy/thesis/implementation/repair/SecureThemAll/benchmark/cb-repair/src/operations/compile.py", line 19, in __init__\n    super().__init__(**kwargs)\n  File "/home/epicosy/thesis/implementation/repair/SecureThemAll/benchmark/cb-repair/src/core/operation.py", line 13, in __init__\n    super().__init__(**kwargs)\nTypeError: __init__() missing 1 required positional argument: \'challenge\'\n'), (<__main__.TestOperations testMethod=test_poll>, 'Traceback (most recent call last):\n  File "./src/unit_test.py", line 78, in test_poll\n    neg_tests=None)\n  File "/home/epicosy/thesis/implementation/repair/SecureThemAll/benchmark/cb-repair/src/operations/test.py", line 22, in __init__\n    super().__init__(**kwargs)\n  File "/home/epicosy/thesis/implementation/repair/SecureThemAll/benchmark/cb-repair/src/core/operation.py", line 13, in __init__\n    super().__init__(**kwargs)\nTypeError: __init__() missing 1 required positional argument: \'challenge\'\n'), (<__main__.TestOperations testMethod=test_pov>, 'Traceback (most recent call last):\n  File "./src/unit_test.py", line 103, in test_pov\n    neg_tests=True)\n  File "/home/epicosy/thesis/implementation/repair/SecureThemAll/benchmark/cb-repair/src/operations/test.py", line 22, in __init__\n    super().__init__(**kwargs)\n  File "/home/epicosy/thesis/implementation/repair/SecureThemAll/benchmark/cb-repair/src/core/operation.py", line 13, in __init__\n    super().__init__(**kwargs)\nTypeError: __init__() missing 1 required positional argument: \'challenge\'\n')]
Challenge: online_job_application2
	--Tests Run: 5
	--Failures: 0 
	--Errors: 5 [(<__main__.TestOperations testMethod=test_agenpolls>, 'Traceback (most recent call last):\n  File "./src/unit_test.py", line 33, in test_agenpolls\n    verbose=True)\n  File "/home/epicosy/thesis/implementation/repair/SecureThemAll/benchmark/cb-repair/src/operations/simple/genpolls.py", line 12, in __init__\n    super().__init__(**kwargs)\nTypeError: __init__() missing 1 required positional argument: \'challenge\'\n'), (<__main__.TestOperations testMethod=test_checkout>, 'Traceback (most recent call last):\n  File "./src/unit_test.py", line 43, in test_checkout\n    verbose=True)\n  File "/home/epicosy/thesis/implementation/repair/SecureThemAll/benchmark/cb-repair/src/operations/checkout.py", line 16, in __init__\n    super().__init__(**kwargs)\n  File "/home/epicosy/thesis/implementation/repair/SecureThemAll/benchmark/cb-repair/src/core/operation.py", line 13, in __init__\n    super().__init__(**kwargs)\nTypeError: __init__() missing 1 required positional argument: \'challenge\'\n'), (<__main__.TestOperations testMethod=test_compile>, 'Traceback (most recent call last):\n  File "./src/unit_test.py", line 57, in test_compile\n    fix_files=None)\n  File "/home/epicosy/thesis/implementation/repair/SecureThemAll/benchmark/cb-repair/src/operations/compile.py", line 19, in __init__\n    super().__init__(**kwargs)\n  File "/home/epicosy/thesis/implementation/repair/SecureThemAll/benchmark/cb-repair/src/core/operation.py", line 13, in __init__\n    super().__init__(**kwargs)\nTypeError: __init__() missing 1 required positional argument: \'challenge\'\n'), (<__main__.TestOperations testMethod=test_poll>, 'Traceback (most recent call last):\n  File "./src/unit_test.py", line 78, in test_poll\n    neg_tests=None)\n  File "/home/epicosy/thesis/implementation/repair/SecureThemAll/benchmark/cb-repair/src/operations/test.py", line 22, in __init__\n    super().__init__(**kwargs)\n  File "/home/epicosy/thesis/implementation/repair/SecureThemAll/benchmark/cb-repair/src/core/operation.py", line 13, in __init__\n    super().__init__(**kwargs)\nTypeError: __init__() missing 1 required positional argument: \'challenge\'\n'), (<__main__.TestOperations testMethod=test_pov>, 'Traceback (most recent call last):\n  File "./src/unit_test.py", line 103, in test_pov\n    neg_tests=True)\n  File "/home/epicosy/thesis/implementation/repair/SecureThemAll/benchmark/cb-repair/src/operations/test.py", line 22, in __init__\n    super().__init__(**kwargs)\n  File "/home/epicosy/thesis/implementation/repair/SecureThemAll/benchmark/cb-repair/src/core/operation.py", line 13, in __init__\n    super().__init__(**kwargs)\nTypeError: __init__() missing 1 required positional argument: \'challenge\'\n')]
Challenge: root64_and_parcour
	--Tests Run: 5
	--Failures: 0 
	--Errors: 5 [(<__main__.TestOperations testMethod=test_agenpolls>, 'Traceback (most recent call last):\n  File "./src/unit_test.py", line 33, in test_agenpolls\n    verbose=True)\n  File "/home/epicosy/thesis/implementation/repair/SecureThemAll/benchmark/cb-repair/src/operations/simple/genpolls.py", line 12, in __init__\n    super().__init__(**kwargs)\nTypeError: __init__() missing 1 required positional argument: \'challenge\'\n'), (<__main__.TestOperations testMethod=test_checkout>, 'Traceback (most recent call last):\n  File "./src/unit_test.py", line 43, in test_checkout\n    verbose=True)\n  File "/home/epicosy/thesis/implementation/repair/SecureThemAll/benchmark/cb-repair/src/operations/checkout.py", line 16, in __init__\n    super().__init__(**kwargs)\n  File "/home/epicosy/thesis/implementation/repair/SecureThemAll/benchmark/cb-repair/src/core/operation.py", line 13, in __init__\n    super().__init__(**kwargs)\nTypeError: __init__() missing 1 required positional argument: \'challenge\'\n'), (<__main__.TestOperations testMethod=test_compile>, 'Traceback (most recent call last):\n  File "./src/unit_test.py", line 57, in test_compile\n    fix_files=None)\n  File "/home/epicosy/thesis/implementation/repair/SecureThemAll/benchmark/cb-repair/src/operations/compile.py", line 19, in __init__\n    super().__init__(**kwargs)\n  File "/home/epicosy/thesis/implementation/repair/SecureThemAll/benchmark/cb-repair/src/core/operation.py", line 13, in __init__\n    super().__init__(**kwargs)\nTypeError: __init__() missing 1 required positional argument: \'challenge\'\n'), (<__main__.TestOperations testMethod=test_poll>, 'Traceback (most recent call last):\n  File "./src/unit_test.py", line 78, in test_poll\n    neg_tests=None)\n  File "/home/epicosy/thesis/implementation/repair/SecureThemAll/benchmark/cb-repair/src/operations/test.py", line 22, in __init__\n    super().__init__(**kwargs)\n  File "/home/epicosy/thesis/implementation/repair/SecureThemAll/benchmark/cb-repair/src/core/operation.py", line 13, in __init__\n    super().__init__(**kwargs)\nTypeError: __init__() missing 1 required positional argument: \'challenge\'\n'), (<__main__.TestOperations testMethod=test_pov>, 'Traceback (most recent call last):\n  File "./src/unit_test.py", line 103, in test_pov\n    neg_tests=True)\n  File "/home/epicosy/thesis/implementation/repair/SecureThemAll/benchmark/cb-repair/src/operations/test.py", line 22, in __init__\n    super().__init__(**kwargs)\n  File "/home/epicosy/thesis/implementation/repair/SecureThemAll/benchmark/cb-repair/src/core/operation.py", line 13, in __init__\n    super().__init__(**kwargs)\nTypeError: __init__() missing 1 required positional argument: \'challenge\'\n')]
Challenge: router_simulator
	--Tests Run: 5
	--Failures: 0 
	--Errors: 5 [(<__main__.TestOperations testMethod=test_agenpolls>, 'Traceback (most recent call last):\n  File "./src/unit_test.py", line 33, in test_agenpolls\n    verbose=True)\n  File "/home/epicosy/thesis/implementation/repair/SecureThemAll/benchmark/cb-repair/src/operations/simple/genpolls.py", line 12, in __init__\n    super().__init__(**kwargs)\nTypeError: __init__() missing 1 required positional argument: \'challenge\'\n'), (<__main__.TestOperations testMethod=test_checkout>, 'Traceback (most recent call last):\n  File "./src/unit_test.py", line 43, in test_checkout\n    verbose=True)\n  File "/home/epicosy/thesis/implementation/repair/SecureThemAll/benchmark/cb-repair/src/operations/checkout.py", line 16, in __init__\n    super().__init__(**kwargs)\n  File "/home/epicosy/thesis/implementation/repair/SecureThemAll/benchmark/cb-repair/src/core/operation.py", line 13, in __init__\n    super().__init__(**kwargs)\nTypeError: __init__() missing 1 required positional argument: \'challenge\'\n'), (<__main__.TestOperations testMethod=test_compile>, 'Traceback (most recent call last):\n  File "./src/unit_test.py", line 57, in test_compile\n    fix_files=None)\n  File "/home/epicosy/thesis/implementation/repair/SecureThemAll/benchmark/cb-repair/src/operations/compile.py", line 19, in __init__\n    super().__init__(**kwargs)\n  File "/home/epicosy/thesis/implementation/repair/SecureThemAll/benchmark/cb-repair/src/core/operation.py", line 13, in __init__\n    super().__init__(**kwargs)\nTypeError: __init__() missing 1 required positional argument: \'challenge\'\n'), (<__main__.TestOperations testMethod=test_poll>, 'Traceback (most recent call last):\n  File "./src/unit_test.py", line 78, in test_poll\n    neg_tests=None)\n  File "/home/epicosy/thesis/implementation/repair/SecureThemAll/benchmark/cb-repair/src/operations/test.py", line 22, in __init__\n    super().__init__(**kwargs)\n  File "/home/epicosy/thesis/implementation/repair/SecureThemAll/benchmark/cb-repair/src/core/operation.py", line 13, in __init__\n    super().__init__(**kwargs)\nTypeError: __init__() missing 1 required positional argument: \'challenge\'\n'), (<__main__.TestOperations testMethod=test_pov>, 'Traceback (most recent call last):\n  File "./src/unit_test.py", line 103, in test_pov\n    neg_tests=True)\n  File "/home/epicosy/thesis/implementation/repair/SecureThemAll/benchmark/cb-repair/src/operations/test.py", line 22, in __init__\n    super().__init__(**kwargs)\n  File "/home/epicosy/thesis/implementation/repair/SecureThemAll/benchmark/cb-repair/src/core/operation.py", line 13, in __init__\n    super().__init__(**kwargs)\nTypeError: __init__() missing 1 required positional argument: \'challenge\'\n')]
Challenge: simplenote
	--Tests Run: 5
	--Failures: 0 
	--Errors: 5 [(<__main__.TestOperations testMethod=test_agenpolls>, 'Traceback (most recent call last):\n  File "./src/unit_test.py", line 33, in test_agenpolls\n    verbose=True)\n  File "/home/epicosy/thesis/implementation/repair/SecureThemAll/benchmark/cb-repair/src/operations/simple/genpolls.py", line 12, in __init__\n    super().__init__(**kwargs)\nTypeError: __init__() missing 1 required positional argument: \'challenge\'\n'), (<__main__.TestOperations testMethod=test_checkout>, 'Traceback (most recent call last):\n  File "./src/unit_test.py", line 43, in test_checkout\n    verbose=True)\n  File "/home/epicosy/thesis/implementation/repair/SecureThemAll/benchmark/cb-repair/src/operations/checkout.py", line 16, in __init__\n    super().__init__(**kwargs)\n  File "/home/epicosy/thesis/implementation/repair/SecureThemAll/benchmark/cb-repair/src/core/operation.py", line 13, in __init__\n    super().__init__(**kwargs)\nTypeError: __init__() missing 1 required positional argument: \'challenge\'\n'), (<__main__.TestOperations testMethod=test_compile>, 'Traceback (most recent call last):\n  File "./src/unit_test.py", line 57, in test_compile\n    fix_files=None)\n  File "/home/epicosy/thesis/implementation/repair/SecureThemAll/benchmark/cb-repair/src/operations/compile.py", line 19, in __init__\n    super().__init__(**kwargs)\n  File "/home/epicosy/thesis/implementation/repair/SecureThemAll/benchmark/cb-repair/src/core/operation.py", line 13, in __init__\n    super().__init__(**kwargs)\nTypeError: __init__() missing 1 required positional argument: \'challenge\'\n'), (<__main__.TestOperations testMethod=test_poll>, 'Traceback (most recent call last):\n  File "./src/unit_test.py", line 78, in test_poll\n    neg_tests=None)\n  File "/home/epicosy/thesis/implementation/repair/SecureThemAll/benchmark/cb-repair/src/operations/test.py", line 22, in __init__\n    super().__init__(**kwargs)\n  File "/home/epicosy/thesis/implementation/repair/SecureThemAll/benchmark/cb-repair/src/core/operation.py", line 13, in __init__\n    super().__init__(**kwargs)\nTypeError: __init__() missing 1 required positional argument: \'challenge\'\n'), (<__main__.TestOperations testMethod=test_pov>, 'Traceback (most recent call last):\n  File "./src/unit_test.py", line 103, in test_pov\n    neg_tests=True)\n  File "/home/epicosy/thesis/implementation/repair/SecureThemAll/benchmark/cb-repair/src/operations/test.py", line 22, in __init__\n    super().__init__(**kwargs)\n  File "/home/epicosy/thesis/implementation/repair/SecureThemAll/benchmark/cb-repair/src/core/operation.py", line 13, in __init__\n    super().__init__(**kwargs)\nTypeError: __init__() missing 1 required positional argument: \'challenge\'\n')]
Challenge: stream_vm
	--Tests Run: 5
	--Failures: 0 
	--Errors: 5 [(<__main__.TestOperations testMethod=test_agenpolls>, 'Traceback (most recent call last):\n  File "./src/unit_test.py", line 33, in test_agenpolls\n    verbose=True)\n  File "/home/epicosy/thesis/implementation/repair/SecureThemAll/benchmark/cb-repair/src/operations/simple/genpolls.py", line 12, in __init__\n    super().__init__(**kwargs)\nTypeError: __init__() missing 1 required positional argument: \'challenge\'\n'), (<__main__.TestOperations testMethod=test_checkout>, 'Traceback (most recent call last):\n  File "./src/unit_test.py", line 43, in test_checkout\n    verbose=True)\n  File "/home/epicosy/thesis/implementation/repair/SecureThemAll/benchmark/cb-repair/src/operations/checkout.py", line 16, in __init__\n    super().__init__(**kwargs)\n  File "/home/epicosy/thesis/implementation/repair/SecureThemAll/benchmark/cb-repair/src/core/operation.py", line 13, in __init__\n    super().__init__(**kwargs)\nTypeError: __init__() missing 1 required positional argument: \'challenge\'\n'), (<__main__.TestOperations testMethod=test_compile>, 'Traceback (most recent call last):\n  File "./src/unit_test.py", line 57, in test_compile\n    fix_files=None)\n  File "/home/epicosy/thesis/implementation/repair/SecureThemAll/benchmark/cb-repair/src/operations/compile.py", line 19, in __init__\n    super().__init__(**kwargs)\n  File "/home/epicosy/thesis/implementation/repair/SecureThemAll/benchmark/cb-repair/src/core/operation.py", line 13, in __init__\n    super().__init__(**kwargs)\nTypeError: __init__() missing 1 required positional argument: \'challenge\'\n'), (<__main__.TestOperations testMethod=test_poll>, 'Traceback (most recent call last):\n  File "./src/unit_test.py", line 78, in test_poll\n    neg_tests=None)\n  File "/home/epicosy/thesis/implementation/repair/SecureThemAll/benchmark/cb-repair/src/operations/test.py", line 22, in __init__\n    super().__init__(**kwargs)\n  File "/home/epicosy/thesis/implementation/repair/SecureThemAll/benchmark/cb-repair/src/core/operation.py", line 13, in __init__\n    super().__init__(**kwargs)\nTypeError: __init__() missing 1 required positional argument: \'challenge\'\n'), (<__main__.TestOperations testMethod=test_pov>, 'Traceback (most recent call last):\n  File "./src/unit_test.py", line 103, in test_pov\n    neg_tests=True)\n  File "/home/epicosy/thesis/implementation/repair/SecureThemAll/benchmark/cb-repair/src/operations/test.py", line 22, in __init__\n    super().__init__(**kwargs)\n  File "/home/epicosy/thesis/implementation/repair/SecureThemAll/benchmark/cb-repair/src/core/operation.py", line 13, in __init__\n    super().__init__(**kwargs)\nTypeError: __init__() missing 1 required positional argument: \'challenge\'\n')]
Challenge: stream_vm2
	--Tests Run: 5
	--Failures: 0 
	--Errors: 5 [(<__main__.TestOperations testMethod=test_agenpolls>, 'Traceback (most recent call last):\n  File "./src/unit_test.py", line 33, in test_agenpolls\n    verbose=True)\n  File "/home/epicosy/thesis/implementation/repair/SecureThemAll/benchmark/cb-repair/src/operations/simple/genpolls.py", line 12, in __init__\n    super().__init__(**kwargs)\nTypeError: __init__() missing 1 required positional argument: \'challenge\'\n'), (<__main__.TestOperations testMethod=test_checkout>, 'Traceback (most recent call last):\n  File "./src/unit_test.py", line 43, in test_checkout\n    verbose=True)\n  File "/home/epicosy/thesis/implementation/repair/SecureThemAll/benchmark/cb-repair/src/operations/checkout.py", line 16, in __init__\n    super().__init__(**kwargs)\n  File "/home/epicosy/thesis/implementation/repair/SecureThemAll/benchmark/cb-repair/src/core/operation.py", line 13, in __init__\n    super().__init__(**kwargs)\nTypeError: __init__() missing 1 required positional argument: \'challenge\'\n'), (<__main__.TestOperations testMethod=test_compile>, 'Traceback (most recent call last):\n  File "./src/unit_test.py", line 57, in test_compile\n    fix_files=None)\n  File "/home/epicosy/thesis/implementation/repair/SecureThemAll/benchmark/cb-repair/src/operations/compile.py", line 19, in __init__\n    super().__init__(**kwargs)\n  File "/home/epicosy/thesis/implementation/repair/SecureThemAll/benchmark/cb-repair/src/core/operation.py", line 13, in __init__\n    super().__init__(**kwargs)\nTypeError: __init__() missing 1 required positional argument: \'challenge\'\n'), (<__main__.TestOperations testMethod=test_poll>, 'Traceback (most recent call last):\n  File "./src/unit_test.py", line 78, in test_poll\n    neg_tests=None)\n  File "/home/epicosy/thesis/implementation/repair/SecureThemAll/benchmark/cb-repair/src/operations/test.py", line 22, in __init__\n    super().__init__(**kwargs)\n  File "/home/epicosy/thesis/implementation/repair/SecureThemAll/benchmark/cb-repair/src/core/operation.py", line 13, in __init__\n    super().__init__(**kwargs)\nTypeError: __init__() missing 1 required positional argument: \'challenge\'\n'), (<__main__.TestOperations testMethod=test_pov>, 'Traceback (most recent call last):\n  File "./src/unit_test.py", line 103, in test_pov\n    neg_tests=True)\n  File "/home/epicosy/thesis/implementation/repair/SecureThemAll/benchmark/cb-repair/src/operations/test.py", line 22, in __init__\n    super().__init__(**kwargs)\n  File "/home/epicosy/thesis/implementation/repair/SecureThemAll/benchmark/cb-repair/src/core/operation.py", line 13, in __init__\n    super().__init__(**kwargs)\nTypeError: __init__() missing 1 required positional argument: \'challenge\'\n')]
Challenge: AIS-Lite
	--Tests Run: 5
	--Failures: 1 (<__main__.TestOperations testMethod=test_pov>, 'Traceback (most recent call last):\n  File "./src/unit_test.py", line 108, in test_pov\n    self.assertEqual(se.exception.code, 1)\nAssertionError: 0 != 1\n')
	--Errors: 0 []
Challenge: AIS-Lite
	--Tests Run: 5
	--Failures: 1 (<__main__.TestOperations testMethod=test_pov>, 'Traceback (most recent call last):\n  File "./src/unit_test.py", line 108, in test_pov\n    self.assertEqual(se.exception.code, 1)\nAssertionError: 0 != 1\n')
	--Errors: 0 []
Challenge: AIS-Lite
	--Tests Run: 5
	--Failures: 1 (<__main__.TestOperations testMethod=test_pov>, 'Traceback (most recent call last):\n  File "./src/unit_test.py", line 108, in test_pov\n    self.assertEqual(se.exception.code, 1)\nAssertionError: 0 != 1\n')
	--Errors: 0 []
Challenge: AIS-Lite
	--Tests Run: 5
	--Failures: 1 (<__main__.TestOperations testMethod=test_pov>, 'Traceback (most recent call last):\n  File "./src/unit_test.py", line 108, in test_pov\n    self.assertEqual(se.exception.code, 1)\nAssertionError: 0 != 1\n')
	--Errors: 0 []
Challenge: AIS-Lite
	--Tests Run: 5
	--Failures: 1 (<__main__.TestOperations testMethod=test_pov>, 'Traceback (most recent call last):\n  File "./src/unit_test.py", line 108, in test_pov\n    self.assertEqual(se.exception.code, 1)\nAssertionError: 0 != 1\n')
	--Errors: 0 []
Challenge: AIS-Lite
	--Tests Run: 5
	--Failures: 1 (<__main__.TestOperations testMethod=test_pov>, 'Traceback (most recent call last):\n  File "./src/unit_test.py", line 109, in test_pov\n    self.assertEqual(se.exception.code, 1)\nAssertionError: 0 != 1\n')
	--Errors: 0 []
Challenge: AIS-Lite
	--Tests Run: 5
	--Failures: 0 
	--Errors: 0 []
